data read in complete: 26.0156
Gamma=5.6e-04 and Lambda=1.0e-12
crossval done: 0.8594
Gamma=5.6e-04 and Lambda=1.0e-10
crossval done: 0.1719
Gamma=5.6e-04 and Lambda=1.0e-08
crossval done: 0.1406
Gamma=5.6e-04 and Lambda=1.0e-06
crossval done: 0.1562
Gamma=5.6e-04 and Lambda=1.0e-04
crossval done: 0.1719
Gamma=7.0e-04 and Lambda=1.0e-12
crossval done: 0.1406
Gamma=7.0e-04 and Lambda=1.0e-10
crossval done: 0.1406
Gamma=7.0e-04 and Lambda=1.0e-08
crossval done: 0.1250
Gamma=7.0e-04 and Lambda=1.0e-06
crossval done: 0.1406
Gamma=7.0e-04 and Lambda=1.0e-04
crossval done: 0.2188
Gamma=8.8e-04 and Lambda=1.0e-12
crossval done: 0.1094
Gamma=8.8e-04 and Lambda=1.0e-10
crossval done: 0.1250
Gamma=8.8e-04 and Lambda=1.0e-08
crossval done: 0.1875
Gamma=8.8e-04 and Lambda=1.0e-06
crossval done: 0.1562
Gamma=8.8e-04 and Lambda=1.0e-04
crossval done: 0.1875
Gamma=1.1e-03 and Lambda=1.0e-12
crossval done: 0.1406
Gamma=1.1e-03 and Lambda=1.0e-10
crossval done: 0.1875
Gamma=1.1e-03 and Lambda=1.0e-08
crossval done: 0.1406
Gamma=1.1e-03 and Lambda=1.0e-06
crossval done: 0.1719
Gamma=1.1e-03 and Lambda=1.0e-04
crossval done: 0.1562
Gamma=1.4e-03 and Lambda=1.0e-12
crossval done: 0.1719
Gamma=1.4e-03 and Lambda=1.0e-10
crossval done: 0.1406
Gamma=1.4e-03 and Lambda=1.0e-08
crossval done: 0.1406
Gamma=1.4e-03 and Lambda=1.0e-06
crossval done: 0.1719
Gamma=1.4e-03 and Lambda=1.0e-04
crossval done: 0.1719
Gamma=1.8e-03 and Lambda=1.0e-12
crossval done: 0.1562
Gamma=1.8e-03 and Lambda=1.0e-10
crossval done: 0.1562
Gamma=1.8e-03 and Lambda=1.0e-08
crossval done: 0.1406
Gamma=1.8e-03 and Lambda=1.0e-06
crossval done: 0.1719
Gamma=1.8e-03 and Lambda=1.0e-04
crossval done: 0.1094
Gamma=2.2e-03 and Lambda=1.0e-12
crossval done: 0.1562
Gamma=2.2e-03 and Lambda=1.0e-10
crossval done: 0.1562
Gamma=2.2e-03 and Lambda=1.0e-08
crossval done: 0.1250
Gamma=2.2e-03 and Lambda=1.0e-06
crossval done: 0.1719
Gamma=2.2e-03 and Lambda=1.0e-04
crossval done: 0.1094
Gamma=2.8e-03 and Lambda=1.0e-12
crossval done: 0.1406
Gamma=2.8e-03 and Lambda=1.0e-10
crossval done: 0.1250
Gamma=2.8e-03 and Lambda=1.0e-08
crossval done: 0.1250
Gamma=2.8e-03 and Lambda=1.0e-06
crossval done: 0.1562
Gamma=2.8e-03 and Lambda=1.0e-04
crossval done: 0.2344
Gamma=3.5e-03 and Lambda=1.0e-12
crossval done: 0.1875
Gamma=3.5e-03 and Lambda=1.0e-10
crossval done: 0.1562
Gamma=3.5e-03 and Lambda=1.0e-08
crossval done: 0.1562
Gamma=3.5e-03 and Lambda=1.0e-06
crossval done: 0.1406
Gamma=3.5e-03 and Lambda=1.0e-04
crossval done: 0.1562
Gamma=4.4e-03 and Lambda=1.0e-12
crossval done: 0.1250
Gamma=4.4e-03 and Lambda=1.0e-10
crossval done: 0.1250
Gamma=4.4e-03 and Lambda=1.0e-08
crossval done: 0.1406
Gamma=4.4e-03 and Lambda=1.0e-06
crossval done: 0.1562
Gamma=4.4e-03 and Lambda=1.0e-04
crossval done: 0.1562
best model trained: 1.3750
test done: 1.3125
Best Gamma = 7.0e-04
Best Lambda = 1.0e-12
Classification Accuracy = 0.852
Gamma    Lambda    score
5.6e-04  1.0e-12    0.8769
5.6e-04  1.0e-10    0.8769
5.6e-04  1.0e-08    0.8769
5.6e-04  1.0e-06    0.8769
5.6e-04  1.0e-04    0.8779
7.0e-04  1.0e-12    0.8788
7.0e-04  1.0e-10    0.8788
7.0e-04  1.0e-08    0.8788
7.0e-04  1.0e-06    0.8788
7.0e-04  1.0e-04    0.8768
8.8e-04  1.0e-12    0.8738
8.8e-04  1.0e-10    0.8738
8.8e-04  1.0e-08    0.8738
8.8e-04  1.0e-06    0.8738
8.8e-04  1.0e-04    0.8738
1.1e-03  1.0e-12    0.8687
1.1e-03  1.0e-10    0.8687
1.1e-03  1.0e-08    0.8687
1.1e-03  1.0e-06    0.8687
1.1e-03  1.0e-04    0.8687
1.4e-03  1.0e-12    0.8657
1.4e-03  1.0e-10    0.8657
1.4e-03  1.0e-08    0.8657
1.4e-03  1.0e-06    0.8657
1.4e-03  1.0e-04    0.8657
1.8e-03  1.0e-12    0.8658
1.8e-03  1.0e-10    0.8658
1.8e-03  1.0e-08    0.8658
1.8e-03  1.0e-06    0.8658
1.8e-03  1.0e-04    0.8658
2.2e-03  1.0e-12    0.8538
2.2e-03  1.0e-10    0.8538
2.2e-03  1.0e-08    0.8538
2.2e-03  1.0e-06    0.8538
2.2e-03  1.0e-04    0.8538
2.8e-03  1.0e-12    0.8288
2.8e-03  1.0e-10    0.8288
2.8e-03  1.0e-08    0.8288
2.8e-03  1.0e-06    0.8288
2.8e-03  1.0e-04    0.8288
3.5e-03  1.0e-12    0.8108
3.5e-03  1.0e-10    0.8108
3.5e-03  1.0e-08    0.8108
3.5e-03  1.0e-06    0.8108
3.5e-03  1.0e-04    0.8108
4.4e-03  1.0e-12    0.7918
4.4e-03  1.0e-10    0.7918
4.4e-03  1.0e-08    0.7918
4.4e-03  1.0e-06    0.7918
4.4e-03  1.0e-04    0.7918
