data read in complete: 2.6747
Gamma=5.6e-04 and Lambda=1.0e-12
crossval done: 0.6852
Gamma=5.6e-04 and Lambda=1.0e-11
crossval done: 0.2535
Gamma=5.6e-04 and Lambda=1.0e-10
crossval done: 0.2509
Gamma=5.6e-04 and Lambda=1.0e-09
crossval done: 0.2568
Gamma=5.6e-04 and Lambda=1.0e-08
crossval done: 0.2516
Gamma=5.6e-04 and Lambda=1.0e-07
crossval done: 0.2519
Gamma=5.6e-04 and Lambda=1.0e-06
crossval done: 0.2468
Gamma=5.6e-04 and Lambda=1.0e-05
crossval done: 0.2542
Gamma=5.6e-04 and Lambda=1.0e-04
crossval done: 0.2526
Gamma=5.6e-04 and Lambda=1.0e-03
crossval done: 0.2504
Gamma=7.0e-04 and Lambda=1.0e-12
crossval done: 0.2543
Gamma=7.0e-04 and Lambda=1.0e-11
crossval done: 0.2491
Gamma=7.0e-04 and Lambda=1.0e-10
crossval done: 0.2552
Gamma=7.0e-04 and Lambda=1.0e-09
crossval done: 0.2571
Gamma=7.0e-04 and Lambda=1.0e-08
crossval done: 0.2587
Gamma=7.0e-04 and Lambda=1.0e-07
crossval done: 0.2540
Gamma=7.0e-04 and Lambda=1.0e-06
crossval done: 0.2712
Gamma=7.0e-04 and Lambda=1.0e-05
crossval done: 0.2532
Gamma=7.0e-04 and Lambda=1.0e-04
crossval done: 0.2564
Gamma=7.0e-04 and Lambda=1.0e-03
crossval done: 0.2600
Gamma=8.8e-04 and Lambda=1.0e-12
crossval done: 0.2522
Gamma=8.8e-04 and Lambda=1.0e-11
crossval done: 0.2550
Gamma=8.8e-04 and Lambda=1.0e-10
crossval done: 0.2506
Gamma=8.8e-04 and Lambda=1.0e-09
crossval done: 0.2486
Gamma=8.8e-04 and Lambda=1.0e-08
crossval done: 0.2533
Gamma=8.8e-04 and Lambda=1.0e-07
crossval done: 0.2573
Gamma=8.8e-04 and Lambda=1.0e-06
crossval done: 0.2585
Gamma=8.8e-04 and Lambda=1.0e-05
crossval done: 0.2538
Gamma=8.8e-04 and Lambda=1.0e-04
crossval done: 0.2497
Gamma=8.8e-04 and Lambda=1.0e-03
crossval done: 0.2550
Gamma=1.1e-03 and Lambda=1.0e-12
crossval done: 0.2559
Gamma=1.1e-03 and Lambda=1.0e-11
crossval done: 0.2527
Gamma=1.1e-03 and Lambda=1.0e-10
crossval done: 0.2498
Gamma=1.1e-03 and Lambda=1.0e-09
crossval done: 0.2521
Gamma=1.1e-03 and Lambda=1.0e-08
crossval done: 0.2594
Gamma=1.1e-03 and Lambda=1.0e-07
crossval done: 0.2524
Gamma=1.1e-03 and Lambda=1.0e-06
crossval done: 0.2542
Gamma=1.1e-03 and Lambda=1.0e-05
crossval done: 0.2522
Gamma=1.1e-03 and Lambda=1.0e-04
crossval done: 0.2491
Gamma=1.1e-03 and Lambda=1.0e-03
crossval done: 0.2499
Gamma=1.4e-03 and Lambda=1.0e-12
crossval done: 0.2584
Gamma=1.4e-03 and Lambda=1.0e-11
crossval done: 0.2552
Gamma=1.4e-03 and Lambda=1.0e-10
crossval done: 0.2521
Gamma=1.4e-03 and Lambda=1.0e-09
crossval done: 0.2517
Gamma=1.4e-03 and Lambda=1.0e-08
crossval done: 0.2772
Gamma=1.4e-03 and Lambda=1.0e-07
crossval done: 0.2561
Gamma=1.4e-03 and Lambda=1.0e-06
crossval done: 0.2500
Gamma=1.4e-03 and Lambda=1.0e-05
crossval done: 0.2529
Gamma=1.4e-03 and Lambda=1.0e-04
crossval done: 0.2530
Gamma=1.4e-03 and Lambda=1.0e-03
crossval done: 0.2548
Gamma=1.8e-03 and Lambda=1.0e-12
crossval done: 0.2583
Gamma=1.8e-03 and Lambda=1.0e-11
crossval done: 0.2563
Gamma=1.8e-03 and Lambda=1.0e-10
crossval done: 0.2554
Gamma=1.8e-03 and Lambda=1.0e-09
crossval done: 0.2524
Gamma=1.8e-03 and Lambda=1.0e-08
crossval done: 0.2585
Gamma=1.8e-03 and Lambda=1.0e-07
crossval done: 0.2553
Gamma=1.8e-03 and Lambda=1.0e-06
crossval done: 0.2505
Gamma=1.8e-03 and Lambda=1.0e-05
crossval done: 0.2601
Gamma=1.8e-03 and Lambda=1.0e-04
crossval done: 0.2541
Gamma=1.8e-03 and Lambda=1.0e-03
crossval done: 0.2581
Gamma=2.2e-03 and Lambda=1.0e-12
crossval done: 0.2749
Gamma=2.2e-03 and Lambda=1.0e-11
crossval done: 0.2537
Gamma=2.2e-03 and Lambda=1.0e-10
crossval done: 0.2574
Gamma=2.2e-03 and Lambda=1.0e-09
crossval done: 0.2557
Gamma=2.2e-03 and Lambda=1.0e-08
crossval done: 0.2632
Gamma=2.2e-03 and Lambda=1.0e-07
crossval done: 0.2546
Gamma=2.2e-03 and Lambda=1.0e-06
crossval done: 0.2574
Gamma=2.2e-03 and Lambda=1.0e-05
crossval done: 0.2524
Gamma=2.2e-03 and Lambda=1.0e-04
crossval done: 0.2549
Gamma=2.2e-03 and Lambda=1.0e-03
crossval done: 0.2593
Gamma=2.8e-03 and Lambda=1.0e-12
crossval done: 0.2523
Gamma=2.8e-03 and Lambda=1.0e-11
crossval done: 0.2657
Gamma=2.8e-03 and Lambda=1.0e-10
crossval done: 0.2556
Gamma=2.8e-03 and Lambda=1.0e-09
crossval done: 0.2545
Gamma=2.8e-03 and Lambda=1.0e-08
crossval done: 0.2789
Gamma=2.8e-03 and Lambda=1.0e-07
crossval done: 0.2505
Gamma=2.8e-03 and Lambda=1.0e-06
crossval done: 0.2531
Gamma=2.8e-03 and Lambda=1.0e-05
crossval done: 0.2547
Gamma=2.8e-03 and Lambda=1.0e-04
crossval done: 0.2516
Gamma=2.8e-03 and Lambda=1.0e-03
crossval done: 0.2591
Gamma=3.5e-03 and Lambda=1.0e-12
crossval done: 0.2536
Gamma=3.5e-03 and Lambda=1.0e-11
crossval done: 0.2544
Gamma=3.5e-03 and Lambda=1.0e-10
crossval done: 0.2539
Gamma=3.5e-03 and Lambda=1.0e-09
crossval done: 0.2566
Gamma=3.5e-03 and Lambda=1.0e-08
crossval done: 0.2536
Gamma=3.5e-03 and Lambda=1.0e-07
crossval done: 0.2532
Gamma=3.5e-03 and Lambda=1.0e-06
crossval done: 0.2585
Gamma=3.5e-03 and Lambda=1.0e-05
crossval done: 0.2556
Gamma=3.5e-03 and Lambda=1.0e-04
crossval done: 0.2528
Gamma=3.5e-03 and Lambda=1.0e-03
crossval done: 0.2341
Gamma=4.4e-03 and Lambda=1.0e-12
crossval done: 0.2529
Gamma=4.4e-03 and Lambda=1.0e-11
crossval done: 0.2569
Gamma=4.4e-03 and Lambda=1.0e-10
crossval done: 0.2532
Gamma=4.4e-03 and Lambda=1.0e-09
crossval done: 0.2516
Gamma=4.4e-03 and Lambda=1.0e-08
crossval done: 0.2558
Gamma=4.4e-03 and Lambda=1.0e-07
crossval done: 0.2587
Gamma=4.4e-03 and Lambda=1.0e-06
crossval done: 0.2573
Gamma=4.4e-03 and Lambda=1.0e-05
crossval done: 0.2625
Gamma=4.4e-03 and Lambda=1.0e-04
crossval done: 0.2578
Gamma=4.4e-03 and Lambda=1.0e-03
crossval done: 0.2618
best model trained: 1.8345
test done: 10.1474
Best Gamma = 7.0e-04
Best Lambda = 1.0e-12
Classification Accuracy = 0.8945
Gamma    Lambda    score
5.6e-04  1.0e-12    0.8769
5.6e-04  1.0e-11    0.8769
5.6e-04  1.0e-10    0.8769
5.6e-04  1.0e-09    0.8769
5.6e-04  1.0e-08    0.8769
5.6e-04  1.0e-07    0.8769
5.6e-04  1.0e-06    0.8769
5.6e-04  1.0e-05    0.8769
5.6e-04  1.0e-04    0.8779
5.6e-04  1.0e-03    0.8589
7.0e-04  1.0e-12    0.8788
7.0e-04  1.0e-11    0.8788
7.0e-04  1.0e-10    0.8788
7.0e-04  1.0e-09    0.8788
7.0e-04  1.0e-08    0.8788
7.0e-04  1.0e-07    0.8788
7.0e-04  1.0e-06    0.8788
7.0e-04  1.0e-05    0.8788
7.0e-04  1.0e-04    0.8768
7.0e-04  1.0e-03    0.8598
8.8e-04  1.0e-12    0.8738
8.8e-04  1.0e-11    0.8738
8.8e-04  1.0e-10    0.8738
8.8e-04  1.0e-09    0.8738
8.8e-04  1.0e-08    0.8738
8.8e-04  1.0e-07    0.8738
8.8e-04  1.0e-06    0.8738
8.8e-04  1.0e-05    0.8738
8.8e-04  1.0e-04    0.8738
8.8e-04  1.0e-03    0.8558
1.1e-03  1.0e-12    0.8687
1.1e-03  1.0e-11    0.8687
1.1e-03  1.0e-10    0.8687
1.1e-03  1.0e-09    0.8687
1.1e-03  1.0e-08    0.8687
1.1e-03  1.0e-07    0.8687
1.1e-03  1.0e-06    0.8687
1.1e-03  1.0e-05    0.8687
1.1e-03  1.0e-04    0.8687
1.1e-03  1.0e-03    0.8648
1.4e-03  1.0e-12    0.8657
1.4e-03  1.0e-11    0.8657
1.4e-03  1.0e-10    0.8657
1.4e-03  1.0e-09    0.8657
1.4e-03  1.0e-08    0.8657
1.4e-03  1.0e-07    0.8657
1.4e-03  1.0e-06    0.8657
1.4e-03  1.0e-05    0.8657
1.4e-03  1.0e-04    0.8657
1.4e-03  1.0e-03    0.8638
1.8e-03  1.0e-12    0.8658
1.8e-03  1.0e-11    0.8658
1.8e-03  1.0e-10    0.8658
1.8e-03  1.0e-09    0.8658
1.8e-03  1.0e-08    0.8658
1.8e-03  1.0e-07    0.8658
1.8e-03  1.0e-06    0.8658
1.8e-03  1.0e-05    0.8658
1.8e-03  1.0e-04    0.8658
1.8e-03  1.0e-03    0.8648
2.2e-03  1.0e-12    0.8538
2.2e-03  1.0e-11    0.8538
2.2e-03  1.0e-10    0.8538
2.2e-03  1.0e-09    0.8538
2.2e-03  1.0e-08    0.8538
2.2e-03  1.0e-07    0.8538
2.2e-03  1.0e-06    0.8538
2.2e-03  1.0e-05    0.8538
2.2e-03  1.0e-04    0.8538
2.2e-03  1.0e-03    0.8528
2.8e-03  1.0e-12    0.8288
2.8e-03  1.0e-11    0.8288
2.8e-03  1.0e-10    0.8288
2.8e-03  1.0e-09    0.8288
2.8e-03  1.0e-08    0.8288
2.8e-03  1.0e-07    0.8288
2.8e-03  1.0e-06    0.8288
2.8e-03  1.0e-05    0.8288
2.8e-03  1.0e-04    0.8288
2.8e-03  1.0e-03    0.8308
3.5e-03  1.0e-12    0.8108
3.5e-03  1.0e-11    0.8108
3.5e-03  1.0e-10    0.8108
3.5e-03  1.0e-09    0.8108
3.5e-03  1.0e-08    0.8108
3.5e-03  1.0e-07    0.8108
3.5e-03  1.0e-06    0.8108
3.5e-03  1.0e-05    0.8108
3.5e-03  1.0e-04    0.8108
3.5e-03  1.0e-03    0.8089
4.4e-03  1.0e-12    0.7918
4.4e-03  1.0e-11    0.7918
4.4e-03  1.0e-10    0.7918
4.4e-03  1.0e-09    0.7918
4.4e-03  1.0e-08    0.7918
4.4e-03  1.0e-07    0.7918
4.4e-03  1.0e-06    0.7918
4.4e-03  1.0e-05    0.7918
4.4e-03  1.0e-04    0.7918
4.4e-03  1.0e-03    0.7918
