data read in complete: 18.5449
feature pool generated: 0.3733
Gamma=1.5e-09 and Lambda=1.0e-08
features generated: 2.3059
data transformed: 1.2123
crossval done: 0.2818
Gamma=1.5e-09 and Lambda=1.0e-02
features generated: 2.9016
data transformed: 1.3420
crossval done: 0.3394
Gamma=1.5e-06 and Lambda=1.0e-08
features generated: 2.8329
data transformed: 1.2887
crossval done: 0.3366
Gamma=1.5e-06 and Lambda=1.0e-02
features generated: 3.0068
data transformed: 1.3353
crossval done: 0.3256
best model trained: 0.6158
test done: 0.0890
Classification Accuracy = 0.1021
Gamma    Lambda    score
1.5e-09  1.0e-08    0.0983
1.5e-09  1.0e-02    0.1010
1.5e-06  1.0e-08    0.1008
1.5e-06  1.0e-02    0.1003
