data read in complete: 5.5399
Gamma=1.0e-03 and Lambda=1.0e-12
features generated: 6.3166
data transformed: 1.7188
training done: 0.4056
testing done: 0.7781
Gamma=1.0e-03 and Lambda=1.0e-11
features generated: 6.3151
data transformed: 1.7241
training done: 0.3723
testing done: 0.7784
Gamma=1.0e-03 and Lambda=1.0e-10
features generated: 6.3448
data transformed: 1.6793
training done: 0.5438
testing done: 0.7480
Gamma=1.0e-03 and Lambda=1.0e-09
features generated: 6.3317
data transformed: 1.6849
training done: 0.4170
testing done: 0.7625
Gamma=1.0e-03 and Lambda=1.0e-08
features generated: 6.3171
data transformed: 1.6788
training done: 0.5339
testing done: 0.7784
Gamma=1.0e-03 and Lambda=1.0e-07
features generated: 6.3869
data transformed: 1.6949
training done: 1.4520
testing done: 0.8006
Gamma=1.0e-03 and Lambda=1.0e-06
features generated: 6.5598
data transformed: 1.7334
training done: 1.3409
testing done: 0.7751
Gamma=1.0e-03 and Lambda=1.0e-05
features generated: 6.4517
data transformed: 1.7172
training done: 1.1491
testing done: 0.7679
Gamma=1.0e-03 and Lambda=1.0e-04
features generated: 6.3323
data transformed: 1.6883
training done: 0.5843
testing done: 0.7784
Gamma=1.0e-03 and Lambda=1.0e-03
features generated: 6.2579
data transformed: 1.6838
training done: 0.3379
testing done: 0.7864
Best Gamma = 1.0e-03
Best Lambda = 1.0e-05
Classification Accuracy = 0.7714232139508719
Gamma    Lambda    score
1.0e-03  1.0e-12    0.7939
1.0e-03  1.0e-11    0.8099
1.0e-03  1.0e-10    0.7559
1.0e-03  1.0e-09    0.7705
1.0e-03  1.0e-08    0.7864
1.0e-03  1.0e-07    0.8020
1.0e-03  1.0e-06    0.7962
1.0e-03  1.0e-05    0.8481
1.0e-03  1.0e-04    0.8284
1.0e-03  1.0e-03    0.7714
