data read in complete: 14.7973
feature pool generated: 1.4948
Gamma=5.6e-04 and Lambda=1.0e-12
features generated: 12.7074
data transformed: 1.1229
crossval done: 0.5127
feature pool generated: 0.4472
Gamma=5.6e-04 and Lambda=1.0e-11
features generated: 12.1802
data transformed: 1.0992
crossval done: 0.5070
feature pool generated: 0.4514
Gamma=5.6e-04 and Lambda=1.0e-10
features generated: 12.3146
data transformed: 1.1031
crossval done: 0.5115
feature pool generated: 0.4494
Gamma=5.6e-04 and Lambda=1.0e-09
features generated: 12.2255
data transformed: 1.1013
crossval done: 0.5051
feature pool generated: 0.4503
Gamma=5.6e-04 and Lambda=1.0e-08
features generated: 12.1946
data transformed: 1.1098
crossval done: 0.5098
feature pool generated: 0.4506
Gamma=5.6e-04 and Lambda=1.0e-07
features generated: 12.1831
data transformed: 1.0996
crossval done: 0.5104
feature pool generated: 0.4494
Gamma=5.6e-04 and Lambda=1.0e-06
features generated: 12.1813
data transformed: 1.1009
crossval done: 0.5094
feature pool generated: 0.4507
Gamma=5.6e-04 and Lambda=1.0e-05
features generated: 12.3055
data transformed: 1.1010
crossval done: 0.5145
feature pool generated: 0.4501
Gamma=5.6e-04 and Lambda=1.0e-04
features generated: 12.2037
data transformed: 1.1018
crossval done: 0.5140
feature pool generated: 0.4497
Gamma=5.6e-04 and Lambda=1.0e-03
features generated: 12.1923
data transformed: 1.1030
crossval done: 0.5104
feature pool generated: 0.4506
Gamma=7.0e-04 and Lambda=1.0e-12
features generated: 12.2283
data transformed: 1.1018
crossval done: 0.5114
feature pool generated: 0.4499
Gamma=7.0e-04 and Lambda=1.0e-11
features generated: 12.2228
data transformed: 1.1030
crossval done: 0.5088
feature pool generated: 0.4504
Gamma=7.0e-04 and Lambda=1.0e-10
features generated: 12.2406
data transformed: 1.1024
crossval done: 0.5125
feature pool generated: 0.4522
Gamma=7.0e-04 and Lambda=1.0e-09
features generated: 12.2510
data transformed: 1.1024
crossval done: 0.5145
feature pool generated: 0.4527
Gamma=7.0e-04 and Lambda=1.0e-08
features generated: 12.2393
data transformed: 1.1015
crossval done: 0.5141
feature pool generated: 0.4525
Gamma=7.0e-04 and Lambda=1.0e-07
features generated: 12.2480
data transformed: 1.1073
crossval done: 0.5207
feature pool generated: 0.4529
Gamma=7.0e-04 and Lambda=1.0e-06
features generated: 12.2728
data transformed: 1.1020
crossval done: 0.5140
feature pool generated: 0.4524
Gamma=7.0e-04 and Lambda=1.0e-05
features generated: 12.2400
data transformed: 1.1011
crossval done: 0.5159
feature pool generated: 0.4525
Gamma=7.0e-04 and Lambda=1.0e-04
features generated: 12.2166
data transformed: 1.1049
crossval done: 0.5141
feature pool generated: 0.4489
Gamma=7.0e-04 and Lambda=1.0e-03
features generated: 12.2343
data transformed: 1.1012
crossval done: 0.5072
feature pool generated: 0.4491
Gamma=8.8e-04 and Lambda=1.0e-12
features generated: 12.2126
data transformed: 1.1055
crossval done: 0.5094
feature pool generated: 0.4492
Gamma=8.8e-04 and Lambda=1.0e-11
features generated: 12.2011
data transformed: 1.1045
crossval done: 0.5083
feature pool generated: 0.4485
Gamma=8.8e-04 and Lambda=1.0e-10
features generated: 12.2377
data transformed: 1.1053
crossval done: 0.5063
feature pool generated: 0.4487
Gamma=8.8e-04 and Lambda=1.0e-09
features generated: 12.2158
data transformed: 1.1084
crossval done: 0.5097
feature pool generated: 0.4501
Gamma=8.8e-04 and Lambda=1.0e-08
features generated: 12.2021
data transformed: 1.1027
crossval done: 0.5136
feature pool generated: 0.4487
Gamma=8.8e-04 and Lambda=1.0e-07
features generated: 12.2419
data transformed: 1.1045
crossval done: 0.5113
feature pool generated: 0.4497
Gamma=8.8e-04 and Lambda=1.0e-06
features generated: 12.2276
data transformed: 1.1052
crossval done: 0.5132
feature pool generated: 0.4501
Gamma=8.8e-04 and Lambda=1.0e-05
features generated: 12.2212
data transformed: 1.1051
crossval done: 0.5138
feature pool generated: 0.4495
Gamma=8.8e-04 and Lambda=1.0e-04
features generated: 12.2622
data transformed: 1.1058
crossval done: 0.5107
feature pool generated: 0.4499
Gamma=8.8e-04 and Lambda=1.0e-03
features generated: 12.2336
data transformed: 1.1036
crossval done: 0.5122
feature pool generated: 0.4507
Gamma=1.1e-03 and Lambda=1.0e-12
features generated: 12.2284
data transformed: 1.1049
crossval done: 0.5142
feature pool generated: 0.4506
Gamma=1.1e-03 and Lambda=1.0e-11
features generated: 12.2718
data transformed: 1.1027
crossval done: 0.5108
feature pool generated: 0.4503
Gamma=1.1e-03 and Lambda=1.0e-10
features generated: 12.2190
data transformed: 1.1060
crossval done: 0.5112
feature pool generated: 0.4493
Gamma=1.1e-03 and Lambda=1.0e-09
features generated: 12.2329
data transformed: 1.1044
crossval done: 0.5099
feature pool generated: 0.4491
Gamma=1.1e-03 and Lambda=1.0e-08
features generated: 12.2066
data transformed: 1.1037
crossval done: 0.5106
feature pool generated: 0.4495
Gamma=1.1e-03 and Lambda=1.0e-07
features generated: 12.2426
data transformed: 1.1041
crossval done: 0.5099
feature pool generated: 0.4492
Gamma=1.1e-03 and Lambda=1.0e-06
features generated: 12.2371
data transformed: 1.1051
crossval done: 0.5068
feature pool generated: 0.4495
Gamma=1.1e-03 and Lambda=1.0e-05
features generated: 12.2488
data transformed: 1.1032
crossval done: 0.5108
feature pool generated: 0.4489
Gamma=1.1e-03 and Lambda=1.0e-04
features generated: 12.2456
data transformed: 1.1047
crossval done: 0.5092
feature pool generated: 0.4512
Gamma=1.1e-03 and Lambda=1.0e-03
features generated: 12.2932
data transformed: 1.1047
crossval done: 0.5136
feature pool generated: 0.4509
Gamma=1.4e-03 and Lambda=1.0e-12
features generated: 12.3536
data transformed: 1.1072
crossval done: 0.5148
feature pool generated: 0.4506
Gamma=1.4e-03 and Lambda=1.0e-11
features generated: 12.2765
data transformed: 1.1085
crossval done: 0.5126
feature pool generated: 0.4514
Gamma=1.4e-03 and Lambda=1.0e-10
features generated: 12.2690
data transformed: 1.1087
crossval done: 0.5143
feature pool generated: 0.4512
Gamma=1.4e-03 and Lambda=1.0e-09
features generated: 12.2485
data transformed: 1.1075
crossval done: 0.5130
feature pool generated: 0.4508
Gamma=1.4e-03 and Lambda=1.0e-08
features generated: 12.2405
data transformed: 1.1077
crossval done: 0.5106
feature pool generated: 0.4512
Gamma=1.4e-03 and Lambda=1.0e-07
features generated: 12.2439
data transformed: 1.1074
crossval done: 0.5121
feature pool generated: 0.4502
Gamma=1.4e-03 and Lambda=1.0e-06
features generated: 12.2554
data transformed: 1.1068
crossval done: 0.5102
feature pool generated: 0.4503
Gamma=1.4e-03 and Lambda=1.0e-05
features generated: 12.2689
data transformed: 1.1082
crossval done: 0.5149
feature pool generated: 0.4506
Gamma=1.4e-03 and Lambda=1.0e-04
features generated: 12.2517
data transformed: 1.1067
crossval done: 0.5137
feature pool generated: 0.4501
Gamma=1.4e-03 and Lambda=1.0e-03
features generated: 12.2931
data transformed: 1.1075
crossval done: 0.5136
feature pool generated: 0.4497
Gamma=1.8e-03 and Lambda=1.0e-12
features generated: 12.3087
data transformed: 1.1088
crossval done: 0.5109
feature pool generated: 0.4501
Gamma=1.8e-03 and Lambda=1.0e-11
features generated: 12.2611
data transformed: 1.1091
crossval done: 0.5106
feature pool generated: 0.4494
Gamma=1.8e-03 and Lambda=1.0e-10
features generated: 12.3028
data transformed: 1.1087
crossval done: 0.5079
feature pool generated: 0.4501
Gamma=1.8e-03 and Lambda=1.0e-09
features generated: 12.2804
data transformed: 1.1098
crossval done: 0.5137
feature pool generated: 0.4515
Gamma=1.8e-03 and Lambda=1.0e-08
features generated: 12.2993
data transformed: 1.1155
crossval done: 0.5204
feature pool generated: 0.4531
Gamma=1.8e-03 and Lambda=1.0e-07
features generated: 12.2611
data transformed: 1.1087
crossval done: 0.5139
feature pool generated: 0.4523
Gamma=1.8e-03 and Lambda=1.0e-06
features generated: 12.2695
data transformed: 1.1097
crossval done: 0.5173
feature pool generated: 0.4520
Gamma=1.8e-03 and Lambda=1.0e-05
features generated: 12.2604
data transformed: 1.1078
crossval done: 0.5152
feature pool generated: 0.4519
Gamma=1.8e-03 and Lambda=1.0e-04
features generated: 12.2381
data transformed: 1.1105
crossval done: 0.5157
feature pool generated: 0.4519
Gamma=1.8e-03 and Lambda=1.0e-03
features generated: 12.2877
data transformed: 1.1092
crossval done: 0.5133
feature pool generated: 0.4514
Gamma=2.2e-03 and Lambda=1.0e-12
features generated: 12.2502
data transformed: 1.1142
crossval done: 0.5145
feature pool generated: 0.4511
Gamma=2.2e-03 and Lambda=1.0e-11
features generated: 12.2875
data transformed: 1.1142
crossval done: 0.5149
feature pool generated: 0.4503
Gamma=2.2e-03 and Lambda=1.0e-10
features generated: 12.3202
data transformed: 1.1138
crossval done: 0.5147
feature pool generated: 0.4509
Gamma=2.2e-03 and Lambda=1.0e-09
features generated: 12.2959
data transformed: 1.1130
crossval done: 0.5139
feature pool generated: 0.4503
Gamma=2.2e-03 and Lambda=1.0e-08
features generated: 12.2848
data transformed: 1.1138
crossval done: 0.5123
feature pool generated: 0.4498
Gamma=2.2e-03 and Lambda=1.0e-07
features generated: 12.2656
data transformed: 1.1169
crossval done: 0.5121
feature pool generated: 0.4489
Gamma=2.2e-03 and Lambda=1.0e-06
features generated: 12.3153
data transformed: 1.1126
crossval done: 0.5055
feature pool generated: 0.4506
Gamma=2.2e-03 and Lambda=1.0e-05
features generated: 12.3103
data transformed: 1.1117
crossval done: 0.5125
feature pool generated: 0.4518
Gamma=2.2e-03 and Lambda=1.0e-04
features generated: 12.2975
data transformed: 1.1133
crossval done: 0.5118
feature pool generated: 0.4506
Gamma=2.2e-03 and Lambda=1.0e-03
features generated: 12.2905
data transformed: 1.1108
crossval done: 0.5095
feature pool generated: 0.4519
Gamma=2.8e-03 and Lambda=1.0e-12
features generated: 12.2814
data transformed: 1.1137
crossval done: 0.5117
feature pool generated: 0.4500
Gamma=2.8e-03 and Lambda=1.0e-11
features generated: 12.2987
data transformed: 1.1154
crossval done: 0.5092
feature pool generated: 0.4485
Gamma=2.8e-03 and Lambda=1.0e-10
features generated: 12.2624
data transformed: 1.1141
crossval done: 0.5065
feature pool generated: 0.4495
Gamma=2.8e-03 and Lambda=1.0e-09
features generated: 12.2757
data transformed: 1.1144
crossval done: 0.5076
feature pool generated: 0.4488
Gamma=2.8e-03 and Lambda=1.0e-08
features generated: 12.2773
data transformed: 1.1153
crossval done: 0.5053
feature pool generated: 0.4506
Gamma=2.8e-03 and Lambda=1.0e-07
features generated: 12.2852
data transformed: 1.1139
crossval done: 0.5122
feature pool generated: 0.4516
Gamma=2.8e-03 and Lambda=1.0e-06
features generated: 12.2361
data transformed: 1.1140
crossval done: 0.5122
feature pool generated: 0.4525
Gamma=2.8e-03 and Lambda=1.0e-05
features generated: 12.2775
data transformed: 1.1617
crossval done: 0.5220
feature pool generated: 0.4531
Gamma=2.8e-03 and Lambda=1.0e-04
features generated: 12.3830
data transformed: 1.1155
crossval done: 0.5147
feature pool generated: 0.4522
Gamma=2.8e-03 and Lambda=1.0e-03
features generated: 12.2743
data transformed: 1.1129
crossval done: 0.5162
feature pool generated: 0.4534
Gamma=3.5e-03 and Lambda=1.0e-12
features generated: 12.2827
data transformed: 1.1176
crossval done: 0.5146
feature pool generated: 0.4496
Gamma=3.5e-03 and Lambda=1.0e-11
features generated: 12.3002
data transformed: 1.1164
crossval done: 0.5093
feature pool generated: 0.4500
Gamma=3.5e-03 and Lambda=1.0e-10
features generated: 12.2909
data transformed: 1.1184
crossval done: 0.5093
feature pool generated: 0.4493
Gamma=3.5e-03 and Lambda=1.0e-09
features generated: 12.2599
data transformed: 1.1148
crossval done: 0.5103
feature pool generated: 0.4510
Gamma=3.5e-03 and Lambda=1.0e-08
features generated: 12.2797
data transformed: 1.1166
crossval done: 0.5130
feature pool generated: 0.4505
Gamma=3.5e-03 and Lambda=1.0e-07
features generated: 12.3318
data transformed: 1.1184
crossval done: 0.5066
feature pool generated: 0.4510
Gamma=3.5e-03 and Lambda=1.0e-06
features generated: 12.2644
data transformed: 1.1162
crossval done: 0.5121
feature pool generated: 0.4509
Gamma=3.5e-03 and Lambda=1.0e-05
features generated: 12.3329
data transformed: 1.1170
crossval done: 0.5118
feature pool generated: 0.4509
Gamma=3.5e-03 and Lambda=1.0e-04
features generated: 12.3233
data transformed: 1.1163
crossval done: 0.5104
feature pool generated: 0.4499
Gamma=3.5e-03 and Lambda=1.0e-03
features generated: 12.2926
data transformed: 1.1149
crossval done: 0.5168
feature pool generated: 0.4505
Gamma=4.4e-03 and Lambda=1.0e-12
features generated: 12.3128
data transformed: 1.1204
crossval done: 0.5205
feature pool generated: 0.4493
Gamma=4.4e-03 and Lambda=1.0e-11
features generated: 12.2834
data transformed: 1.1210
crossval done: 0.5149
feature pool generated: 0.4484
Gamma=4.4e-03 and Lambda=1.0e-10
features generated: 12.2955
data transformed: 1.1214
crossval done: 0.5153
feature pool generated: 0.4506
Gamma=4.4e-03 and Lambda=1.0e-09
features generated: 12.3015
data transformed: 1.1224
crossval done: 0.5228
feature pool generated: 0.4487
Gamma=4.4e-03 and Lambda=1.0e-08
features generated: 12.3100
data transformed: 1.1208
crossval done: 0.5160
feature pool generated: 0.4502
Gamma=4.4e-03 and Lambda=1.0e-07
features generated: 12.2994
data transformed: 1.1214
crossval done: 0.5212
feature pool generated: 0.4529
Gamma=4.4e-03 and Lambda=1.0e-06
features generated: 12.2811
data transformed: 1.1217
crossval done: 0.5200
feature pool generated: 0.4468
Gamma=4.4e-03 and Lambda=1.0e-05
features generated: 12.2801
data transformed: 1.1212
crossval done: 0.5092
feature pool generated: 0.4500
Gamma=4.4e-03 and Lambda=1.0e-04
features generated: 12.3158
data transformed: 1.1204
crossval done: 0.5196
feature pool generated: 0.4501
Gamma=4.4e-03 and Lambda=1.0e-03
features generated: 12.2692
data transformed: 1.1220
crossval done: 0.5170
best model trained: 36.9626
test done: 0.0870
Best Gamma = 3.5e-03
Best Lambda = 1.0e-03
Classification Accuracy = 0.8698
Gamma    Lambda    score
5.6e-04  1.0e-12    0.7197
5.6e-04  1.0e-11    0.7379
5.6e-04  1.0e-10    0.7062
5.6e-04  1.0e-09    0.7515
5.6e-04  1.0e-08    0.6955
5.6e-04  1.0e-07    0.7481
5.6e-04  1.0e-06    0.7165
5.6e-04  1.0e-05    0.7899
5.6e-04  1.0e-04    0.7779
5.6e-04  1.0e-03    0.7947
7.0e-04  1.0e-12    0.7366
7.0e-04  1.0e-11    0.7537
7.0e-04  1.0e-10    0.7759
7.0e-04  1.0e-09    0.7586
7.0e-04  1.0e-08    0.7717
7.0e-04  1.0e-07    0.7136
7.0e-04  1.0e-06    0.7530
7.0e-04  1.0e-05    0.7920
7.0e-04  1.0e-04    0.7733
7.0e-04  1.0e-03    0.7968
8.8e-04  1.0e-12    0.7781
8.8e-04  1.0e-11    0.7828
8.8e-04  1.0e-10    0.7606
8.8e-04  1.0e-09    0.8026
8.8e-04  1.0e-08    0.7729
8.8e-04  1.0e-07    0.8095
8.8e-04  1.0e-06    0.6886
8.8e-04  1.0e-05    0.7498
8.8e-04  1.0e-04    0.8119
8.8e-04  1.0e-03    0.7915
1.1e-03  1.0e-12    0.7468
1.1e-03  1.0e-11    0.7876
1.1e-03  1.0e-10    0.7780
1.1e-03  1.0e-09    0.7908
1.1e-03  1.0e-08    0.8165
1.1e-03  1.0e-07    0.7805
1.1e-03  1.0e-06    0.7453
1.1e-03  1.0e-05    0.8009
1.1e-03  1.0e-04    0.8138
1.1e-03  1.0e-03    0.8206
1.4e-03  1.0e-12    0.7941
1.4e-03  1.0e-11    0.7899
1.4e-03  1.0e-10    0.8189
1.4e-03  1.0e-09    0.8118
1.4e-03  1.0e-08    0.7941
1.4e-03  1.0e-07    0.8078
1.4e-03  1.0e-06    0.8087
1.4e-03  1.0e-05    0.8066
1.4e-03  1.0e-04    0.7874
1.4e-03  1.0e-03    0.8198
1.8e-03  1.0e-12    0.7939
1.8e-03  1.0e-11    0.8119
1.8e-03  1.0e-10    0.7976
1.8e-03  1.0e-09    0.7553
1.8e-03  1.0e-08    0.7907
1.8e-03  1.0e-07    0.7947
1.8e-03  1.0e-06    0.7870
1.8e-03  1.0e-05    0.8013
1.8e-03  1.0e-04    0.8016
1.8e-03  1.0e-03    0.8267
2.2e-03  1.0e-12    0.8077
2.2e-03  1.0e-11    0.8166
2.2e-03  1.0e-10    0.7789
2.2e-03  1.0e-09    0.8049
2.2e-03  1.0e-08    0.8086
2.2e-03  1.0e-07    0.8327
2.2e-03  1.0e-06    0.7577
2.2e-03  1.0e-05    0.7949
2.2e-03  1.0e-04    0.8249
2.2e-03  1.0e-03    0.8241
2.8e-03  1.0e-12    0.8079
2.8e-03  1.0e-11    0.7935
2.8e-03  1.0e-10    0.7987
2.8e-03  1.0e-09    0.8170
2.8e-03  1.0e-08    0.8299
2.8e-03  1.0e-07    0.8128
2.8e-03  1.0e-06    0.8190
2.8e-03  1.0e-05    0.7968
2.8e-03  1.0e-04    0.8000
2.8e-03  1.0e-03    0.8317
3.5e-03  1.0e-12    0.8067
3.5e-03  1.0e-11    0.8108
3.5e-03  1.0e-10    0.8079
3.5e-03  1.0e-09    0.7816
3.5e-03  1.0e-08    0.7868
3.5e-03  1.0e-07    0.8045
3.5e-03  1.0e-06    0.7876
3.5e-03  1.0e-05    0.7655
3.5e-03  1.0e-04    0.7777
3.5e-03  1.0e-03    0.8327
4.4e-03  1.0e-12    0.7608
4.4e-03  1.0e-11    0.7996
4.4e-03  1.0e-10    0.8037
4.4e-03  1.0e-09    0.7911
4.4e-03  1.0e-08    0.7848
4.4e-03  1.0e-07    0.7916
4.4e-03  1.0e-06    0.7727
4.4e-03  1.0e-05    0.7570
4.4e-03  1.0e-04    0.7899
4.4e-03  1.0e-03    0.8147
