data read in complete: 17.6463
Gamma=1.0e-03 and Lambda=1.0e-12
features generated: 10.2812
data transformed: 5.9100
training done: 2.4778
testing done: 1.3421
Gamma=1.0e-03 and Lambda=1.0e-11
features generated: 10.3725
data transformed: 6.1661
training done: 2.3900
testing done: 1.3671
Gamma=1.0e-03 and Lambda=1.0e-10
features generated: 10.3397
data transformed: 5.9674
training done: 2.3600
testing done: 1.3689
Gamma=1.0e-03 and Lambda=1.0e-09
features generated: 10.3096
data transformed: 6.0048
training done: 3.4707
testing done: 1.3837
Gamma=1.0e-03 and Lambda=1.0e-08
features generated: 10.6877
data transformed: 5.9840
training done: 8.4449
testing done: 1.5820
Gamma=1.0e-03 and Lambda=1.0e-07
features generated: 11.1166
data transformed: 6.0095
training done: 13.6146
testing done: 1.6222
Gamma=1.0e-03 and Lambda=1.0e-06
features generated: 10.6655
data transformed: 6.1022
training done: 10.4037
testing done: 1.5566
Gamma=1.0e-03 and Lambda=1.0e-05
features generated: 10.4158
data transformed: 6.0860
training done: 4.2009
testing done: 1.3349
Gamma=1.0e-03 and Lambda=1.0e-04
features generated: 10.5748
data transformed: 5.9078
training done: 2.2274
testing done: 1.3592
Gamma=1.0e-03 and Lambda=1.0e-03
features generated: 10.0380
data transformed: 5.7585
training done: 1.5518
testing done: 1.4543
Best Gamma = 1.0e-03
Best Lambda = 1.0e-05
Classification Accuracy = 0.8526
Gamma    Lambda    score
1.0e-03  1.0e-12    0.8826
1.0e-03  1.0e-11    0.8868
1.0e-03  1.0e-10    0.8856
1.0e-03  1.0e-09    0.8954
1.0e-03  1.0e-08    0.9052
1.0e-03  1.0e-07    0.8988
1.0e-03  1.0e-06    0.9057
1.0e-03  1.0e-05    0.9124
1.0e-03  1.0e-04    0.9011
1.0e-03  1.0e-03    0.8526
