data read in complete: 1.0035
Gamma=1.0e-03 and Lambda=1.0e-12
features generated: 0.1243
data transformed: 0.0776
training done: 0.3183
testing done: 0.0274
Gamma=1.0e-03 and Lambda=1.0e-11
features generated: 0.1536
data transformed: 0.0950
training done: 0.3205
testing done: 0.0262
Gamma=1.0e-03 and Lambda=1.0e-10
features generated: 0.1638
data transformed: 0.0949
training done: 0.3190
testing done: 0.0289
Gamma=1.0e-03 and Lambda=1.0e-09
features generated: 0.1513
data transformed: 0.0957
training done: 0.3166
testing done: 0.0317
Gamma=1.0e-03 and Lambda=1.0e-08
features generated: 0.1577
data transformed: 0.0911
training done: 0.3053
testing done: 0.0292
Gamma=1.0e-03 and Lambda=1.0e-07
features generated: 0.1481
data transformed: 0.0985
training done: 0.3199
testing done: 0.0276
Gamma=1.0e-03 and Lambda=1.0e-06
features generated: 0.1539
data transformed: 0.0959
training done: 0.3285
testing done: 0.0287
Gamma=1.0e-03 and Lambda=1.0e-05
features generated: 0.1535
data transformed: 0.1028
training done: 0.3539
testing done: 0.0289
Gamma=1.0e-03 and Lambda=1.0e-04
features generated: 0.1597
data transformed: 0.1069
training done: 0.3687
testing done: 0.0331
Gamma=1.0e-03 and Lambda=1.0e-03
features generated: 0.1818
data transformed: 0.1233
training done: 0.3703
testing done: 0.0354
Best Gamma = 1.0e-03
Best Lambda = 1.0e-05
Classification Accuracy = 0.2586605080831409
Gamma    Lambda    score
1.0e-03  1.0e-12    0.2136
1.0e-03  1.0e-11    0.2321
1.0e-03  1.0e-10    0.1975
1.0e-03  1.0e-09    0.2667
1.0e-03  1.0e-08    0.2321
1.0e-03  1.0e-07    0.1848
1.0e-03  1.0e-06    0.2656
1.0e-03  1.0e-05    0.4273
1.0e-03  1.0e-04    0.3441
1.0e-03  1.0e-03    0.2587
