data read in complete: 12.1362
Gamma=1.0e-03 and Lambda=1.0e-12
features generated: 8.9195
data transformed: 3.7379
training done: 1.6771
testing done: 1.2676
Gamma=1.0e-03 and Lambda=1.0e-11
features generated: 8.8352
data transformed: 3.7587
training done: 1.6721
testing done: 1.2620
Gamma=1.0e-03 and Lambda=1.0e-10
features generated: 8.6350
data transformed: 3.6861
training done: 1.4197
testing done: 1.2465
Gamma=1.0e-03 and Lambda=1.0e-09
features generated: 8.6463
data transformed: 3.8009
training done: 1.4230
testing done: 1.2640
Gamma=1.0e-03 and Lambda=1.0e-08
features generated: 8.8430
data transformed: 3.6329
training done: 2.5032
testing done: 1.2850
Gamma=1.0e-03 and Lambda=1.0e-07
features generated: 9.0597
data transformed: 3.6130
training done: 6.7611
testing done: 1.2438
Gamma=1.0e-03 and Lambda=1.0e-06
features generated: 8.9642
data transformed: 3.6718
training done: 5.3232
testing done: 1.2830
Gamma=1.0e-03 and Lambda=1.0e-05
features generated: 8.8461
data transformed: 3.6897
training done: 2.9665
testing done: 1.2421
Gamma=1.0e-03 and Lambda=1.0e-04
features generated: 8.7792
data transformed: 3.6893
training done: 1.5248
testing done: 1.3949
Gamma=1.0e-03 and Lambda=1.0e-03
features generated: 8.4459
data transformed: 3.6217
training done: 0.9393
testing done: 1.1792
Best Gamma = 1.0e-03
Best Lambda = 1.0e-05
Classification Accuracy = 0.8429
Gamma    Lambda    score
1.0e-03  1.0e-12    0.8417
1.0e-03  1.0e-11    0.8724
1.0e-03  1.0e-10    0.8666
1.0e-03  1.0e-09    0.8603
1.0e-03  1.0e-08    0.8734
1.0e-03  1.0e-07    0.8766
1.0e-03  1.0e-06    0.8762
1.0e-03  1.0e-05    0.9079
1.0e-03  1.0e-04    0.8884
1.0e-03  1.0e-03    0.8429
