data read in complete: 16.2927
Gamma=1.0e-03 and Lambda=1.0e-12
features generated: 9.8450
data transformed: 5.3837
training done: 1.8645
testing done: 1.5422
Gamma=1.0e-03 and Lambda=1.0e-11
features generated: 9.8429
data transformed: 5.4419
training done: 2.5095
testing done: 1.4229
Gamma=1.0e-03 and Lambda=1.0e-10
features generated: 9.7361
data transformed: 5.4173
training done: 2.3531
testing done: 1.3550
Gamma=1.0e-03 and Lambda=1.0e-09
features generated: 9.7634
data transformed: 5.5370
training done: 2.6874
testing done: 1.4238
Gamma=1.0e-03 and Lambda=1.0e-08
features generated: 10.3154
data transformed: 5.4271
training done: 9.0196
testing done: 1.5875
Gamma=1.0e-03 and Lambda=1.0e-07
features generated: 10.5992
data transformed: 5.5539
training done: 13.1436
testing done: 1.6053
Gamma=1.0e-03 and Lambda=1.0e-06
features generated: 10.3171
data transformed: 5.5334
training done: 8.9156
testing done: 1.4375
Gamma=1.0e-03 and Lambda=1.0e-05
features generated: 10.0828
data transformed: 5.5048
training done: 4.2511
testing done: 1.3563
Gamma=1.0e-03 and Lambda=1.0e-04
features generated: 10.0485
data transformed: 5.3910
training done: 2.2482
testing done: 1.4062
Gamma=1.0e-03 and Lambda=1.0e-03
features generated: 9.6146
data transformed: 5.3310
training done: 1.5772
testing done: 1.4637
Best Gamma = 1.0e-03
Best Lambda = 1.0e-05
Classification Accuracy = 0.8458
Gamma    Lambda    score
1.0e-03  1.0e-12    0.8442
1.0e-03  1.0e-11    0.8636
1.0e-03  1.0e-10    0.8511
1.0e-03  1.0e-09    0.8726
1.0e-03  1.0e-08    0.8858
1.0e-03  1.0e-07    0.8858
1.0e-03  1.0e-06    0.9058
1.0e-03  1.0e-05    0.9128
1.0e-03  1.0e-04    0.9010
1.0e-03  1.0e-03    0.8458
