data read in complete: 14.8276
feature pool generated: 1.2539
Gamma=5.6e-04 and Lambda=1.0e-12
features generated: 8.5752
data transformed: 0.8188
crossval done: 0.3808
feature pool generated: 0.2189
Gamma=5.6e-04 and Lambda=1.0e-11
features generated: 8.3045
data transformed: 0.8190
crossval done: 0.3940
feature pool generated: 0.2170
Gamma=5.6e-04 and Lambda=1.0e-10
features generated: 8.2991
data transformed: 0.8374
crossval done: 0.4005
feature pool generated: 0.2089
Gamma=5.6e-04 and Lambda=1.0e-09
features generated: 8.3045
data transformed: 0.8067
crossval done: 0.3856
feature pool generated: 0.2116
Gamma=5.6e-04 and Lambda=1.0e-08
features generated: 8.3403
data transformed: 0.8282
crossval done: 0.3901
feature pool generated: 0.2071
Gamma=5.6e-04 and Lambda=1.0e-07
features generated: 8.3897
data transformed: 0.8163
crossval done: 0.4042
feature pool generated: 0.2106
Gamma=5.6e-04 and Lambda=1.0e-06
features generated: 8.2544
data transformed: 0.8258
crossval done: 0.4052
feature pool generated: 0.2070
Gamma=5.6e-04 and Lambda=1.0e-05
features generated: 8.3614
data transformed: 0.8190
crossval done: 0.4020
feature pool generated: 0.2069
Gamma=5.6e-04 and Lambda=1.0e-04
features generated: 8.3021
data transformed: 0.8252
crossval done: 0.3984
feature pool generated: 0.2107
Gamma=5.6e-04 and Lambda=1.0e-03
features generated: 8.2613
data transformed: 0.8095
crossval done: 0.3829
feature pool generated: 0.2069
Gamma=7.0e-04 and Lambda=1.0e-12
features generated: 8.3792
data transformed: 0.8515
crossval done: 0.3958
feature pool generated: 0.2068
Gamma=7.0e-04 and Lambda=1.0e-11
features generated: 8.2950
data transformed: 0.8250
crossval done: 0.3992
feature pool generated: 0.2068
Gamma=7.0e-04 and Lambda=1.0e-10
features generated: 8.3259
data transformed: 0.8377
crossval done: 0.3942
feature pool generated: 0.2066
Gamma=7.0e-04 and Lambda=1.0e-09
features generated: 8.2962
data transformed: 0.8292
crossval done: 0.3944
feature pool generated: 0.2106
Gamma=7.0e-04 and Lambda=1.0e-08
features generated: 8.2814
data transformed: 0.8380
crossval done: 0.3974
feature pool generated: 0.2070
Gamma=7.0e-04 and Lambda=1.0e-07
features generated: 8.2900
data transformed: 0.8281
crossval done: 0.3953
feature pool generated: 0.2067
Gamma=7.0e-04 and Lambda=1.0e-06
features generated: 8.3337
data transformed: 0.8383
crossval done: 0.3985
feature pool generated: 0.2070
Gamma=7.0e-04 and Lambda=1.0e-05
features generated: 8.3015
data transformed: 0.8266
crossval done: 0.3916
feature pool generated: 0.2069
Gamma=7.0e-04 and Lambda=1.0e-04
features generated: 8.3043
data transformed: 0.8379
crossval done: 0.3980
feature pool generated: 0.2081
Gamma=7.0e-04 and Lambda=1.0e-03
features generated: 8.2783
data transformed: 0.8422
crossval done: 0.4101
feature pool generated: 0.2098
Gamma=8.8e-04 and Lambda=1.0e-12
features generated: 8.2764
data transformed: 0.8548
crossval done: 0.3987
feature pool generated: 0.2069
Gamma=8.8e-04 and Lambda=1.0e-11
features generated: 8.3304
data transformed: 0.8425
crossval done: 0.4019
feature pool generated: 0.2070
Gamma=8.8e-04 and Lambda=1.0e-10
features generated: 8.3884
data transformed: 0.8526
crossval done: 0.3887
feature pool generated: 0.2070
Gamma=8.8e-04 and Lambda=1.0e-09
features generated: 8.3504
data transformed: 0.8439
crossval done: 0.4075
feature pool generated: 0.2069
Gamma=8.8e-04 and Lambda=1.0e-08
features generated: 8.3735
data transformed: 0.8527
crossval done: 0.3965
feature pool generated: 0.2068
Gamma=8.8e-04 and Lambda=1.0e-07
features generated: 8.3347
data transformed: 0.8438
crossval done: 0.4003
feature pool generated: 0.2069
Gamma=8.8e-04 and Lambda=1.0e-06
features generated: 8.3202
data transformed: 0.8397
crossval done: 0.3970
feature pool generated: 0.2068
Gamma=8.8e-04 and Lambda=1.0e-05
features generated: 8.1869
data transformed: 0.8403
crossval done: 0.3955
feature pool generated: 0.2067
Gamma=8.8e-04 and Lambda=1.0e-04
features generated: 8.3013
data transformed: 0.8424
crossval done: 0.3984
feature pool generated: 0.2069
Gamma=8.8e-04 and Lambda=1.0e-03
features generated: 8.2955
data transformed: 0.8406
crossval done: 0.3957
feature pool generated: 0.2069
Gamma=1.1e-03 and Lambda=1.0e-12
features generated: 8.3098
data transformed: 0.8819
crossval done: 0.3986
feature pool generated: 0.2068
Gamma=1.1e-03 and Lambda=1.0e-11
features generated: 8.3146
data transformed: 0.8578
crossval done: 0.3989
feature pool generated: 0.2069
Gamma=1.1e-03 and Lambda=1.0e-10
features generated: 8.2703
data transformed: 0.8662
crossval done: 0.3927
feature pool generated: 0.2067
Gamma=1.1e-03 and Lambda=1.0e-09
features generated: 8.3498
data transformed: 0.8578
crossval done: 0.3990
feature pool generated: 0.2066
Gamma=1.1e-03 and Lambda=1.0e-08
features generated: 8.2225
data transformed: 0.8643
crossval done: 0.3993
feature pool generated: 0.2068
Gamma=1.1e-03 and Lambda=1.0e-07
features generated: 8.3675
data transformed: 0.8603
crossval done: 0.4001
feature pool generated: 0.2067
Gamma=1.1e-03 and Lambda=1.0e-06
features generated: 8.3336
data transformed: 0.8576
crossval done: 0.3975
feature pool generated: 0.2069
Gamma=1.1e-03 and Lambda=1.0e-05
features generated: 8.3111
data transformed: 0.8561
crossval done: 0.3971
feature pool generated: 0.2071
Gamma=1.1e-03 and Lambda=1.0e-04
features generated: 8.1848
data transformed: 0.8539
crossval done: 0.3866
feature pool generated: 0.2065
Gamma=1.1e-03 and Lambda=1.0e-03
features generated: 8.3733
data transformed: 0.8700
crossval done: 0.3985
feature pool generated: 0.2069
Gamma=1.4e-03 and Lambda=1.0e-12
features generated: 8.2124
data transformed: 0.8833
crossval done: 0.4006
feature pool generated: 0.2065
Gamma=1.4e-03 and Lambda=1.0e-11
features generated: 8.3215
data transformed: 0.8738
crossval done: 0.4016
feature pool generated: 0.2068
Gamma=1.4e-03 and Lambda=1.0e-10
features generated: 8.4169
data transformed: 0.8855
crossval done: 0.4032
feature pool generated: 0.2069
Gamma=1.4e-03 and Lambda=1.0e-09
features generated: 8.3536
data transformed: 0.8729
crossval done: 0.3997
feature pool generated: 0.2069
Gamma=1.4e-03 and Lambda=1.0e-08
features generated: 8.3216
data transformed: 0.9013
crossval done: 0.4027
feature pool generated: 0.2067
Gamma=1.4e-03 and Lambda=1.0e-07
features generated: 8.3255
data transformed: 0.8724
crossval done: 0.4017
feature pool generated: 0.2068
Gamma=1.4e-03 and Lambda=1.0e-06
features generated: 8.3618
data transformed: 0.8848
crossval done: 0.4113
feature pool generated: 0.2140
Gamma=1.4e-03 and Lambda=1.0e-05
features generated: 8.4212
data transformed: 0.8774
crossval done: 0.4130
feature pool generated: 0.2143
Gamma=1.4e-03 and Lambda=1.0e-04
features generated: 8.4697
data transformed: 0.9055
crossval done: 0.4149
feature pool generated: 0.2139
Gamma=1.4e-03 and Lambda=1.0e-03
features generated: 8.3449
data transformed: 0.8728
crossval done: 0.4049
feature pool generated: 0.2068
Gamma=1.8e-03 and Lambda=1.0e-12
features generated: 8.4184
data transformed: 0.9194
crossval done: 0.4103
feature pool generated: 0.2068
Gamma=1.8e-03 and Lambda=1.0e-11
features generated: 8.3616
data transformed: 0.8879
crossval done: 0.4039
feature pool generated: 0.2071
Gamma=1.8e-03 and Lambda=1.0e-10
features generated: 8.3018
data transformed: 0.9058
crossval done: 0.4029
feature pool generated: 0.2067
Gamma=1.8e-03 and Lambda=1.0e-09
features generated: 8.3273
data transformed: 0.8918
crossval done: 0.3989
feature pool generated: 0.2067
Gamma=1.8e-03 and Lambda=1.0e-08
features generated: 8.2911
data transformed: 0.9042
crossval done: 0.4021
feature pool generated: 0.2068
Gamma=1.8e-03 and Lambda=1.0e-07
features generated: 8.2805
data transformed: 0.8902
crossval done: 0.4008
feature pool generated: 0.2068
Gamma=1.8e-03 and Lambda=1.0e-06
features generated: 8.3098
data transformed: 0.9046
crossval done: 0.3989
feature pool generated: 0.2067
Gamma=1.8e-03 and Lambda=1.0e-05
features generated: 8.3100
data transformed: 0.8925
crossval done: 0.3990
feature pool generated: 0.2070
Gamma=1.8e-03 and Lambda=1.0e-04
features generated: 8.2955
data transformed: 0.9039
crossval done: 0.4007
feature pool generated: 0.2068
Gamma=1.8e-03 and Lambda=1.0e-03
features generated: 8.3649
data transformed: 0.8910
crossval done: 0.4052
feature pool generated: 0.2068
Gamma=2.2e-03 and Lambda=1.0e-12
features generated: 8.3010
data transformed: 0.9252
crossval done: 0.4009
feature pool generated: 0.2069
Gamma=2.2e-03 and Lambda=1.0e-11
features generated: 8.3044
data transformed: 0.9110
crossval done: 0.4001
feature pool generated: 0.2068
Gamma=2.2e-03 and Lambda=1.0e-10
features generated: 8.2874
data transformed: 0.9280
crossval done: 0.4011
feature pool generated: 0.2069
Gamma=2.2e-03 and Lambda=1.0e-09
features generated: 8.3055
data transformed: 0.9121
crossval done: 0.4019
feature pool generated: 0.2066
Gamma=2.2e-03 and Lambda=1.0e-08
features generated: 8.2842
data transformed: 0.9261
crossval done: 0.4075
feature pool generated: 0.2069
Gamma=2.2e-03 and Lambda=1.0e-07
features generated: 8.3116
data transformed: 0.9101
crossval done: 0.4011
feature pool generated: 0.2068
Gamma=2.2e-03 and Lambda=1.0e-06
features generated: 8.2967
data transformed: 0.9254
crossval done: 0.4017
feature pool generated: 0.2067
Gamma=2.2e-03 and Lambda=1.0e-05
features generated: 8.3300
data transformed: 0.9107
crossval done: 0.4008
feature pool generated: 0.2067
Gamma=2.2e-03 and Lambda=1.0e-04
features generated: 8.3048
data transformed: 0.9298
crossval done: 0.4030
feature pool generated: 0.2067
Gamma=2.2e-03 and Lambda=1.0e-03
features generated: 8.2873
data transformed: 0.9101
crossval done: 0.4030
feature pool generated: 0.2069
Gamma=2.8e-03 and Lambda=1.0e-12
features generated: 8.3406
data transformed: 0.9367
crossval done: 0.4027
feature pool generated: 0.2068
Gamma=2.8e-03 and Lambda=1.0e-11
features generated: 8.3331
data transformed: 0.9307
crossval done: 0.4017
feature pool generated: 0.2068
Gamma=2.8e-03 and Lambda=1.0e-10
features generated: 8.3141
data transformed: 0.9375
crossval done: 0.4021
feature pool generated: 0.2066
Gamma=2.8e-03 and Lambda=1.0e-09
features generated: 8.3445
data transformed: 0.9411
crossval done: 0.4090
feature pool generated: 0.2112
Gamma=2.8e-03 and Lambda=1.0e-08
features generated: 8.3039
data transformed: 0.9375
crossval done: 0.4020
feature pool generated: 0.2068
Gamma=2.8e-03 and Lambda=1.0e-07
features generated: 8.3033
data transformed: 0.9302
crossval done: 0.3991
feature pool generated: 0.2066
Gamma=2.8e-03 and Lambda=1.0e-06
features generated: 8.3172
data transformed: 0.9346
crossval done: 0.4016
feature pool generated: 0.2068
Gamma=2.8e-03 and Lambda=1.0e-05
features generated: 8.2881
data transformed: 0.9315
crossval done: 0.4007
feature pool generated: 0.2067
Gamma=2.8e-03 and Lambda=1.0e-04
features generated: 8.3817
data transformed: 0.9324
crossval done: 0.4020
feature pool generated: 0.2068
Gamma=2.8e-03 and Lambda=1.0e-03
features generated: 8.3067
data transformed: 0.9277
crossval done: 0.4022
feature pool generated: 0.2067
Gamma=3.5e-03 and Lambda=1.0e-12
features generated: 8.3297
data transformed: 0.9385
crossval done: 0.4002
feature pool generated: 0.2067
Gamma=3.5e-03 and Lambda=1.0e-11
features generated: 8.3274
data transformed: 0.9382
crossval done: 0.4010
feature pool generated: 0.2067
Gamma=3.5e-03 and Lambda=1.0e-10
features generated: 8.3268
data transformed: 0.9381
crossval done: 0.4008
feature pool generated: 0.2069
Gamma=3.5e-03 and Lambda=1.0e-09
features generated: 8.3222
data transformed: 0.9378
crossval done: 0.4001
feature pool generated: 0.2068
Gamma=3.5e-03 and Lambda=1.0e-08
features generated: 8.3059
data transformed: 0.9379
crossval done: 0.4007
feature pool generated: 0.2068
Gamma=3.5e-03 and Lambda=1.0e-07
features generated: 8.3181
data transformed: 0.9375
crossval done: 0.4000
feature pool generated: 0.2068
Gamma=3.5e-03 and Lambda=1.0e-06
features generated: 8.3044
data transformed: 0.9381
crossval done: 0.3998
feature pool generated: 0.2068
Gamma=3.5e-03 and Lambda=1.0e-05
features generated: 8.3177
data transformed: 0.9386
crossval done: 0.4008
feature pool generated: 0.2066
Gamma=3.5e-03 and Lambda=1.0e-04
features generated: 8.3007
data transformed: 0.9391
crossval done: 0.4002
feature pool generated: 0.2070
Gamma=3.5e-03 and Lambda=1.0e-03
features generated: 8.3136
data transformed: 0.9370
crossval done: 0.4116
feature pool generated: 0.2069
Gamma=4.4e-03 and Lambda=1.0e-12
features generated: 8.3240
data transformed: 0.9405
crossval done: 0.4011
feature pool generated: 0.2082
Gamma=4.4e-03 and Lambda=1.0e-11
features generated: 8.3153
data transformed: 0.9403
crossval done: 0.4001
feature pool generated: 0.2066
Gamma=4.4e-03 and Lambda=1.0e-10
features generated: 8.3002
data transformed: 0.9405
crossval done: 0.4016
feature pool generated: 0.2068
Gamma=4.4e-03 and Lambda=1.0e-09
features generated: 8.3086
data transformed: 0.9395
crossval done: 0.3997
feature pool generated: 0.2068
Gamma=4.4e-03 and Lambda=1.0e-08
features generated: 8.3346
data transformed: 0.9398
crossval done: 0.4015
feature pool generated: 0.2066
Gamma=4.4e-03 and Lambda=1.0e-07
features generated: 8.2985
data transformed: 0.9402
crossval done: 0.4010
feature pool generated: 0.2067
Gamma=4.4e-03 and Lambda=1.0e-06
features generated: 8.3139
data transformed: 0.9399
crossval done: 0.4000
feature pool generated: 0.2069
Gamma=4.4e-03 and Lambda=1.0e-05
features generated: 8.3200
data transformed: 0.9397
crossval done: 0.3983
feature pool generated: 0.2067
Gamma=4.4e-03 and Lambda=1.0e-04
features generated: 8.3172
data transformed: 0.9389
crossval done: 0.4030
feature pool generated: 0.2069
Gamma=4.4e-03 and Lambda=1.0e-03
features generated: 8.3068
data transformed: 0.9407
crossval done: 0.4007
best model trained: 20.2848
test done: 0.0484
Best Gamma = 1.4e-03
Best Lambda = 1.0e-04
Classification Accuracy = 0.9079
Gamma    Lambda    score
5.6e-04  1.0e-12    0.7057
5.6e-04  1.0e-11    0.6416
5.6e-04  1.0e-10    0.7305
5.6e-04  1.0e-09    0.7073
5.6e-04  1.0e-08    0.7052
5.6e-04  1.0e-07    0.7158
5.6e-04  1.0e-06    0.7027
5.6e-04  1.0e-05    0.7145
5.6e-04  1.0e-04    0.7690
5.6e-04  1.0e-03    0.7618
7.0e-04  1.0e-12    0.7382
7.0e-04  1.0e-11    0.7148
7.0e-04  1.0e-10    0.7662
7.0e-04  1.0e-09    0.7527
7.0e-04  1.0e-08    0.6990
7.0e-04  1.0e-07    0.7103
7.0e-04  1.0e-06    0.7457
7.0e-04  1.0e-05    0.7788
7.0e-04  1.0e-04    0.7862
7.0e-04  1.0e-03    0.7847
8.8e-04  1.0e-12    0.7025
8.8e-04  1.0e-11    0.7907
8.8e-04  1.0e-10    0.7493
8.8e-04  1.0e-09    0.7886
8.8e-04  1.0e-08    0.7790
8.8e-04  1.0e-07    0.7918
8.8e-04  1.0e-06    0.7778
8.8e-04  1.0e-05    0.7197
8.8e-04  1.0e-04    0.7799
8.8e-04  1.0e-03    0.7987
1.1e-03  1.0e-12    0.7939
1.1e-03  1.0e-11    0.7588
1.1e-03  1.0e-10    0.7847
1.1e-03  1.0e-09    0.7688
1.1e-03  1.0e-08    0.7880
1.1e-03  1.0e-07    0.8095
1.1e-03  1.0e-06    0.7965
1.1e-03  1.0e-05    0.7605
1.1e-03  1.0e-04    0.8079
1.1e-03  1.0e-03    0.8136
1.4e-03  1.0e-12    0.7937
1.4e-03  1.0e-11    0.7703
1.4e-03  1.0e-10    0.7695
1.4e-03  1.0e-09    0.7888
1.4e-03  1.0e-08    0.7918
1.4e-03  1.0e-07    0.7851
1.4e-03  1.0e-06    0.7809
1.4e-03  1.0e-05    0.7517
1.4e-03  1.0e-04    0.8257
1.4e-03  1.0e-03    0.8189
1.8e-03  1.0e-12    0.7898
1.8e-03  1.0e-11    0.7838
1.8e-03  1.0e-10    0.8036
1.8e-03  1.0e-09    0.7577
1.8e-03  1.0e-08    0.7888
1.8e-03  1.0e-07    0.7679
1.8e-03  1.0e-06    0.8008
1.8e-03  1.0e-05    0.7886
1.8e-03  1.0e-04    0.8069
1.8e-03  1.0e-03    0.8018
2.2e-03  1.0e-12    0.7837
2.2e-03  1.0e-11    0.7826
2.2e-03  1.0e-10    0.7892
2.2e-03  1.0e-09    0.7757
2.2e-03  1.0e-08    0.7788
2.2e-03  1.0e-07    0.7866
2.2e-03  1.0e-06    0.7928
2.2e-03  1.0e-05    0.7585
2.2e-03  1.0e-04    0.7855
2.2e-03  1.0e-03    0.8031
2.8e-03  1.0e-12    0.7637
2.8e-03  1.0e-11    0.7863
2.8e-03  1.0e-10    0.8008
2.8e-03  1.0e-09    0.7998
2.8e-03  1.0e-08    0.7778
2.8e-03  1.0e-07    0.8029
2.8e-03  1.0e-06    0.7902
2.8e-03  1.0e-05    0.7689
2.8e-03  1.0e-04    0.7747
2.8e-03  1.0e-03    0.8128
3.5e-03  1.0e-12    0.7838
3.5e-03  1.0e-11    0.7872
3.5e-03  1.0e-10    0.7655
3.5e-03  1.0e-09    0.7768
3.5e-03  1.0e-08    0.7721
3.5e-03  1.0e-07    0.8218
3.5e-03  1.0e-06    0.7550
3.5e-03  1.0e-05    0.7299
3.5e-03  1.0e-04    0.7700
3.5e-03  1.0e-03    0.7949
4.4e-03  1.0e-12    0.7437
4.4e-03  1.0e-11    0.7745
4.4e-03  1.0e-10    0.7768
4.4e-03  1.0e-09    0.7556
4.4e-03  1.0e-08    0.7788
4.4e-03  1.0e-07    0.7636
4.4e-03  1.0e-06    0.7435
4.4e-03  1.0e-05    0.7315
4.4e-03  1.0e-04    0.7514
4.4e-03  1.0e-03    0.7888
