data read in complete: 13.5307
Gamma=1.0e-03 and Lambda=1.0e-12
features generated: 9.5581
data transformed: 4.2069
training done: 1.6898
testing done: 1.3400
Gamma=1.0e-03 and Lambda=1.0e-11
features generated: 9.4203
data transformed: 4.2284
training done: 1.6817
testing done: 1.4571
Gamma=1.0e-03 and Lambda=1.0e-10
features generated: 9.1049
data transformed: 4.1494
training done: 1.8553
testing done: 1.3037
Gamma=1.0e-03 and Lambda=1.0e-09
features generated: 9.0178
data transformed: 4.3171
training done: 1.9926
testing done: 1.3290
Gamma=1.0e-03 and Lambda=1.0e-08
features generated: 9.1533
data transformed: 4.1792
training done: 4.9185
testing done: 1.2721
Gamma=1.0e-03 and Lambda=1.0e-07
features generated: 9.6820
data transformed: 4.3137
training done: 8.0209
testing done: 1.2978
Gamma=1.0e-03 and Lambda=1.0e-06
features generated: 9.3221
data transformed: 4.1444
training done: 7.6366
testing done: 1.3031
Gamma=1.0e-03 and Lambda=1.0e-05
features generated: 8.9361
data transformed: 4.1719
training done: 3.3295
testing done: 1.2690
Gamma=1.0e-03 and Lambda=1.0e-04
features generated: 8.7688
data transformed: 4.1822
training done: 1.8653
testing done: 1.3006
Gamma=1.0e-03 and Lambda=1.0e-03
features generated: 8.5943
data transformed: 4.0830
training done: 1.1072
testing done: 1.2315
Best Gamma = 1.0e-03
Best Lambda = 1.0e-05
Classification Accuracy = 0.8443
Gamma    Lambda    score
1.0e-03  1.0e-12    0.8930
1.0e-03  1.0e-11    0.8979
1.0e-03  1.0e-10    0.9017
1.0e-03  1.0e-09    0.8843
1.0e-03  1.0e-08    0.8843
1.0e-03  1.0e-07    0.8800
1.0e-03  1.0e-06    0.9021
1.0e-03  1.0e-05    0.9091
1.0e-03  1.0e-04    0.8920
1.0e-03  1.0e-03    0.8443
