data read in complete: 2.4340
Gamma=1.0e-03 and Lambda=1.0e-12
features generated: 0.1641
data transformed: 0.1705
training done: 0.3387
testing done: 0.0846
Gamma=1.0e-03 and Lambda=1.0e-11
features generated: 0.2492
data transformed: 0.2361
training done: 0.3535
testing done: 0.1052
Gamma=1.0e-03 and Lambda=1.0e-10
features generated: 0.2533
data transformed: 0.2652
training done: 0.3614
testing done: 0.1055
Gamma=1.0e-03 and Lambda=1.0e-09
features generated: 0.2926
data transformed: 0.2837
training done: 0.3584
testing done: 0.0979
Gamma=1.0e-03 and Lambda=1.0e-08
features generated: 0.2674
data transformed: 0.2559
training done: 0.3566
testing done: 0.1009
Gamma=1.0e-03 and Lambda=1.0e-07
features generated: 0.3560
data transformed: 0.2856
training done: 0.7222
testing done: 0.0258
Gamma=1.0e-03 and Lambda=1.0e-06
features generated: 0.2425
data transformed: 0.2648
training done: 0.8431
testing done: 0.0145
Gamma=1.0e-03 and Lambda=1.0e-05
features generated: 0.2264
data transformed: 0.2164
training done: 0.7780
testing done: 0.0981
Gamma=1.0e-03 and Lambda=1.0e-04
features generated: 0.2254
data transformed: 0.2834
training done: 0.7197
testing done: 0.0465
Gamma=1.0e-03 and Lambda=1.0e-03
features generated: 0.2655
data transformed: 0.2469
training done: 0.3941
testing done: 0.1082
Best Gamma = 1.0e-03
Best Lambda = 1.0e-04
Classification Accuracy = 0.4030010718113612
Gamma    Lambda    score
1.0e-03  1.0e-12    0.2990
1.0e-03  1.0e-11    0.2642
1.0e-03  1.0e-10    0.2487
1.0e-03  1.0e-09    0.2599
1.0e-03  1.0e-08    0.3644
1.0e-03  1.0e-07    0.3023
1.0e-03  1.0e-06    0.3333
1.0e-03  1.0e-05    0.4164
1.0e-03  1.0e-04    0.4207
1.0e-03  1.0e-03    0.4030
