data read in complete: 2.1363
Gamma=1.0e-03 and Lambda=1.0e-12
features generated: 4.7021
data transformed: 0.0854
training done: 0.0661
testing done: 0.0285
Gamma=1.0e-03 and Lambda=1.0e-11
features generated: 4.7488
data transformed: 0.0967
training done: 0.0686
testing done: 0.0285
Gamma=1.0e-03 and Lambda=1.0e-10
features generated: 4.6522
data transformed: 0.0854
training done: 0.0689
testing done: 0.0290
Gamma=1.0e-03 and Lambda=1.0e-09
features generated: 4.5952
data transformed: 0.0851
training done: 0.0813
testing done: 0.0288
Gamma=1.0e-03 and Lambda=1.0e-08
features generated: 4.7600
data transformed: 0.0857
training done: 0.0890
testing done: 0.0288
Gamma=1.0e-03 and Lambda=1.0e-07
features generated: 4.6728
data transformed: 0.0861
training done: 0.1023
testing done: 0.0289
Gamma=1.0e-03 and Lambda=1.0e-06
features generated: 4.6722
data transformed: 0.0911
training done: 0.2191
testing done: 0.0289
Gamma=1.0e-03 and Lambda=1.0e-05
features generated: 4.7832
data transformed: 0.0864
training done: 0.2139
testing done: 0.0287
Gamma=1.0e-03 and Lambda=1.0e-04
features generated: 4.5921
data transformed: 0.0853
training done: 0.1424
testing done: 0.0284
Gamma=1.0e-03 and Lambda=1.0e-03
features generated: 4.8125
data transformed: 0.0877
training done: 0.1056
testing done: 0.0298
Best Gamma = 1.0e-03
Best Lambda = 1.0e-04
Classification Accuracy = 0.7555
Gamma    Lambda    score
1.0e-03  1.0e-12    0.7035
1.0e-03  1.0e-11    0.7170
1.0e-03  1.0e-10    0.6690
1.0e-03  1.0e-09    0.5955
1.0e-03  1.0e-08    0.6950
1.0e-03  1.0e-07    0.7275
1.0e-03  1.0e-06    0.7125
1.0e-03  1.0e-05    0.7005
1.0e-03  1.0e-04    0.7740
1.0e-03  1.0e-03    0.7555
