data read in complete: 0.0942
Gamma=1.0e-03 and Lambda=1.0e-12
features generated: 0.0559
data transformed: 0.0028
training done: 0.3042
testing done: 0.0022
Gamma=1.0e-03 and Lambda=1.0e-11
features generated: 0.0209
data transformed: 0.0027
training done: 0.3075
testing done: 0.0023
Gamma=1.0e-03 and Lambda=1.0e-10
features generated: 0.0211
data transformed: 0.0026
training done: 0.3084
testing done: 0.0022
Gamma=1.0e-03 and Lambda=1.0e-09
features generated: 0.0204
data transformed: 0.0027
training done: 0.3092
testing done: 0.0022
Gamma=1.0e-03 and Lambda=1.0e-08
features generated: 0.0221
data transformed: 0.0028
training done: 0.3956
testing done: 0.0023
Gamma=1.0e-03 and Lambda=1.0e-07
features generated: 0.0213
data transformed: 0.0028
training done: 0.3076
testing done: 0.0022
Gamma=1.0e-03 and Lambda=1.0e-06
features generated: 0.0208
data transformed: 0.0026
training done: 0.3045
testing done: 0.0021
Gamma=1.0e-03 and Lambda=1.0e-05
features generated: 0.0208
data transformed: 0.0026
training done: 0.3074
testing done: 0.0023
Gamma=1.0e-03 and Lambda=1.0e-04
features generated: 0.0211
data transformed: 0.0023
training done: 0.3068
testing done: 0.0021
Gamma=1.0e-03 and Lambda=1.0e-03
features generated: 0.0225
data transformed: 0.0027
training done: 0.3087
testing done: 0.0022
Best Gamma = 1.0e-03
Best Lambda = 1.0e-12
Classification Accuracy = 0.30303030303030304
Gamma    Lambda    score
1.0e-03  1.0e-12    0.3030
1.0e-03  1.0e-11    0.1515
1.0e-03  1.0e-10    0.1818
1.0e-03  1.0e-09    0.2121
1.0e-03  1.0e-08    0.1818
1.0e-03  1.0e-07    0.1515
1.0e-03  1.0e-06    0.0606
1.0e-03  1.0e-05    0.1212
1.0e-03  1.0e-04    0.0909
1.0e-03  1.0e-03    0.3030
