data read in complete: 14.8312
Gamma=1.0e-03 and Lambda=1.0e-12
features generated: 9.4162
data transformed: 4.8186
training done: 2.3603
testing done: 1.3467
Gamma=1.0e-03 and Lambda=1.0e-11
features generated: 9.3733
data transformed: 4.8768
training done: 2.2385
testing done: 1.3535
Gamma=1.0e-03 and Lambda=1.0e-10
features generated: 9.3639
data transformed: 4.8100
training done: 2.0565
testing done: 1.3915
Gamma=1.0e-03 and Lambda=1.0e-09
features generated: 9.3745
data transformed: 4.8182
training done: 2.6533
testing done: 1.3870
Gamma=1.0e-03 and Lambda=1.0e-08
features generated: 9.7625
data transformed: 4.9308
training done: 6.2457
testing done: 1.3496
Gamma=1.0e-03 and Lambda=1.0e-07
features generated: 9.9319
data transformed: 4.8639
training done: 12.7742
testing done: 1.5238
Gamma=1.0e-03 and Lambda=1.0e-06
features generated: 9.8002
data transformed: 4.8110
training done: 7.7561
testing done: 1.3698
Gamma=1.0e-03 and Lambda=1.0e-05
features generated: 9.5207
data transformed: 4.8574
training done: 3.7473
testing done: 1.3304
Gamma=1.0e-03 and Lambda=1.0e-04
features generated: 9.0786
data transformed: 4.7712
training done: 2.0633
testing done: 1.3506
Gamma=1.0e-03 and Lambda=1.0e-03
features generated: 8.9088
data transformed: 4.7130
training done: 1.3415
testing done: 1.2942
Best Gamma = 1.0e-03
Best Lambda = 1.0e-06
Classification Accuracy = 0.846
Gamma    Lambda    score
1.0e-03  1.0e-12    0.8784
1.0e-03  1.0e-11    0.8909
1.0e-03  1.0e-10    0.8661
1.0e-03  1.0e-09    0.8775
1.0e-03  1.0e-08    0.8818
1.0e-03  1.0e-07    0.9090
1.0e-03  1.0e-06    0.9116
1.0e-03  1.0e-05    0.9083
1.0e-03  1.0e-04    0.8943
1.0e-03  1.0e-03    0.8460
