data read in complete: 10.7348
Gamma=1.0e-03 and Lambda=1.0e-12
features generated: 7.9585
data transformed: 3.4386
training done: 1.2666
testing done: 1.3843
Gamma=1.0e-03 and Lambda=1.0e-11
features generated: 7.9134
data transformed: 3.4605
training done: 1.2069
testing done: 1.2784
Gamma=1.0e-03 and Lambda=1.0e-10
features generated: 7.9147
data transformed: 3.3648
training done: 1.3061
testing done: 1.3923
Gamma=1.0e-03 and Lambda=1.0e-09
features generated: 7.7300
data transformed: 3.3973
training done: 1.1730
testing done: 1.2857
Gamma=1.0e-03 and Lambda=1.0e-08
features generated: 7.7158
data transformed: 3.4083
training done: 2.3314
testing done: 1.2626
Gamma=1.0e-03 and Lambda=1.0e-07
features generated: 8.4295
data transformed: 3.3617
training done: 5.9566
testing done: 1.2956
Gamma=1.0e-03 and Lambda=1.0e-06
features generated: 8.4246
data transformed: 3.3037
training done: 4.3584
testing done: 1.2723
Gamma=1.0e-03 and Lambda=1.0e-05
features generated: 8.0538
data transformed: 3.2977
training done: 2.3524
testing done: 1.2809
Gamma=1.0e-03 and Lambda=1.0e-04
features generated: 7.8935
data transformed: 3.2761
training done: 1.3031
testing done: 1.2422
Gamma=1.0e-03 and Lambda=1.0e-03
features generated: 7.8063
data transformed: 3.2588
training done: 0.8056
testing done: 1.2509
Best Gamma = 1.0e-03
Best Lambda = 1.0e-05
Classification Accuracy = 0.8336
Gamma    Lambda    score
1.0e-03  1.0e-12    0.8878
1.0e-03  1.0e-11    0.7998
1.0e-03  1.0e-10    0.8715
1.0e-03  1.0e-09    0.8691
1.0e-03  1.0e-08    0.8010
1.0e-03  1.0e-07    0.8934
1.0e-03  1.0e-06    0.8987
1.0e-03  1.0e-05    0.9004
1.0e-03  1.0e-04    0.8907
1.0e-03  1.0e-03    0.8336
