data read in complete: 9.1200
Gamma=1.0e-03 and Lambda=1.0e-12
features generated: 7.9652
data transformed: 2.7586
training done: 0.8492
testing done: 1.1596
Gamma=1.0e-03 and Lambda=1.0e-11
features generated: 7.8898
data transformed: 2.7985
training done: 0.8778
testing done: 1.1390
Gamma=1.0e-03 and Lambda=1.0e-10
features generated: 7.6883
data transformed: 2.7942
training done: 0.8910
testing done: 1.1174
Gamma=1.0e-03 and Lambda=1.0e-09
features generated: 7.7645
data transformed: 2.8364
training done: 0.8629
testing done: 1.1714
Gamma=1.0e-03 and Lambda=1.0e-08
features generated: 7.8110
data transformed: 2.7996
training done: 1.2500
testing done: 1.1330
Gamma=1.0e-03 and Lambda=1.0e-07
features generated: 8.0776
data transformed: 2.8671
training done: 4.1287
testing done: 1.1430
Gamma=1.0e-03 and Lambda=1.0e-06
features generated: 8.0353
data transformed: 2.8136
training done: 3.7259
testing done: 1.1218
Gamma=1.0e-03 and Lambda=1.0e-05
features generated: 8.1067
data transformed: 2.8408
training done: 1.9401
testing done: 1.2492
Gamma=1.0e-03 and Lambda=1.0e-04
features generated: 7.9883
data transformed: 2.8768
training done: 0.9763
testing done: 1.2737
Gamma=1.0e-03 and Lambda=1.0e-03
features generated: 7.7236
data transformed: 2.8387
training done: 0.6096
testing done: 1.2409
Best Gamma = 1.0e-03
Best Lambda = 1.0e-05
Classification Accuracy = 0.8209093007154397
Gamma    Lambda    score
1.0e-03  1.0e-12    0.8536
1.0e-03  1.0e-11    0.8299
1.0e-03  1.0e-10    0.8072
1.0e-03  1.0e-09    0.8554
1.0e-03  1.0e-08    0.8596
1.0e-03  1.0e-07    0.8633
1.0e-03  1.0e-06    0.8828
1.0e-03  1.0e-05    0.8896
1.0e-03  1.0e-04    0.8762
1.0e-03  1.0e-03    0.8209
