data read in complete: 25.8923
Gamma=1.0e-03 and Lambda=1.0e-12
features generated: 0.3661
data transformed: 1.2585
training done: 0.5136
testing done: 0.0916
Gamma=1.0e-03 and Lambda=1.0e-11
features generated: 0.2836
data transformed: 1.3257
training done: 0.5983
testing done: 0.0912
Gamma=1.0e-03 and Lambda=1.0e-10
features generated: 0.3127
data transformed: 1.4488
training done: 0.5369
testing done: 0.0978
Gamma=1.0e-03 and Lambda=1.0e-09
features generated: 0.2920
data transformed: 1.4533
training done: 1.5660
testing done: 0.0937
Gamma=1.0e-03 and Lambda=1.0e-08
features generated: 0.3193
data transformed: 1.4562
training done: 11.8947
testing done: 0.0853
Gamma=1.0e-03 and Lambda=1.0e-07
features generated: 0.2753
data transformed: 1.4340
training done: 12.2249
testing done: 0.0905
Gamma=1.0e-03 and Lambda=1.0e-06
features generated: 0.3162
data transformed: 1.4487
training done: 7.1809
testing done: 0.0851
Gamma=1.0e-03 and Lambda=1.0e-05
features generated: 0.2890
data transformed: 1.4456
training done: 3.8790
testing done: 0.0849
Gamma=1.0e-03 and Lambda=1.0e-04
features generated: 0.2968
data transformed: 1.4977
training done: 1.4176
testing done: 0.0909
Gamma=1.0e-03 and Lambda=1.0e-03
features generated: 0.3041
data transformed: 1.4421
training done: 0.6630
testing done: 0.0948
Best Gamma = 1.0e-03
Best Lambda = 1.0e-04
Classification Accuracy = 0.3944
Gamma    Lambda    score
1.0e-03  1.0e-12    0.2464
1.0e-03  1.0e-11    0.3128
1.0e-03  1.0e-10    0.3056
1.0e-03  1.0e-09    0.4196
1.0e-03  1.0e-08    0.3562
1.0e-03  1.0e-07    0.4512
1.0e-03  1.0e-06    0.4080
1.0e-03  1.0e-05    0.3772
1.0e-03  1.0e-04    0.4669
1.0e-03  1.0e-03    0.3944
