data read in complete: 7.3675
Gamma=1.0e-03 and Lambda=1.0e-12
features generated: 7.2973
data transformed: 2.1793
training done: 0.6498
testing done: 0.9237
Gamma=1.0e-03 and Lambda=1.0e-11
features generated: 7.2211
data transformed: 2.1484
training done: 0.7537
testing done: 0.9190
Gamma=1.0e-03 and Lambda=1.0e-10
features generated: 7.0416
data transformed: 2.1493
training done: 0.6792
testing done: 0.9123
Gamma=1.0e-03 and Lambda=1.0e-09
features generated: 7.0572
data transformed: 2.1407
training done: 0.6710
testing done: 0.9122
Gamma=1.0e-03 and Lambda=1.0e-08
features generated: 7.2276
data transformed: 2.2013
training done: 0.8320
testing done: 0.9165
Gamma=1.0e-03 and Lambda=1.0e-07
features generated: 7.3099
data transformed: 2.1832
training done: 2.0871
testing done: 0.9220
Gamma=1.0e-03 and Lambda=1.0e-06
features generated: 7.3170
data transformed: 2.2226
training done: 2.5295
testing done: 0.9250
Gamma=1.0e-03 and Lambda=1.0e-05
features generated: 7.1530
data transformed: 2.1990
training done: 1.4142
testing done: 0.9211
Gamma=1.0e-03 and Lambda=1.0e-04
features generated: 7.1243
data transformed: 2.1878
training done: 0.7612
testing done: 0.9127
Gamma=1.0e-03 and Lambda=1.0e-03
features generated: 6.9791
data transformed: 2.1777
training done: 0.4356
testing done: 0.8665
Best Gamma = 1.0e-03
Best Lambda = 1.0e-04
Classification Accuracy = 0.7992857142857143
Gamma    Lambda    score
1.0e-03  1.0e-12    0.8159
1.0e-03  1.0e-11    0.7866
1.0e-03  1.0e-10    0.8291
1.0e-03  1.0e-09    0.8510
1.0e-03  1.0e-08    0.8263
1.0e-03  1.0e-07    0.8591
1.0e-03  1.0e-06    0.8109
1.0e-03  1.0e-05    0.8447
1.0e-03  1.0e-04    0.8647
1.0e-03  1.0e-03    0.7993
