data read in complete: 3.8480
Gamma=1.0e-03 and Lambda=1.0e-12
features generated: 5.5763
data transformed: 1.3205
training done: 0.2610
testing done: 0.5066
Gamma=1.0e-03 and Lambda=1.0e-11
features generated: 5.6309
data transformed: 1.3364
training done: 0.2237
testing done: 0.5077
Gamma=1.0e-03 and Lambda=1.0e-10
features generated: 5.6401
data transformed: 1.3363
training done: 0.2052
testing done: 0.5444
Gamma=1.0e-03 and Lambda=1.0e-09
features generated: 5.5614
data transformed: 1.3344
training done: 0.2192
testing done: 0.5195
Gamma=1.0e-03 and Lambda=1.0e-08
features generated: 5.5372
data transformed: 1.3637
training done: 0.2380
testing done: 0.5737
Gamma=1.0e-03 and Lambda=1.0e-07
features generated: 5.5772
data transformed: 1.3266
training done: 0.4505
testing done: 0.5109
Gamma=1.0e-03 and Lambda=1.0e-06
features generated: 5.6647
data transformed: 1.3305
training done: 0.8051
testing done: 0.5171
Gamma=1.0e-03 and Lambda=1.0e-05
features generated: 5.6196
data transformed: 1.3604
training done: 0.6066
testing done: 0.5036
Gamma=1.0e-03 and Lambda=1.0e-04
features generated: 5.5734
data transformed: 1.3148
training done: 0.3667
testing done: 0.4986
Gamma=1.0e-03 and Lambda=1.0e-03
features generated: 5.4821
data transformed: 1.3320
training done: 0.1833
testing done: 0.5140
Best Gamma = 1.0e-03
Best Lambda = 1.0e-11
Classification Accuracy = 0.7594108019639935
Gamma    Lambda    score
1.0e-03  1.0e-12    0.7913
1.0e-03  1.0e-11    0.8178
1.0e-03  1.0e-10    0.7038
1.0e-03  1.0e-09    0.7395
1.0e-03  1.0e-08    0.7791
1.0e-03  1.0e-07    0.7842
1.0e-03  1.0e-06    0.7900
1.0e-03  1.0e-05    0.8055
1.0e-03  1.0e-04    0.8178
1.0e-03  1.0e-03    0.7594
