data read in complete: 4.1353
Gamma=1.0e-03 and Lambda=1.0e-12
features generated: 0.1932
data transformed: 0.3069
training done: 0.3604
testing done: 0.1329
Gamma=1.0e-03 and Lambda=1.0e-11
features generated: 0.2788
data transformed: 0.3558
training done: 0.3737
testing done: 0.1324
Gamma=1.0e-03 and Lambda=1.0e-10
features generated: 0.2543
data transformed: 0.3504
training done: 0.3692
testing done: 0.1421
Gamma=1.0e-03 and Lambda=1.0e-09
features generated: 0.2421
data transformed: 0.3440
training done: 0.3675
testing done: 0.1391
Gamma=1.0e-03 and Lambda=1.0e-08
features generated: 0.2491
data transformed: 0.3435
training done: 0.3802
testing done: 0.1086
Gamma=1.0e-03 and Lambda=1.0e-07
features generated: 0.2336
data transformed: 0.3324
training done: 0.7353
testing done: 0.0289
Gamma=1.0e-03 and Lambda=1.0e-06
features generated: 0.2923
data transformed: 0.2918
training done: 0.8547
testing done: 0.0293
Gamma=1.0e-03 and Lambda=1.0e-05
features generated: 0.2061
data transformed: 0.3123
training done: 0.8759
testing done: 0.0315
Gamma=1.0e-03 and Lambda=1.0e-04
features generated: 0.2177
data transformed: 0.3106
training done: 0.7140
testing done: 0.0369
Gamma=1.0e-03 and Lambda=1.0e-03
features generated: 0.1993
data transformed: 0.3095
training done: 0.4033
testing done: 0.1243
Best Gamma = 1.0e-03
Best Lambda = 1.0e-11
Classification Accuracy = 0.38283828382838286
Gamma    Lambda    score
1.0e-03  1.0e-12    0.2844
1.0e-03  1.0e-11    0.3987
1.0e-03  1.0e-10    0.3552
1.0e-03  1.0e-09    0.3630
1.0e-03  1.0e-08    0.2376
1.0e-03  1.0e-07    0.2637
1.0e-03  1.0e-06    0.3354
1.0e-03  1.0e-05    0.3711
1.0e-03  1.0e-04    0.3609
1.0e-03  1.0e-03    0.3828
