data read in complete: 0.3627
Gamma=1.0e-03 and Lambda=1.0e-12
features generated: 1.5026
data transformed: 0.1015
training done: 0.0119
testing done: 0.0028
Gamma=1.0e-03 and Lambda=1.0e-11
features generated: 1.5428
data transformed: 0.1013
training done: 0.0112
testing done: 0.0028
Gamma=1.0e-03 and Lambda=1.0e-10
features generated: 1.4776
data transformed: 0.1018
training done: 0.0120
testing done: 0.0028
Gamma=1.0e-03 and Lambda=1.0e-09
features generated: 1.4662
data transformed: 0.1011
training done: 0.0114
testing done: 0.0028
Gamma=1.0e-03 and Lambda=1.0e-08
features generated: 1.4787
data transformed: 0.1017
training done: 0.0115
testing done: 0.0028
Gamma=1.0e-03 and Lambda=1.0e-07
features generated: 1.4843
data transformed: 0.1012
training done: 0.0119
testing done: 0.0028
Gamma=1.0e-03 and Lambda=1.0e-06
features generated: 1.4656
data transformed: 0.1016
training done: 0.0134
testing done: 0.0029
Gamma=1.0e-03 and Lambda=1.0e-05
features generated: 1.5261
data transformed: 0.1014
training done: 0.0172
testing done: 0.0029
Gamma=1.0e-03 and Lambda=1.0e-04
features generated: 1.5600
data transformed: 0.1017
training done: 0.0169
testing done: 0.0030
Gamma=1.0e-03 and Lambda=1.0e-03
features generated: 1.5838
data transformed: 0.1048
training done: 0.0180
testing done: 0.0030
Best Gamma = 1.0e-03
Best Lambda = 1.0e-04
Classification Accuracy = 0.5315315315315315
Gamma    Lambda    score
1.0e-03  1.0e-12    0.4805
1.0e-03  1.0e-11    0.4264
1.0e-03  1.0e-10    0.5796
1.0e-03  1.0e-09    0.4565
1.0e-03  1.0e-08    0.5165
1.0e-03  1.0e-07    0.5736
1.0e-03  1.0e-06    0.5225
1.0e-03  1.0e-05    0.5526
1.0e-03  1.0e-04    0.6156
1.0e-03  1.0e-03    0.5315
