data read in complete: 0.2602
Gamma=1.0e-03 and Lambda=1.0e-12
features generated: 0.0710
data transformed: 0.0180
training done: 0.3085
testing done: 0.0067
Gamma=1.0e-03 and Lambda=1.0e-11
features generated: 0.0877
data transformed: 0.0159
training done: 0.3313
testing done: 0.0060
Gamma=1.0e-03 and Lambda=1.0e-10
features generated: 0.0870
data transformed: 0.0162
training done: 0.3112
testing done: 0.0058
Gamma=1.0e-03 and Lambda=1.0e-09
features generated: 0.0847
data transformed: 0.0327
training done: 0.3118
testing done: 0.0051
Gamma=1.0e-03 and Lambda=1.0e-08
features generated: 0.0840
data transformed: 0.0287
training done: 0.4589
testing done: 0.0069
Gamma=1.0e-03 and Lambda=1.0e-07
features generated: 0.0929
data transformed: 0.0158
training done: 0.3151
testing done: 0.0066
Gamma=1.0e-03 and Lambda=1.0e-06
features generated: 0.0985
data transformed: 0.0226
training done: 0.3161
testing done: 0.0067
Gamma=1.0e-03 and Lambda=1.0e-05
features generated: 0.0902
data transformed: 0.0324
training done: 0.3165
testing done: 0.0067
Gamma=1.0e-03 and Lambda=1.0e-04
features generated: 0.0879
data transformed: 0.0163
training done: 0.3198
testing done: 0.0067
Gamma=1.0e-03 and Lambda=1.0e-03
features generated: 0.1103
data transformed: 0.0221
training done: 0.3127
testing done: 0.0050
Best Gamma = 1.0e-03
Best Lambda = 1.0e-03
Classification Accuracy = 0.31
Gamma    Lambda    score
1.0e-03  1.0e-12    0.2500
1.0e-03  1.0e-11    0.1700
1.0e-03  1.0e-10    0.2300
1.0e-03  1.0e-09    0.1950
1.0e-03  1.0e-08    0.1950
1.0e-03  1.0e-07    0.2550
1.0e-03  1.0e-06    0.2700
1.0e-03  1.0e-05    0.2850
1.0e-03  1.0e-04    0.3000
1.0e-03  1.0e-03    0.3100
