data read in complete: 25.2050
Gamma=1.0e-03 and Lambda=1.0e-12
features generated: 6.3276
data transformed: 11.0845
training done: 5.5581
testing done: 3.0118
Gamma=1.0e-03 and Lambda=1.0e-11
features generated: 7.1126
data transformed: 11.0324
training done: 4.9764
testing done: 2.7583
Gamma=1.0e-03 and Lambda=1.0e-10
features generated: 7.2281
data transformed: 10.8694
training done: 4.6288
testing done: 2.6162
Gamma=1.0e-03 and Lambda=1.0e-09
features generated: 7.1333
data transformed: 11.2677
training done: 6.2929
testing done: 2.7193
Gamma=1.0e-03 and Lambda=1.0e-08
features generated: 7.0379
data transformed: 10.8599
training done: 27.6967
testing done: 2.9142
Gamma=1.0e-03 and Lambda=1.0e-07
features generated: 7.2806
data transformed: 11.2553
training done: 37.3236
testing done: 2.5467
Gamma=1.0e-03 and Lambda=1.0e-06
features generated: 6.8920
data transformed: 10.9615
training done: 24.5040
testing done: 2.8503
Gamma=1.0e-03 and Lambda=1.0e-05
features generated: 7.1820
data transformed: 11.2382
training done: 10.2616
testing done: 2.7270
Gamma=1.0e-03 and Lambda=1.0e-04
features generated: 8.2236
data transformed: 11.8207
training done: 5.2729
testing done: 2.9914
Gamma=1.0e-03 and Lambda=1.0e-03
features generated: 7.1275
data transformed: 11.0030
training done: 4.2278
testing done: 2.8524
Best Gamma = 1.0e-03
Best Lambda = 1.0e-05
Classification Accuracy = 0.856
Gamma    Lambda    score
1.0e-03  1.0e-12    0.8962
1.0e-03  1.0e-11    0.9058
1.0e-03  1.0e-10    0.8729
1.0e-03  1.0e-09    0.8989
1.0e-03  1.0e-08    0.8649
1.0e-03  1.0e-07    0.9094
1.0e-03  1.0e-06    0.9025
1.0e-03  1.0e-05    0.9119
1.0e-03  1.0e-04    0.8976
1.0e-03  1.0e-03    0.8560
