data read in complete: 25.9844
feature pool generated: 0.5938
Gamma=5.6e-04 and Lambda=1.0e-12
features generated: 0.0000
data transformed: 0.0781
crossval done: 0.1875
Gamma=5.6e-04 and Lambda=1.0e-10
features generated: 0.0000
data transformed: 0.0469
crossval done: 0.1094
Gamma=5.6e-04 and Lambda=1.0e-08
features generated: 0.0000
data transformed: 0.0781
crossval done: 0.2188
Gamma=5.6e-04 and Lambda=1.0e-06
features generated: 0.0000
data transformed: 0.1094
crossval done: 0.1406
Gamma=5.6e-04 and Lambda=1.0e-04
features generated: 0.0000
data transformed: 0.0781
crossval done: 0.1562
Gamma=7.0e-04 and Lambda=1.0e-12
features generated: 0.0000
data transformed: 0.1094
crossval done: 0.1250
Gamma=7.0e-04 and Lambda=1.0e-10
features generated: 0.0000
data transformed: 0.0625
crossval done: 0.1875
Gamma=7.0e-04 and Lambda=1.0e-08
features generated: 0.0000
data transformed: 0.0469
crossval done: 0.1250
Gamma=7.0e-04 and Lambda=1.0e-06
features generated: 0.0000
data transformed: 0.1094
crossval done: 0.0469
Gamma=7.0e-04 and Lambda=1.0e-04
features generated: 0.0156
data transformed: 0.0625
crossval done: 0.1094
Gamma=8.8e-04 and Lambda=1.0e-12
features generated: 0.0000
data transformed: 0.0781
crossval done: 0.1562
Gamma=8.8e-04 and Lambda=1.0e-10
features generated: 0.0000
data transformed: 0.0781
crossval done: 0.0469
Gamma=8.8e-04 and Lambda=1.0e-08
features generated: 0.0000
data transformed: 0.0625
crossval done: 0.1562
Gamma=8.8e-04 and Lambda=1.0e-06
features generated: 0.0000
data transformed: 0.0625
crossval done: 0.0938
Gamma=8.8e-04 and Lambda=1.0e-04
features generated: 0.0000
data transformed: 0.0938
crossval done: 0.1406
Gamma=1.1e-03 and Lambda=1.0e-12
features generated: 0.0000
data transformed: 0.0781
crossval done: 0.1406
Gamma=1.1e-03 and Lambda=1.0e-10
features generated: 0.0000
data transformed: 0.0625
crossval done: 0.1562
Gamma=1.1e-03 and Lambda=1.0e-08
features generated: 0.0000
data transformed: 0.0938
crossval done: 0.1250
Gamma=1.1e-03 and Lambda=1.0e-06
features generated: 0.0000
data transformed: 0.0781
crossval done: 0.0781
Gamma=1.1e-03 and Lambda=1.0e-04
features generated: 0.0000
data transformed: 0.1094
crossval done: 0.1094
Gamma=1.4e-03 and Lambda=1.0e-12
features generated: 0.0000
data transformed: 0.0781
crossval done: 0.1094
Gamma=1.4e-03 and Lambda=1.0e-10
features generated: 0.0156
data transformed: 0.1094
crossval done: 0.1875
Gamma=1.4e-03 and Lambda=1.0e-08
features generated: 0.0000
data transformed: 0.0938
crossval done: 0.1250
Gamma=1.4e-03 and Lambda=1.0e-06
features generated: 0.0000
data transformed: 0.0781
crossval done: 0.1562
Gamma=1.4e-03 and Lambda=1.0e-04
features generated: 0.0000
data transformed: 0.0312
crossval done: 0.1406
Gamma=1.8e-03 and Lambda=1.0e-12
features generated: 0.0000
data transformed: 0.0625
crossval done: 0.0625
Gamma=1.8e-03 and Lambda=1.0e-10
features generated: 0.0000
data transformed: 0.0781
crossval done: 0.1094
Gamma=1.8e-03 and Lambda=1.0e-08
features generated: 0.0000
data transformed: 0.0938
crossval done: 0.1719
Gamma=1.8e-03 and Lambda=1.0e-06
features generated: 0.0000
data transformed: 0.1250
crossval done: 0.1094
Gamma=1.8e-03 and Lambda=1.0e-04
features generated: 0.0000
data transformed: 0.0781
crossval done: 0.1719
Gamma=2.2e-03 and Lambda=1.0e-12
features generated: 0.0000
data transformed: 0.0781
crossval done: 0.1406
Gamma=2.2e-03 and Lambda=1.0e-10
features generated: 0.0000
data transformed: 0.0781
crossval done: 0.1406
Gamma=2.2e-03 and Lambda=1.0e-08
features generated: 0.0000
data transformed: 0.0781
crossval done: 0.1562
Gamma=2.2e-03 and Lambda=1.0e-06
features generated: 0.0000
data transformed: 0.0781
crossval done: 0.1406
Gamma=2.2e-03 and Lambda=1.0e-04
features generated: 0.0000
data transformed: 0.0781
crossval done: 0.1719
Gamma=2.8e-03 and Lambda=1.0e-12
features generated: 0.0000
data transformed: 0.1406
crossval done: 0.1562
Gamma=2.8e-03 and Lambda=1.0e-10
features generated: 0.0000
data transformed: 0.0469
crossval done: 0.1562
Gamma=2.8e-03 and Lambda=1.0e-08
features generated: 0.0000
data transformed: 0.0312
crossval done: 0.1094
Gamma=2.8e-03 and Lambda=1.0e-06
features generated: 0.0000
data transformed: 0.1406
crossval done: 0.1719
Gamma=2.8e-03 and Lambda=1.0e-04
features generated: 0.0000
data transformed: 0.0781
crossval done: 0.1562
Gamma=3.5e-03 and Lambda=1.0e-12
features generated: 0.0000
data transformed: 0.0625
crossval done: 0.1250
Gamma=3.5e-03 and Lambda=1.0e-10
features generated: 0.0000
data transformed: 0.0625
crossval done: 0.1562
Gamma=3.5e-03 and Lambda=1.0e-08
features generated: 0.0000
data transformed: 0.1094
crossval done: 0.1250
Gamma=3.5e-03 and Lambda=1.0e-06
features generated: 0.0000
data transformed: 0.0938
crossval done: 0.1406
Gamma=3.5e-03 and Lambda=1.0e-04
features generated: 0.0000
data transformed: 0.0938
crossval done: 0.0938
Gamma=4.4e-03 and Lambda=1.0e-12
features generated: 0.0000
data transformed: 0.0781
crossval done: 0.1719
Gamma=4.4e-03 and Lambda=1.0e-10
features generated: 0.0000
data transformed: 0.0938
crossval done: 0.0938
Gamma=4.4e-03 and Lambda=1.0e-08
features generated: 0.0000
data transformed: 0.0781
crossval done: 0.0938
Gamma=4.4e-03 and Lambda=1.0e-06
features generated: 0.0000
data transformed: 0.0625
crossval done: 0.1250
Gamma=4.4e-03 and Lambda=1.0e-04
features generated: 0.0000
data transformed: 0.0469
crossval done: 0.1406
best model trained: 0.0781
test done: 0.1406
Best Gamma = 2.8e-03
Best Lambda = 1.0e-10
Classification Accuracy = 0.116
Gamma    Lambda    score
5.6e-04  1.0e-12    0.1069
5.6e-04  1.0e-10    0.1058
5.6e-04  1.0e-08    0.1040
5.6e-04  1.0e-06    0.0859
5.6e-04  1.0e-04    0.1021
7.0e-04  1.0e-12    0.0859
7.0e-04  1.0e-10    0.1111
7.0e-04  1.0e-08    0.0979
7.0e-04  1.0e-06    0.1020
7.0e-04  1.0e-04    0.0940
8.8e-04  1.0e-12    0.0909
8.8e-04  1.0e-10    0.1020
8.8e-04  1.0e-08    0.0940
8.8e-04  1.0e-06    0.1001
8.8e-04  1.0e-04    0.0889
1.1e-03  1.0e-12    0.1060
1.1e-03  1.0e-10    0.0970
1.1e-03  1.0e-08    0.0950
1.1e-03  1.0e-06    0.1011
1.1e-03  1.0e-04    0.0961
1.4e-03  1.0e-12    0.1084
1.4e-03  1.0e-10    0.0931
1.4e-03  1.0e-08    0.1099
1.4e-03  1.0e-06    0.0888
1.4e-03  1.0e-04    0.0970
1.8e-03  1.0e-12    0.1152
1.8e-03  1.0e-10    0.0881
1.8e-03  1.0e-08    0.1000
1.8e-03  1.0e-06    0.1142
1.8e-03  1.0e-04    0.0929
2.2e-03  1.0e-12    0.0990
2.2e-03  1.0e-10    0.1070
2.2e-03  1.0e-08    0.1119
2.2e-03  1.0e-06    0.0981
2.2e-03  1.0e-04    0.1040
2.8e-03  1.0e-12    0.1001
2.8e-03  1.0e-10    0.1199
2.8e-03  1.0e-08    0.0901
2.8e-03  1.0e-06    0.0992
2.8e-03  1.0e-04    0.1060
3.5e-03  1.0e-12    0.1009
3.5e-03  1.0e-10    0.1078
3.5e-03  1.0e-08    0.1172
3.5e-03  1.0e-06    0.1100
3.5e-03  1.0e-04    0.1000
4.4e-03  1.0e-12    0.0948
4.4e-03  1.0e-10    0.1059
4.4e-03  1.0e-08    0.1030
4.4e-03  1.0e-06    0.1100
4.4e-03  1.0e-04    0.0970
