data read in complete: 14.9192
Gamma=5.6e-04 and Lambda=1.0e-12
crossval done: 17.1137
Gamma=5.6e-04 and Lambda=1.0e-11
crossval done: 9.2479
Gamma=5.6e-04 and Lambda=1.0e-10
crossval done: 9.1239
Gamma=5.6e-04 and Lambda=1.0e-09
crossval done: 9.2572
Gamma=5.6e-04 and Lambda=1.0e-08
crossval done: 9.2530
Gamma=5.6e-04 and Lambda=1.0e-07
crossval done: 9.1296
Gamma=5.6e-04 and Lambda=1.0e-06
crossval done: 9.2597
Gamma=5.6e-04 and Lambda=1.0e-05
crossval done: 9.2406
Gamma=5.6e-04 and Lambda=1.0e-04
crossval done: 9.2714
Gamma=5.6e-04 and Lambda=1.0e-03
crossval done: 9.1349
Gamma=7.0e-04 and Lambda=1.0e-12
crossval done: 9.2889
Gamma=7.0e-04 and Lambda=1.0e-11
crossval done: 9.2660
Gamma=7.0e-04 and Lambda=1.0e-10
crossval done: 9.1397
Gamma=7.0e-04 and Lambda=1.0e-09
crossval done: 9.2754
Gamma=7.0e-04 and Lambda=1.0e-08
crossval done: 9.2686
Gamma=7.0e-04 and Lambda=1.0e-07
crossval done: 9.1279
Gamma=7.0e-04 and Lambda=1.0e-06
crossval done: 9.2669
Gamma=7.0e-04 and Lambda=1.0e-05
crossval done: 9.2581
Gamma=7.0e-04 and Lambda=1.0e-04
crossval done: 9.1529
Gamma=7.0e-04 and Lambda=1.0e-03
crossval done: 9.3001
Gamma=8.8e-04 and Lambda=1.0e-12
crossval done: 9.2628
Gamma=8.8e-04 and Lambda=1.0e-11
crossval done: 9.1331
Gamma=8.8e-04 and Lambda=1.0e-10
crossval done: 9.2876
Gamma=8.8e-04 and Lambda=1.0e-09
crossval done: 9.2949
Gamma=8.8e-04 and Lambda=1.0e-08
crossval done: 9.1632
Gamma=8.8e-04 and Lambda=1.0e-07
crossval done: 9.3026
Gamma=8.8e-04 and Lambda=1.0e-06
crossval done: 9.2768
Gamma=8.8e-04 and Lambda=1.0e-05
crossval done: 9.2690
Gamma=8.8e-04 and Lambda=1.0e-04
crossval done: 9.1636
Gamma=8.8e-04 and Lambda=1.0e-03
crossval done: 9.2648
Gamma=1.1e-03 and Lambda=1.0e-12
crossval done: 9.2594
Gamma=1.1e-03 and Lambda=1.0e-11
crossval done: 9.1412
Gamma=1.1e-03 and Lambda=1.0e-10
crossval done: 9.2677
Gamma=1.1e-03 and Lambda=1.0e-09
crossval done: 9.2702
Gamma=1.1e-03 and Lambda=1.0e-08
crossval done: 9.1605
Gamma=1.1e-03 and Lambda=1.0e-07
crossval done: 9.3094
Gamma=1.1e-03 and Lambda=1.0e-06
crossval done: 9.2761
Gamma=1.1e-03 and Lambda=1.0e-05
crossval done: 9.1141
Gamma=1.1e-03 and Lambda=1.0e-04
crossval done: 9.2273
Gamma=1.1e-03 and Lambda=1.0e-03
crossval done: 9.2455
Gamma=1.4e-03 and Lambda=1.0e-12
crossval done: 9.1181
Gamma=1.4e-03 and Lambda=1.0e-11
crossval done: 9.2794
Gamma=1.4e-03 and Lambda=1.0e-10
crossval done: 9.2461
Gamma=1.4e-03 and Lambda=1.0e-09
crossval done: 9.2097
Gamma=1.4e-03 and Lambda=1.0e-08
crossval done: 9.1151
Gamma=1.4e-03 and Lambda=1.0e-07
crossval done: 9.2776
Gamma=1.4e-03 and Lambda=1.0e-06
crossval done: 9.2475
Gamma=1.4e-03 and Lambda=1.0e-05
crossval done: 9.0989
Gamma=1.4e-03 and Lambda=1.0e-04
crossval done: 9.2115
Gamma=1.4e-03 and Lambda=1.0e-03
crossval done: 9.2377
Gamma=1.8e-03 and Lambda=1.0e-12
crossval done: 9.1113
Gamma=1.8e-03 and Lambda=1.0e-11
crossval done: 9.3017
Gamma=1.8e-03 and Lambda=1.0e-10
crossval done: 9.4011
Gamma=1.8e-03 and Lambda=1.0e-09
crossval done: 9.3136
Gamma=1.8e-03 and Lambda=1.0e-08
crossval done: 9.2665
Gamma=1.8e-03 and Lambda=1.0e-07
crossval done: 9.2263
Gamma=1.8e-03 and Lambda=1.0e-06
crossval done: 9.1257
Gamma=1.8e-03 and Lambda=1.0e-05
crossval done: 9.2733
Gamma=1.8e-03 and Lambda=1.0e-04
crossval done: 9.2447
Gamma=1.8e-03 and Lambda=1.0e-03
crossval done: 9.1045
Gamma=2.2e-03 and Lambda=1.0e-12
crossval done: 9.2316
Gamma=2.2e-03 and Lambda=1.0e-11
crossval done: 9.2441
Gamma=2.2e-03 and Lambda=1.0e-10
crossval done: 9.2416
Gamma=2.2e-03 and Lambda=1.0e-09
crossval done: 9.1204
Gamma=2.2e-03 and Lambda=1.0e-08
crossval done: 9.2331
Gamma=2.2e-03 and Lambda=1.0e-07
crossval done: 9.2207
Gamma=2.2e-03 and Lambda=1.0e-06
crossval done: 9.1111
Gamma=2.2e-03 and Lambda=1.0e-05
crossval done: 9.2802
Gamma=2.2e-03 and Lambda=1.0e-04
crossval done: 9.2288
Gamma=2.2e-03 and Lambda=1.0e-03
crossval done: 9.0991
Gamma=2.8e-03 and Lambda=1.0e-12
crossval done: 9.2287
Gamma=2.8e-03 and Lambda=1.0e-11
crossval done: 9.2159
Gamma=2.8e-03 and Lambda=1.0e-10
crossval done: 9.0839
Gamma=2.8e-03 and Lambda=1.0e-09
crossval done: 9.2445
Gamma=2.8e-03 and Lambda=1.0e-08
crossval done: 9.2267
Gamma=2.8e-03 and Lambda=1.0e-07
crossval done: 9.0696
Gamma=2.8e-03 and Lambda=1.0e-06
crossval done: 9.2244
Gamma=2.8e-03 and Lambda=1.0e-05
crossval done: 9.2259
Gamma=2.8e-03 and Lambda=1.0e-04
crossval done: 9.2235
Gamma=2.8e-03 and Lambda=1.0e-03
crossval done: 9.0937
Gamma=3.5e-03 and Lambda=1.0e-12
crossval done: 9.2037
Gamma=3.5e-03 and Lambda=1.0e-11
crossval done: 9.1941
Gamma=3.5e-03 and Lambda=1.0e-10
crossval done: 9.0773
Gamma=3.5e-03 and Lambda=1.0e-09
crossval done: 9.2291
Gamma=3.5e-03 and Lambda=1.0e-08
crossval done: 9.2254
Gamma=3.5e-03 and Lambda=1.0e-07
crossval done: 9.0378
Gamma=3.5e-03 and Lambda=1.0e-06
crossval done: 9.1863
Gamma=3.5e-03 and Lambda=1.0e-05
crossval done: 9.2109
Gamma=3.5e-03 and Lambda=1.0e-04
crossval done: 9.0534
Gamma=3.5e-03 and Lambda=1.0e-03
crossval done: 9.2297
Gamma=4.4e-03 and Lambda=1.0e-12
crossval done: 9.1664
Gamma=4.4e-03 and Lambda=1.0e-11
crossval done: 9.0293
Gamma=4.4e-03 and Lambda=1.0e-10
crossval done: 9.2124
Gamma=4.4e-03 and Lambda=1.0e-09
crossval done: 9.1731
Gamma=4.4e-03 and Lambda=1.0e-08
crossval done: 9.0577
Gamma=4.4e-03 and Lambda=1.0e-07
crossval done: 9.2263
Gamma=4.4e-03 and Lambda=1.0e-06
crossval done: 9.2059
Gamma=4.4e-03 and Lambda=1.0e-05
crossval done: 9.1802
Gamma=4.4e-03 and Lambda=1.0e-04
crossval done: 9.0701
Gamma=4.4e-03 and Lambda=1.0e-03
crossval done: 9.2321
best model trained: 46.6394
test done: 0.8050
Best Gamma = 1.8e-03
Best Lambda = 1.0e-03
Classification Accuracy = 0.2124
Gamma    Lambda    score
5.6e-04  1.0e-12    0.3520
5.6e-04  1.0e-11    0.3580
5.6e-04  1.0e-10    0.3080
5.6e-04  1.0e-09    0.3460
5.6e-04  1.0e-08    0.3580
5.6e-04  1.0e-07    0.2800
5.6e-04  1.0e-06    0.2960
5.6e-04  1.0e-05    0.3200
5.6e-04  1.0e-04    0.2260
5.6e-04  1.0e-03    0.3520
7.0e-04  1.0e-12    0.3060
7.0e-04  1.0e-11    0.2780
7.0e-04  1.0e-10    0.3020
7.0e-04  1.0e-09    0.3540
7.0e-04  1.0e-08    0.3060
7.0e-04  1.0e-07    0.2540
7.0e-04  1.0e-06    0.3480
7.0e-04  1.0e-05    0.3540
7.0e-04  1.0e-04    0.2980
7.0e-04  1.0e-03    0.3360
8.8e-04  1.0e-12    0.2640
8.8e-04  1.0e-11    0.3360
8.8e-04  1.0e-10    0.2720
8.8e-04  1.0e-09    0.2820
8.8e-04  1.0e-08    0.2540
8.8e-04  1.0e-07    0.3260
8.8e-04  1.0e-06    0.3300
8.8e-04  1.0e-05    0.2600
8.8e-04  1.0e-04    0.3620
8.8e-04  1.0e-03    0.3940
1.1e-03  1.0e-12    0.3800
1.1e-03  1.0e-11    0.3480
1.1e-03  1.0e-10    0.3480
1.1e-03  1.0e-09    0.4280
1.1e-03  1.0e-08    0.4160
1.1e-03  1.0e-07    0.4180
1.1e-03  1.0e-06    0.3300
1.1e-03  1.0e-05    0.3560
1.1e-03  1.0e-04    0.3700
1.1e-03  1.0e-03    0.3980
1.4e-03  1.0e-12    0.3340
1.4e-03  1.0e-11    0.5280
1.4e-03  1.0e-10    0.4320
1.4e-03  1.0e-09    0.2320
1.4e-03  1.0e-08    0.4500
1.4e-03  1.0e-07    0.3460
1.4e-03  1.0e-06    0.3060
1.4e-03  1.0e-05    0.3340
1.4e-03  1.0e-04    0.3500
1.4e-03  1.0e-03    0.3180
1.8e-03  1.0e-12    0.4440
1.8e-03  1.0e-11    0.3960
1.8e-03  1.0e-10    0.4280
1.8e-03  1.0e-09    0.5020
1.8e-03  1.0e-08    0.4520
1.8e-03  1.0e-07    0.4560
1.8e-03  1.0e-06    0.4140
1.8e-03  1.0e-05    0.4080
1.8e-03  1.0e-04    0.4700
1.8e-03  1.0e-03    0.5540
2.2e-03  1.0e-12    0.4760
2.2e-03  1.0e-11    0.4680
2.2e-03  1.0e-10    0.4700
2.2e-03  1.0e-09    0.4440
2.2e-03  1.0e-08    0.4980
2.2e-03  1.0e-07    0.4900
2.2e-03  1.0e-06    0.4120
2.2e-03  1.0e-05    0.3780
2.2e-03  1.0e-04    0.4540
2.2e-03  1.0e-03    0.4060
2.8e-03  1.0e-12    0.3820
2.8e-03  1.0e-11    0.3740
2.8e-03  1.0e-10    0.3960
2.8e-03  1.0e-09    0.3300
2.8e-03  1.0e-08    0.4300
2.8e-03  1.0e-07    0.4140
2.8e-03  1.0e-06    0.4920
2.8e-03  1.0e-05    0.4320
2.8e-03  1.0e-04    0.4760
2.8e-03  1.0e-03    0.4740
3.5e-03  1.0e-12    0.3400
3.5e-03  1.0e-11    0.4640
3.5e-03  1.0e-10    0.4160
3.5e-03  1.0e-09    0.4780
3.5e-03  1.0e-08    0.4860
3.5e-03  1.0e-07    0.4560
3.5e-03  1.0e-06    0.3680
3.5e-03  1.0e-05    0.3600
3.5e-03  1.0e-04    0.4760
3.5e-03  1.0e-03    0.4240
4.4e-03  1.0e-12    0.4860
4.4e-03  1.0e-11    0.4300
4.4e-03  1.0e-10    0.3580
4.4e-03  1.0e-09    0.3900
4.4e-03  1.0e-08    0.4280
4.4e-03  1.0e-07    0.4500
4.4e-03  1.0e-06    0.4680
4.4e-03  1.0e-05    0.4160
4.4e-03  1.0e-04    0.4080
4.4e-03  1.0e-03    0.4660
