data read in complete: 15.6752
Gamma=5.6e-04 and Lambda=1.0e-12
features generated: 1.2302
data transformed: 1.1920
crossval done: 0.6543
Gamma=5.6e-04 and Lambda=1.0e-11
features generated: 0.0861
data transformed: 0.9734
crossval done: 0.6987
Gamma=5.6e-04 and Lambda=1.0e-10
features generated: 0.0853
data transformed: 0.9501
crossval done: 0.6901
Gamma=5.6e-04 and Lambda=1.0e-09
features generated: 0.0856
data transformed: 0.9345
crossval done: 0.7054
Gamma=5.6e-04 and Lambda=1.0e-08
features generated: 0.0859
data transformed: 0.9684
crossval done: 0.7597
Gamma=5.6e-04 and Lambda=1.0e-07
features generated: 0.0857
data transformed: 0.9369
crossval done: 0.7098
Gamma=5.6e-04 and Lambda=1.0e-06
features generated: 0.0862
data transformed: 0.9608
crossval done: 0.7338
Gamma=5.6e-04 and Lambda=1.0e-05
features generated: 0.0853
data transformed: 0.9503
crossval done: 0.7261
Gamma=5.6e-04 and Lambda=1.0e-04
features generated: 0.0852
data transformed: 0.9525
crossval done: 0.6674
Gamma=5.6e-04 and Lambda=1.0e-03
features generated: 0.0849
data transformed: 0.9731
crossval done: 0.6538
Gamma=7.0e-04 and Lambda=1.0e-12
features generated: 0.0865
data transformed: 0.9566
crossval done: 0.7203
Gamma=7.0e-04 and Lambda=1.0e-11
features generated: 0.0854
data transformed: 0.9584
crossval done: 0.7238
Gamma=7.0e-04 and Lambda=1.0e-10
features generated: 0.0861
data transformed: 0.9828
crossval done: 0.7472
Gamma=7.0e-04 and Lambda=1.0e-09
features generated: 0.0846
data transformed: 0.9432
crossval done: 0.7072
Gamma=7.0e-04 and Lambda=1.0e-08
features generated: 0.0858
data transformed: 0.9783
crossval done: 0.7277
Gamma=7.0e-04 and Lambda=1.0e-07
features generated: 0.0853
data transformed: 0.9642
crossval done: 0.7208
Gamma=7.0e-04 and Lambda=1.0e-06
features generated: 0.0847
data transformed: 0.9424
crossval done: 0.7014
Gamma=7.0e-04 and Lambda=1.0e-05
features generated: 0.0874
data transformed: 0.9628
crossval done: 0.7511
Gamma=7.0e-04 and Lambda=1.0e-04
features generated: 0.0861
data transformed: 0.9674
crossval done: 0.6767
Gamma=7.0e-04 and Lambda=1.0e-03
features generated: 0.0841
data transformed: 0.9403
crossval done: 0.6307
Gamma=8.8e-04 and Lambda=1.0e-12
features generated: 0.0864
data transformed: 0.9450
crossval done: 0.7214
Gamma=8.8e-04 and Lambda=1.0e-11
features generated: 0.0858
data transformed: 0.9689
crossval done: 0.7236
Gamma=8.8e-04 and Lambda=1.0e-10
features generated: 0.0845
data transformed: 0.9424
crossval done: 0.7080
Gamma=8.8e-04 and Lambda=1.0e-09
features generated: 0.0850
data transformed: 0.9625
crossval done: 0.7200
Gamma=8.8e-04 and Lambda=1.0e-08
features generated: 0.0856
data transformed: 0.9576
crossval done: 0.7346
Gamma=8.8e-04 and Lambda=1.0e-07
features generated: 0.0847
data transformed: 0.9597
crossval done: 0.7273
Gamma=8.8e-04 and Lambda=1.0e-06
features generated: 0.0853
data transformed: 0.9547
crossval done: 0.7178
Gamma=8.8e-04 and Lambda=1.0e-05
features generated: 0.0811
data transformed: 0.9348
crossval done: 0.6617
Gamma=8.8e-04 and Lambda=1.0e-04
features generated: 0.0811
data transformed: 0.9347
crossval done: 0.6186
Gamma=8.8e-04 and Lambda=1.0e-03
features generated: 0.0839
data transformed: 0.9416
crossval done: 0.6268
Gamma=1.1e-03 and Lambda=1.0e-12
features generated: 0.0839
data transformed: 0.9442
crossval done: 0.6903
Gamma=1.1e-03 and Lambda=1.0e-11
features generated: 0.0839
data transformed: 0.9435
crossval done: 0.6909
Gamma=1.1e-03 and Lambda=1.0e-10
features generated: 0.0839
data transformed: 0.9433
crossval done: 0.6918
Gamma=1.1e-03 and Lambda=1.0e-09
features generated: 0.0839
data transformed: 0.9450
crossval done: 0.6879
Gamma=1.1e-03 and Lambda=1.0e-08
features generated: 0.0842
data transformed: 0.9463
crossval done: 0.6889
Gamma=1.1e-03 and Lambda=1.0e-07
features generated: 0.0837
data transformed: 0.9389
crossval done: 0.6792
Gamma=1.1e-03 and Lambda=1.0e-06
features generated: 0.0840
data transformed: 0.9357
crossval done: 0.6774
Gamma=1.1e-03 and Lambda=1.0e-05
features generated: 0.0838
data transformed: 0.9404
crossval done: 0.6765
Gamma=1.1e-03 and Lambda=1.0e-04
features generated: 0.0837
data transformed: 0.9333
crossval done: 0.6232
Gamma=1.1e-03 and Lambda=1.0e-03
features generated: 0.0841
data transformed: 0.9390
crossval done: 0.6115
Gamma=1.4e-03 and Lambda=1.0e-12
features generated: 0.0836
data transformed: 0.9390
crossval done: 0.6830
Gamma=1.4e-03 and Lambda=1.0e-11
features generated: 0.0837
data transformed: 0.9432
crossval done: 0.6751
Gamma=1.4e-03 and Lambda=1.0e-10
features generated: 0.0831
data transformed: 0.9444
crossval done: 0.6866
Gamma=1.4e-03 and Lambda=1.0e-09
features generated: 0.0837
data transformed: 0.9396
crossval done: 0.6731
Gamma=1.4e-03 and Lambda=1.0e-08
features generated: 0.0848
data transformed: 0.9510
crossval done: 0.6921
Gamma=1.4e-03 and Lambda=1.0e-07
features generated: 0.0841
data transformed: 0.9473
crossval done: 0.6905
Gamma=1.4e-03 and Lambda=1.0e-06
features generated: 0.0837
data transformed: 0.9433
crossval done: 0.6808
Gamma=1.4e-03 and Lambda=1.0e-05
features generated: 0.0839
data transformed: 0.9531
crossval done: 0.6956
Gamma=1.4e-03 and Lambda=1.0e-04
features generated: 0.0837
data transformed: 0.9405
crossval done: 0.6313
Gamma=1.4e-03 and Lambda=1.0e-03
features generated: 0.0838
data transformed: 0.9484
crossval done: 0.6244
Gamma=1.8e-03 and Lambda=1.0e-12
features generated: 0.0837
data transformed: 0.9450
crossval done: 0.6808
Gamma=1.8e-03 and Lambda=1.0e-11
features generated: 0.0838
data transformed: 0.9519
crossval done: 0.6778
Gamma=1.8e-03 and Lambda=1.0e-10
features generated: 0.0840
data transformed: 0.9457
crossval done: 0.6792
Gamma=1.8e-03 and Lambda=1.0e-09
features generated: 0.0854
data transformed: 0.9634
crossval done: 0.6933
Gamma=1.8e-03 and Lambda=1.0e-08
features generated: 0.0839
data transformed: 0.9512
crossval done: 0.6878
Gamma=1.8e-03 and Lambda=1.0e-07
features generated: 0.0838
data transformed: 0.9523
crossval done: 0.6890
Gamma=1.8e-03 and Lambda=1.0e-06
features generated: 0.0837
data transformed: 0.9483
crossval done: 0.6769
Gamma=1.8e-03 and Lambda=1.0e-05
features generated: 0.0836
data transformed: 0.9526
crossval done: 0.6815
Gamma=1.8e-03 and Lambda=1.0e-04
features generated: 0.0832
data transformed: 0.9517
crossval done: 0.6240
Gamma=1.8e-03 and Lambda=1.0e-03
features generated: 0.0838
data transformed: 0.9498
crossval done: 0.6116
Gamma=2.2e-03 and Lambda=1.0e-12
features generated: 0.0840
data transformed: 0.9516
crossval done: 0.6802
Gamma=2.2e-03 and Lambda=1.0e-11
features generated: 0.0837
data transformed: 0.9516
crossval done: 0.6791
Gamma=2.2e-03 and Lambda=1.0e-10
features generated: 0.0837
data transformed: 0.9505
crossval done: 0.6752
Gamma=2.2e-03 and Lambda=1.0e-09
features generated: 0.0831
data transformed: 0.9628
crossval done: 0.6936
Gamma=2.2e-03 and Lambda=1.0e-08
features generated: 0.0840
data transformed: 0.9601
crossval done: 0.6870
Gamma=2.2e-03 and Lambda=1.0e-07
features generated: 0.0836
data transformed: 0.9527
crossval done: 0.6804
Gamma=2.2e-03 and Lambda=1.0e-06
features generated: 0.0837
data transformed: 0.9547
crossval done: 0.6852
Gamma=2.2e-03 and Lambda=1.0e-05
features generated: 0.0845
data transformed: 0.9531
crossval done: 0.6778
Gamma=2.2e-03 and Lambda=1.0e-04
features generated: 0.0838
data transformed: 0.9532
crossval done: 0.6282
Gamma=2.2e-03 and Lambda=1.0e-03
features generated: 0.0844
data transformed: 0.9552
crossval done: 0.6208
Gamma=2.8e-03 and Lambda=1.0e-12
features generated: 0.0838
data transformed: 0.9603
crossval done: 0.6711
Gamma=2.8e-03 and Lambda=1.0e-11
features generated: 0.0853
data transformed: 0.9665
crossval done: 0.6916
Gamma=2.8e-03 and Lambda=1.0e-10
features generated: 0.0839
data transformed: 0.9658
crossval done: 0.6821
Gamma=2.8e-03 and Lambda=1.0e-09
features generated: 0.0845
data transformed: 0.9621
crossval done: 0.6909
Gamma=2.8e-03 and Lambda=1.0e-08
features generated: 0.0828
data transformed: 0.9605
crossval done: 0.6865
Gamma=2.8e-03 and Lambda=1.0e-07
features generated: 0.0837
data transformed: 0.9544
crossval done: 0.6694
Gamma=2.8e-03 and Lambda=1.0e-06
features generated: 0.0838
data transformed: 0.9589
crossval done: 0.6804
Gamma=2.8e-03 and Lambda=1.0e-05
features generated: 0.0838
data transformed: 0.9578
crossval done: 0.6753
Gamma=2.8e-03 and Lambda=1.0e-04
features generated: 0.0838
data transformed: 0.9589
crossval done: 0.6390
Gamma=2.8e-03 and Lambda=1.0e-03
features generated: 0.0839
data transformed: 0.9644
crossval done: 0.6386
Gamma=3.5e-03 and Lambda=1.0e-12
features generated: 0.0842
data transformed: 0.9653
crossval done: 0.6799
Gamma=3.5e-03 and Lambda=1.0e-11
features generated: 0.0838
data transformed: 0.9670
crossval done: 0.6752
Gamma=3.5e-03 and Lambda=1.0e-10
features generated: 0.0836
data transformed: 0.9636
crossval done: 0.6849
Gamma=3.5e-03 and Lambda=1.0e-09
features generated: 0.0837
data transformed: 0.9628
crossval done: 0.6722
Gamma=3.5e-03 and Lambda=1.0e-08
features generated: 0.0837
data transformed: 0.9619
crossval done: 0.6592
Gamma=3.5e-03 and Lambda=1.0e-07
features generated: 0.0837
data transformed: 0.9628
crossval done: 0.6722
Gamma=3.5e-03 and Lambda=1.0e-06
features generated: 0.0837
data transformed: 0.9594
crossval done: 0.6823
Gamma=3.5e-03 and Lambda=1.0e-05
features generated: 0.0841
data transformed: 0.9621
crossval done: 0.6881
Gamma=3.5e-03 and Lambda=1.0e-04
features generated: 0.0839
data transformed: 0.9627
crossval done: 0.6393
Gamma=3.5e-03 and Lambda=1.0e-03
features generated: 0.0840
data transformed: 0.9616
crossval done: 0.6203
Gamma=4.4e-03 and Lambda=1.0e-12
features generated: 0.0837
data transformed: 0.9659
crossval done: 0.6684
Gamma=4.4e-03 and Lambda=1.0e-11
features generated: 0.0838
data transformed: 0.9685
crossval done: 0.6771
Gamma=4.4e-03 and Lambda=1.0e-10
features generated: 0.0837
data transformed: 0.9669
crossval done: 0.6660
Gamma=4.4e-03 and Lambda=1.0e-09
features generated: 0.0837
data transformed: 0.9654
crossval done: 0.6544
Gamma=4.4e-03 and Lambda=1.0e-08
features generated: 0.0836
data transformed: 0.9685
crossval done: 0.6673
Gamma=4.4e-03 and Lambda=1.0e-07
features generated: 0.0840
data transformed: 0.9759
crossval done: 0.6742
Gamma=4.4e-03 and Lambda=1.0e-06
features generated: 0.0841
data transformed: 0.9684
crossval done: 0.6828
Gamma=4.4e-03 and Lambda=1.0e-05
features generated: 0.0837
data transformed: 0.9692
crossval done: 0.6883
Gamma=4.4e-03 and Lambda=1.0e-04
features generated: 0.0841
data transformed: 0.9749
crossval done: 0.6346
Gamma=4.4e-03 and Lambda=1.0e-03
features generated: 0.0837
data transformed: 0.9662
crossval done: 0.6155
best model trained: 638.7758
test done: 0.5318
Best Gamma = 8.8e-04
Best Lambda = 1.0e-06
Classification Accuracy = 0.95
Gamma    Lambda    score
5.6e-04  1.0e-12    0.8559
5.6e-04  1.0e-11    0.8608
5.6e-04  1.0e-10    0.8659
5.6e-04  1.0e-09    0.8609
5.6e-04  1.0e-08    0.8599
5.6e-04  1.0e-07    0.8609
5.6e-04  1.0e-06    0.8668
5.6e-04  1.0e-05    0.8568
5.6e-04  1.0e-04    0.8599
5.6e-04  1.0e-03    0.7977
7.0e-04  1.0e-12    0.8658
7.0e-04  1.0e-11    0.8609
7.0e-04  1.0e-10    0.8620
7.0e-04  1.0e-09    0.8659
7.0e-04  1.0e-08    0.8557
7.0e-04  1.0e-07    0.8598
7.0e-04  1.0e-06    0.8618
7.0e-04  1.0e-05    0.8638
7.0e-04  1.0e-04    0.8648
7.0e-04  1.0e-03    0.8077
8.8e-04  1.0e-12    0.8589
8.8e-04  1.0e-11    0.8559
8.8e-04  1.0e-10    0.8609
8.8e-04  1.0e-09    0.8668
8.8e-04  1.0e-08    0.8679
8.8e-04  1.0e-07    0.8628
8.8e-04  1.0e-06    0.8709
8.8e-04  1.0e-05    0.8658
8.8e-04  1.0e-04    0.8569
8.8e-04  1.0e-03    0.8117
1.1e-03  1.0e-12    0.8639
1.1e-03  1.0e-11    0.8599
1.1e-03  1.0e-10    0.8578
1.1e-03  1.0e-09    0.8567
1.1e-03  1.0e-08    0.8629
1.1e-03  1.0e-07    0.8579
1.1e-03  1.0e-06    0.8609
1.1e-03  1.0e-05    0.8628
1.1e-03  1.0e-04    0.8609
1.1e-03  1.0e-03    0.8067
1.4e-03  1.0e-12    0.8659
1.4e-03  1.0e-11    0.8589
1.4e-03  1.0e-10    0.8569
1.4e-03  1.0e-09    0.8658
1.4e-03  1.0e-08    0.8579
1.4e-03  1.0e-07    0.8619
1.4e-03  1.0e-06    0.8638
1.4e-03  1.0e-05    0.8579
1.4e-03  1.0e-04    0.8619
1.4e-03  1.0e-03    0.8177
1.8e-03  1.0e-12    0.8589
1.8e-03  1.0e-11    0.8619
1.8e-03  1.0e-10    0.8649
1.8e-03  1.0e-09    0.8568
1.8e-03  1.0e-08    0.8640
1.8e-03  1.0e-07    0.8540
1.8e-03  1.0e-06    0.8609
1.8e-03  1.0e-05    0.8619
1.8e-03  1.0e-04    0.8519
1.8e-03  1.0e-03    0.8227
2.2e-03  1.0e-12    0.8599
2.2e-03  1.0e-11    0.8590
2.2e-03  1.0e-10    0.8619
2.2e-03  1.0e-09    0.8488
2.2e-03  1.0e-08    0.8580
2.2e-03  1.0e-07    0.8709
2.2e-03  1.0e-06    0.8578
2.2e-03  1.0e-05    0.8549
2.2e-03  1.0e-04    0.8539
2.2e-03  1.0e-03    0.8227
2.8e-03  1.0e-12    0.8498
2.8e-03  1.0e-11    0.8510
2.8e-03  1.0e-10    0.8448
2.8e-03  1.0e-09    0.8459
2.8e-03  1.0e-08    0.8588
2.8e-03  1.0e-07    0.8477
2.8e-03  1.0e-06    0.8509
2.8e-03  1.0e-05    0.8517
2.8e-03  1.0e-04    0.8508
2.8e-03  1.0e-03    0.8137
3.5e-03  1.0e-12    0.8548
3.5e-03  1.0e-11    0.8448
3.5e-03  1.0e-10    0.8437
3.5e-03  1.0e-09    0.8391
3.5e-03  1.0e-08    0.8488
3.5e-03  1.0e-07    0.8569
3.5e-03  1.0e-06    0.8518
3.5e-03  1.0e-05    0.8477
3.5e-03  1.0e-04    0.8419
3.5e-03  1.0e-03    0.8148
4.4e-03  1.0e-12    0.8488
4.4e-03  1.0e-11    0.8299
4.4e-03  1.0e-10    0.8339
4.4e-03  1.0e-09    0.8321
4.4e-03  1.0e-08    0.8329
4.4e-03  1.0e-07    0.8307
4.4e-03  1.0e-06    0.8230
4.4e-03  1.0e-05    0.8448
4.4e-03  1.0e-04    0.8357
4.4e-03  1.0e-03    0.8069
