data read in complete: 0.1052
Gamma=1.0e-03 and Lambda=1.0e-12
features generated: 0.0004
data transformed: 0.0006
training done: 0.0116
testing done: 0.0010
Gamma=1.0e-03 and Lambda=1.0e-11
features generated: 0.0007
data transformed: 0.0011
training done: 0.0072
testing done: 0.0009
Gamma=1.0e-03 and Lambda=1.0e-10
features generated: 0.0007
data transformed: 0.0011
training done: 0.0153
testing done: 0.0011
Gamma=1.0e-03 and Lambda=1.0e-09
features generated: 0.0007
data transformed: 0.0011
training done: 0.0147
testing done: 0.0012
Gamma=1.0e-03 and Lambda=1.0e-08
features generated: 0.0009
data transformed: 0.0013
training done: 0.0171
testing done: 0.0015
Gamma=1.0e-03 and Lambda=1.0e-07
features generated: 0.0010
data transformed: 0.0014
training done: 0.0155
testing done: 0.0012
Gamma=1.0e-03 and Lambda=1.0e-06
features generated: 0.0012
data transformed: 0.0016
training done: 0.0182
testing done: 0.0012
Gamma=1.0e-03 and Lambda=1.0e-05
features generated: 0.0010
data transformed: 0.0013
training done: 0.0167
testing done: 0.0012
Gamma=1.0e-03 and Lambda=1.0e-04
features generated: 0.0009
data transformed: 0.0015
training done: 0.0175
testing done: 0.0013
Gamma=1.0e-03 and Lambda=1.0e-03
features generated: 0.0010
data transformed: 0.0014
training done: 0.0174
testing done: 0.0016
Best Gamma = 1.0e-03
Best Lambda = 1.0e-06
Classification Accuracy = 0.2727272727272727
Gamma    Lambda    score
1.0e-03  1.0e-12    0.2424
1.0e-03  1.0e-11    0.1818
1.0e-03  1.0e-10    0.1515
1.0e-03  1.0e-09    0.2424
1.0e-03  1.0e-08    0.2424
1.0e-03  1.0e-07    0.1515
1.0e-03  1.0e-06    0.3333
1.0e-03  1.0e-05    0.1515
1.0e-03  1.0e-04    0.2424
1.0e-03  1.0e-03    0.2727
