data read in complete: 17.8334
Gamma=1.0e-03 and Lambda=1.0e-12
features generated: 0.0101
data transformed: 6.1260
training done: 2.8149
testing done: 1.6588
Gamma=1.0e-03 and Lambda=1.0e-11
features generated: 0.0102
data transformed: 6.1334
training done: 2.3641
testing done: 1.4778
Gamma=1.0e-03 and Lambda=1.0e-10
features generated: 0.0099
data transformed: 6.1382
training done: 2.7686
testing done: 1.3920
Gamma=1.0e-03 and Lambda=1.0e-09
features generated: 0.0100
data transformed: 6.1639
training done: 3.3879
testing done: 1.4252
Gamma=1.0e-03 and Lambda=1.0e-08
features generated: 0.0099
data transformed: 6.1549
training done: 11.7317
testing done: 1.6534
Gamma=1.0e-03 and Lambda=1.0e-07
features generated: 0.0100
data transformed: 6.2453
training done: 16.5641
testing done: 1.6151
Gamma=1.0e-03 and Lambda=1.0e-06
features generated: 0.0101
data transformed: 6.2616
training done: 9.8879
testing done: 1.6037
Gamma=1.0e-03 and Lambda=1.0e-05
features generated: 0.0098
data transformed: 6.0779
training done: 4.2282
testing done: 1.3740
Gamma=1.0e-03 and Lambda=1.0e-04
features generated: 0.0097
data transformed: 5.8591
training done: 2.3242
testing done: 1.3757
Gamma=1.0e-03 and Lambda=1.0e-03
features generated: 0.0096
data transformed: 5.7861
training done: 1.6037
testing done: 1.3592
Best Gamma = 1.0e-03
Best Lambda = 1.0e-12
Classification Accuracy = 0.8511
Gamma    Lambda    score
1.0e-03  1.0e-12    0.9172
1.0e-03  1.0e-11    0.8905
1.0e-03  1.0e-10    0.8721
1.0e-03  1.0e-09    0.9108
1.0e-03  1.0e-08    0.8821
1.0e-03  1.0e-07    0.8640
1.0e-03  1.0e-06    0.9048
1.0e-03  1.0e-05    0.9074
1.0e-03  1.0e-04    0.8981
1.0e-03  1.0e-03    0.8511
