data read in complete: 1.4561
Gamma=1.0e-03 and Lambda=1.0e-12
features generated: 0.0005
data transformed: 0.0148
training done: 0.0197
testing done: 0.0115
Gamma=1.0e-03 and Lambda=1.0e-11
features generated: 0.0006
data transformed: 0.0156
training done: 0.0190
testing done: 0.0116
Gamma=1.0e-03 and Lambda=1.0e-10
features generated: 0.0005
data transformed: 0.0151
training done: 0.0337
testing done: 0.0137
Gamma=1.0e-03 and Lambda=1.0e-09
features generated: 0.0012
data transformed: 0.0195
training done: 0.0143
testing done: 0.0116
Gamma=1.0e-03 and Lambda=1.0e-08
features generated: 0.0012
data transformed: 0.0203
training done: 0.0260
testing done: 0.0135
Gamma=1.0e-03 and Lambda=1.0e-07
features generated: 0.0012
data transformed: 0.0179
training done: 0.0268
testing done: 0.0121
Gamma=1.0e-03 and Lambda=1.0e-06
features generated: 0.0005
data transformed: 0.0158
training done: 0.0805
testing done: 0.0159
Gamma=1.0e-03 and Lambda=1.0e-05
features generated: 0.0005
data transformed: 0.0169
training done: 0.0890
testing done: 0.0123
Gamma=1.0e-03 and Lambda=1.0e-04
features generated: 0.0015
data transformed: 0.0185
training done: 0.0553
testing done: 0.0124
Gamma=1.0e-03 and Lambda=1.0e-03
features generated: 0.0005
data transformed: 0.0165
training done: 0.0409
testing done: 0.0137
Best Gamma = 1.0e-03
Best Lambda = 1.0e-03
Classification Accuracy = 0.42494226327944573
Gamma    Lambda    score
1.0e-03  1.0e-12    0.2587
1.0e-03  1.0e-11    0.2252
1.0e-03  1.0e-10    0.1940
1.0e-03  1.0e-09    0.3510
1.0e-03  1.0e-08    0.1998
1.0e-03  1.0e-07    0.2159
1.0e-03  1.0e-06    0.2159
1.0e-03  1.0e-05    0.2425
1.0e-03  1.0e-04    0.3684
1.0e-03  1.0e-03    0.4249
