data read in complete: 0.8833
Gamma=1.0e-03 and Lambda=1.0e-12
features generated: 0.0005
data transformed: 0.0026
training done: 0.0092
testing done: 0.0037
Gamma=1.0e-03 and Lambda=1.0e-11
features generated: 0.0013
data transformed: 0.0070
training done: 0.0207
testing done: 0.0037
Gamma=1.0e-03 and Lambda=1.0e-10
features generated: 0.0013
data transformed: 0.0069
training done: 0.0126
testing done: 0.0037
Gamma=1.0e-03 and Lambda=1.0e-09
features generated: 0.0013
data transformed: 0.0071
training done: 0.0139
testing done: 0.0038
Gamma=1.0e-03 and Lambda=1.0e-08
features generated: 0.0004
data transformed: 0.0028
training done: 0.0070
testing done: 0.0038
Gamma=1.0e-03 and Lambda=1.0e-07
features generated: 0.0013
data transformed: 0.0065
training done: 0.0112
testing done: 0.0037
Gamma=1.0e-03 and Lambda=1.0e-06
features generated: 0.0013
data transformed: 0.0075
training done: 0.0124
testing done: 0.0037
Gamma=1.0e-03 and Lambda=1.0e-05
features generated: 0.0013
data transformed: 0.0079
training done: 0.0135
testing done: 0.0038
Gamma=1.0e-03 and Lambda=1.0e-04
features generated: 0.0013
data transformed: 0.0075
training done: 0.0154
testing done: 0.0037
Gamma=1.0e-03 and Lambda=1.0e-03
features generated: 0.0013
data transformed: 0.0074
training done: 0.0151
testing done: 0.0036
Best Gamma = 1.0e-03
Best Lambda = 1.0e-03
Classification Accuracy = 0.42
Gamma    Lambda    score
1.0e-03  1.0e-12    0.2050
1.0e-03  1.0e-11    0.1550
1.0e-03  1.0e-10    0.2650
1.0e-03  1.0e-09    0.1450
1.0e-03  1.0e-08    0.2650
1.0e-03  1.0e-07    0.2100
1.0e-03  1.0e-06    0.2800
1.0e-03  1.0e-05    0.2300
1.0e-03  1.0e-04    0.3550
1.0e-03  1.0e-03    0.4200
