data read in complete: 14.9134
Gamma=5.6e-04 and Lambda=1.0e-12
features generated: 0.2799
data transformed: 1.1360
crossval done: 0.4063
Gamma=5.6e-04 and Lambda=1.0e-10
features generated: 0.0412
data transformed: 0.8915
crossval done: 0.4257
Gamma=5.6e-04 and Lambda=1.0e-08
features generated: 0.0420
data transformed: 0.9022
crossval done: 0.4274
Gamma=5.6e-04 and Lambda=1.0e-06
features generated: 0.0411
data transformed: 0.8979
crossval done: 0.4255
Gamma=5.6e-04 and Lambda=1.0e-04
features generated: 0.0412
data transformed: 0.8958
crossval done: 0.4231
Gamma=7.0e-04 and Lambda=1.0e-12
features generated: 0.0412
data transformed: 0.8976
crossval done: 0.4267
Gamma=7.0e-04 and Lambda=1.0e-10
features generated: 0.0413
data transformed: 0.9054
crossval done: 0.4308
Gamma=7.0e-04 and Lambda=1.0e-08
features generated: 0.0415
data transformed: 0.8904
crossval done: 0.4325
Gamma=7.0e-04 and Lambda=1.0e-06
features generated: 0.0412
data transformed: 0.8983
crossval done: 0.4300
Gamma=7.0e-04 and Lambda=1.0e-04
features generated: 0.0412
data transformed: 0.9012
crossval done: 0.4380
Gamma=8.8e-04 and Lambda=1.0e-12
features generated: 0.0416
data transformed: 0.8993
crossval done: 0.4372
Gamma=8.8e-04 and Lambda=1.0e-10
features generated: 0.0415
data transformed: 0.9000
crossval done: 0.4456
Gamma=8.8e-04 and Lambda=1.0e-08
features generated: 0.0413
data transformed: 0.8976
crossval done: 0.4344
Gamma=8.8e-04 and Lambda=1.0e-06
features generated: 0.0413
data transformed: 0.8923
crossval done: 0.4395
Gamma=8.8e-04 and Lambda=1.0e-04
features generated: 0.0413
data transformed: 0.9045
crossval done: 0.4382
Gamma=1.1e-03 and Lambda=1.0e-12
features generated: 0.0413
data transformed: 0.9036
crossval done: 0.4379
Gamma=1.1e-03 and Lambda=1.0e-10
features generated: 0.0413
data transformed: 0.9033
crossval done: 0.4362
Gamma=1.1e-03 and Lambda=1.0e-08
features generated: 0.0417
data transformed: 0.9090
crossval done: 0.4405
Gamma=1.1e-03 and Lambda=1.0e-06
features generated: 0.0413
data transformed: 0.9039
crossval done: 0.4374
Gamma=1.1e-03 and Lambda=1.0e-04
features generated: 0.0415
data transformed: 0.8999
crossval done: 0.4355
Gamma=1.4e-03 and Lambda=1.0e-12
features generated: 0.0412
data transformed: 0.9047
crossval done: 0.4377
Gamma=1.4e-03 and Lambda=1.0e-10
features generated: 0.0411
data transformed: 0.9033
crossval done: 0.4390
Gamma=1.4e-03 and Lambda=1.0e-08
features generated: 0.0412
data transformed: 0.9012
crossval done: 0.4354
Gamma=1.4e-03 and Lambda=1.0e-06
features generated: 0.0414
data transformed: 0.9039
crossval done: 0.4358
Gamma=1.4e-03 and Lambda=1.0e-04
features generated: 0.0413
data transformed: 0.9021
crossval done: 0.4312
Gamma=1.8e-03 and Lambda=1.0e-12
features generated: 0.0411
data transformed: 0.9079
crossval done: 0.4348
Gamma=1.8e-03 and Lambda=1.0e-10
features generated: 0.0437
data transformed: 0.9070
crossval done: 0.4350
Gamma=1.8e-03 and Lambda=1.0e-08
features generated: 0.0412
data transformed: 0.9082
crossval done: 0.4381
Gamma=1.8e-03 and Lambda=1.0e-06
features generated: 0.0411
data transformed: 0.9063
crossval done: 0.4388
Gamma=1.8e-03 and Lambda=1.0e-04
features generated: 0.0415
data transformed: 0.9073
crossval done: 0.4376
Gamma=2.2e-03 and Lambda=1.0e-12
features generated: 0.0412
data transformed: 0.9117
crossval done: 0.4393
Gamma=2.2e-03 and Lambda=1.0e-10
features generated: 0.0412
data transformed: 0.9067
crossval done: 0.4355
Gamma=2.2e-03 and Lambda=1.0e-08
features generated: 0.0413
data transformed: 0.9092
crossval done: 0.4345
Gamma=2.2e-03 and Lambda=1.0e-06
features generated: 0.0412
data transformed: 0.9033
crossval done: 0.4353
Gamma=2.2e-03 and Lambda=1.0e-04
features generated: 0.0415
data transformed: 0.9110
crossval done: 0.4353
Gamma=2.8e-03 and Lambda=1.0e-12
features generated: 0.0413
data transformed: 0.9106
crossval done: 0.4403
Gamma=2.8e-03 and Lambda=1.0e-10
features generated: 0.0412
data transformed: 0.9134
crossval done: 0.4419
Gamma=2.8e-03 and Lambda=1.0e-08
features generated: 0.0412
data transformed: 0.9140
crossval done: 0.4355
Gamma=2.8e-03 and Lambda=1.0e-06
features generated: 0.0411
data transformed: 0.9112
crossval done: 0.4374
Gamma=2.8e-03 and Lambda=1.0e-04
features generated: 0.0418
data transformed: 0.9161
crossval done: 0.4368
Gamma=3.5e-03 and Lambda=1.0e-12
features generated: 0.0414
data transformed: 0.9118
crossval done: 0.4422
Gamma=3.5e-03 and Lambda=1.0e-10
features generated: 0.0413
data transformed: 0.9142
crossval done: 0.4398
Gamma=3.5e-03 and Lambda=1.0e-08
features generated: 0.0413
data transformed: 0.9092
crossval done: 0.4365
Gamma=3.5e-03 and Lambda=1.0e-06
features generated: 0.0411
data transformed: 0.9119
crossval done: 0.4384
Gamma=3.5e-03 and Lambda=1.0e-04
features generated: 0.0414
data transformed: 0.9180
crossval done: 0.4363
Gamma=4.4e-03 and Lambda=1.0e-12
features generated: 0.0412
data transformed: 0.9140
crossval done: 0.4371
Gamma=4.4e-03 and Lambda=1.0e-10
features generated: 0.0412
data transformed: 0.9155
crossval done: 0.4405
Gamma=4.4e-03 and Lambda=1.0e-08
features generated: 0.0411
data transformed: 0.9094
crossval done: 0.4366
Gamma=4.4e-03 and Lambda=1.0e-06
features generated: 0.0412
data transformed: 0.9165
crossval done: 0.4367
Gamma=4.4e-03 and Lambda=1.0e-04
features generated: 0.0414
data transformed: 0.9080
crossval done: 0.4367
best model trained: 0.1969
test done: 0.9318
Best Gamma = 2.2e-03
Best Lambda = 1.0e-04
Classification Accuracy = 0.765
Gamma    Lambda    score
5.6e-04  1.0e-12    0.6936
5.6e-04  1.0e-10    0.7324
5.6e-04  1.0e-08    0.7421
5.6e-04  1.0e-06    0.7698
5.6e-04  1.0e-04    0.7764
7.0e-04  1.0e-12    0.7708
7.0e-04  1.0e-10    0.7731
7.0e-04  1.0e-08    0.7772
7.0e-04  1.0e-06    0.7582
7.0e-04  1.0e-04    0.8078
8.8e-04  1.0e-12    0.7950
8.8e-04  1.0e-10    0.7226
8.8e-04  1.0e-08    0.7260
8.8e-04  1.0e-06    0.7768
8.8e-04  1.0e-04    0.7779
1.1e-03  1.0e-12    0.7078
1.1e-03  1.0e-10    0.8000
1.1e-03  1.0e-08    0.7855
1.1e-03  1.0e-06    0.7865
1.1e-03  1.0e-04    0.8176
1.4e-03  1.0e-12    0.7831
1.4e-03  1.0e-10    0.7970
1.4e-03  1.0e-08    0.7729
1.4e-03  1.0e-06    0.7908
1.4e-03  1.0e-04    0.8248
1.8e-03  1.0e-12    0.7576
1.8e-03  1.0e-10    0.8058
1.8e-03  1.0e-08    0.8045
1.8e-03  1.0e-06    0.8218
1.8e-03  1.0e-04    0.8086
2.2e-03  1.0e-12    0.8118
2.2e-03  1.0e-10    0.7906
2.2e-03  1.0e-08    0.8065
2.2e-03  1.0e-06    0.8018
2.2e-03  1.0e-04    0.8276
2.8e-03  1.0e-12    0.7964
2.8e-03  1.0e-10    0.8239
2.8e-03  1.0e-08    0.8108
2.8e-03  1.0e-06    0.8086
2.8e-03  1.0e-04    0.8007
3.5e-03  1.0e-12    0.8026
3.5e-03  1.0e-10    0.7934
3.5e-03  1.0e-08    0.8135
3.5e-03  1.0e-06    0.7957
3.5e-03  1.0e-04    0.7822
4.4e-03  1.0e-12    0.7869
4.4e-03  1.0e-10    0.7984
4.4e-03  1.0e-08    0.8097
4.4e-03  1.0e-06    0.7725
4.4e-03  1.0e-04    0.7821
