data read in complete: 0.5322
Gamma=5.6e-04 and Lambda=1.0e-12
features generated: 0.4464
data transformed: 2.5938
crossval done: 0.8770
Gamma=5.6e-04 and Lambda=1.0e-11
features generated: 0.2162
data transformed: 2.3704
crossval done: 0.9585
Gamma=5.6e-04 and Lambda=1.0e-10
features generated: 0.2202
data transformed: 2.3697
crossval done: 0.9544
Gamma=5.6e-04 and Lambda=1.0e-09
features generated: 0.2102
data transformed: 2.3806
crossval done: 0.9950
Gamma=5.6e-04 and Lambda=1.0e-08
features generated: 0.2119
data transformed: 2.3769
crossval done: 0.9934
Gamma=5.6e-04 and Lambda=1.0e-07
features generated: 0.2046
data transformed: 2.3817
crossval done: 0.9913
Gamma=5.6e-04 and Lambda=1.0e-06
features generated: 0.2046
data transformed: 2.3812
crossval done: 0.9950
Gamma=5.6e-04 and Lambda=1.0e-05
features generated: 0.2217
data transformed: 2.3700
crossval done: 0.9852
Gamma=5.6e-04 and Lambda=1.0e-04
features generated: 0.2155
data transformed: 2.3693
crossval done: 0.9760
Gamma=5.6e-04 and Lambda=1.0e-03
features generated: 0.2116
data transformed: 2.3652
crossval done: 0.9674
Gamma=7.0e-04 and Lambda=1.0e-12
features generated: 0.2114
data transformed: 2.3746
crossval done: 0.9676
Gamma=7.0e-04 and Lambda=1.0e-11
features generated: 0.2090
data transformed: 2.3837
crossval done: 0.9517
Gamma=7.0e-04 and Lambda=1.0e-10
features generated: 0.2043
data transformed: 2.3801
crossval done: 0.9480
Gamma=7.0e-04 and Lambda=1.0e-09
features generated: 0.2044
data transformed: 2.3840
crossval done: 0.9791
Gamma=7.0e-04 and Lambda=1.0e-08
features generated: 0.2042
data transformed: 2.3806
crossval done: 0.9655
Gamma=7.0e-04 and Lambda=1.0e-07
features generated: 0.2044
data transformed: 2.3818
crossval done: 0.9586
Gamma=7.0e-04 and Lambda=1.0e-06
features generated: 0.2043
data transformed: 2.3812
crossval done: 0.9566
Gamma=7.0e-04 and Lambda=1.0e-05
features generated: 0.2044
data transformed: 2.3817
crossval done: 0.9791
Gamma=7.0e-04 and Lambda=1.0e-04
features generated: 0.2043
data transformed: 2.3807
crossval done: 0.9621
Gamma=7.0e-04 and Lambda=1.0e-03
features generated: 0.2043
data transformed: 2.3810
crossval done: 0.9530
Gamma=8.8e-04 and Lambda=1.0e-12
features generated: 0.2114
data transformed: 2.3883
crossval done: 0.9673
Gamma=8.8e-04 and Lambda=1.0e-11
features generated: 0.2045
data transformed: 2.3888
crossval done: 0.9598
Gamma=8.8e-04 and Lambda=1.0e-10
features generated: 0.2143
data transformed: 2.3941
crossval done: 0.9914
Gamma=8.8e-04 and Lambda=1.0e-09
features generated: 0.2081
data transformed: 2.3924
crossval done: 0.9603
Gamma=8.8e-04 and Lambda=1.0e-08
features generated: 0.2045
data transformed: 2.3897
crossval done: 0.9606
Gamma=8.8e-04 and Lambda=1.0e-07
features generated: 0.2113
data transformed: 2.3814
crossval done: 0.9571
Gamma=8.8e-04 and Lambda=1.0e-06
features generated: 0.2081
data transformed: 2.3871
crossval done: 0.9577
Gamma=8.8e-04 and Lambda=1.0e-05
features generated: 0.2043
data transformed: 2.3883
crossval done: 0.9607
Gamma=8.8e-04 and Lambda=1.0e-04
features generated: 0.2045
data transformed: 2.3945
crossval done: 0.9632
Gamma=8.8e-04 and Lambda=1.0e-03
features generated: 0.2045
data transformed: 2.3910
crossval done: 0.9331
Gamma=1.1e-03 and Lambda=1.0e-12
features generated: 0.2044
data transformed: 2.3932
crossval done: 0.9208
Gamma=1.1e-03 and Lambda=1.0e-11
features generated: 0.2044
data transformed: 2.3937
crossval done: 0.9256
Gamma=1.1e-03 and Lambda=1.0e-10
features generated: 0.2044
data transformed: 2.3960
crossval done: 0.9237
Gamma=1.1e-03 and Lambda=1.0e-09
features generated: 0.2057
data transformed: 2.3930
crossval done: 0.9175
Gamma=1.1e-03 and Lambda=1.0e-08
features generated: 0.2043
data transformed: 2.3937
crossval done: 0.9306
Gamma=1.1e-03 and Lambda=1.0e-07
features generated: 0.2112
data transformed: 2.3956
crossval done: 0.9563
Gamma=1.1e-03 and Lambda=1.0e-06
features generated: 0.2043
data transformed: 2.3988
crossval done: 0.9632
Gamma=1.1e-03 and Lambda=1.0e-05
features generated: 0.2043
data transformed: 2.3975
crossval done: 0.9567
Gamma=1.1e-03 and Lambda=1.0e-04
features generated: 0.2043
data transformed: 2.3985
crossval done: 0.9727
Gamma=1.1e-03 and Lambda=1.0e-03
features generated: 0.2113
data transformed: 2.3909
crossval done: 0.9650
Gamma=1.4e-03 and Lambda=1.0e-12
features generated: 0.2044
data transformed: 2.4107
crossval done: 0.9702
Gamma=1.4e-03 and Lambda=1.0e-11
features generated: 0.2042
data transformed: 2.4084
crossval done: 0.9647
Gamma=1.4e-03 and Lambda=1.0e-10
features generated: 0.2043
data transformed: 2.4097
crossval done: 0.9710
Gamma=1.4e-03 and Lambda=1.0e-09
features generated: 0.2042
data transformed: 2.4135
crossval done: 0.9604
Gamma=1.4e-03 and Lambda=1.0e-08
features generated: 0.2044
data transformed: 2.4144
crossval done: 0.9651
Gamma=1.4e-03 and Lambda=1.0e-07
features generated: 0.2042
data transformed: 2.4095
crossval done: 0.9686
Gamma=1.4e-03 and Lambda=1.0e-06
features generated: 0.2044
data transformed: 2.4093
crossval done: 0.9711
Gamma=1.4e-03 and Lambda=1.0e-05
features generated: 0.2043
data transformed: 2.4096
crossval done: 0.9587
Gamma=1.4e-03 and Lambda=1.0e-04
features generated: 0.2044
data transformed: 2.4136
crossval done: 0.9784
Gamma=1.4e-03 and Lambda=1.0e-03
features generated: 0.2117
data transformed: 2.4051
crossval done: 0.9805
Gamma=1.8e-03 and Lambda=1.0e-12
features generated: 0.2043
data transformed: 2.4201
crossval done: 0.9592
Gamma=1.8e-03 and Lambda=1.0e-11
features generated: 0.2044
data transformed: 2.4206
crossval done: 0.9648
Gamma=1.8e-03 and Lambda=1.0e-10
features generated: 0.2043
data transformed: 2.4172
crossval done: 0.9131
Gamma=1.8e-03 and Lambda=1.0e-09
features generated: 0.2043
data transformed: 2.4178
crossval done: 0.9141
Gamma=1.8e-03 and Lambda=1.0e-08
features generated: 0.2043
data transformed: 2.4153
crossval done: 0.9225
Gamma=1.8e-03 and Lambda=1.0e-07
features generated: 0.2042
data transformed: 2.4225
crossval done: 0.9618
Gamma=1.8e-03 and Lambda=1.0e-06
features generated: 0.2047
data transformed: 2.4344
crossval done: 0.9922
Gamma=1.8e-03 and Lambda=1.0e-05
features generated: 0.2045
data transformed: 2.4299
crossval done: 0.9965
Gamma=1.8e-03 and Lambda=1.0e-04
features generated: 0.2045
data transformed: 2.4349
crossval done: 0.9928
Gamma=1.8e-03 and Lambda=1.0e-03
features generated: 0.2046
data transformed: 2.4229
crossval done: 0.9606
Gamma=2.2e-03 and Lambda=1.0e-12
features generated: 0.2044
data transformed: 2.4333
crossval done: 0.9583
Gamma=2.2e-03 and Lambda=1.0e-11
features generated: 0.2042
data transformed: 2.4338
crossval done: 0.9693
Gamma=2.2e-03 and Lambda=1.0e-10
features generated: 0.2044
data transformed: 2.4318
crossval done: 0.9592
Gamma=2.2e-03 and Lambda=1.0e-09
features generated: 0.2046
data transformed: 2.4419
crossval done: 0.9844
Gamma=2.2e-03 and Lambda=1.0e-08
features generated: 0.2140
data transformed: 2.4386
crossval done: 0.9628
Gamma=2.2e-03 and Lambda=1.0e-07
features generated: 0.2082
data transformed: 2.4353
crossval done: 0.9654
Gamma=2.2e-03 and Lambda=1.0e-06
features generated: 0.2045
data transformed: 2.4366
crossval done: 0.9560
Gamma=2.2e-03 and Lambda=1.0e-05
features generated: 0.2044
data transformed: 2.4368
crossval done: 0.9668
Gamma=2.2e-03 and Lambda=1.0e-04
features generated: 0.2045
data transformed: 2.4326
crossval done: 0.9642
Gamma=2.2e-03 and Lambda=1.0e-03
features generated: 0.2044
data transformed: 2.4377
crossval done: 0.9665
Gamma=2.8e-03 and Lambda=1.0e-12
features generated: 0.2044
data transformed: 2.4416
crossval done: 0.9624
Gamma=2.8e-03 and Lambda=1.0e-11
features generated: 0.2046
data transformed: 2.4476
crossval done: 0.9849
Gamma=2.8e-03 and Lambda=1.0e-10
features generated: 0.2046
data transformed: 2.4491
crossval done: 0.9741
Gamma=2.8e-03 and Lambda=1.0e-09
features generated: 0.2045
data transformed: 2.4450
crossval done: 0.9656
Gamma=2.8e-03 and Lambda=1.0e-08
features generated: 0.2044
data transformed: 2.4453
crossval done: 0.9582
Gamma=2.8e-03 and Lambda=1.0e-07
features generated: 0.2044
data transformed: 2.4458
crossval done: 0.9664
Gamma=2.8e-03 and Lambda=1.0e-06
features generated: 0.2042
data transformed: 2.4391
crossval done: 0.9652
Gamma=2.8e-03 and Lambda=1.0e-05
features generated: 0.2044
data transformed: 2.4475
crossval done: 0.9774
Gamma=2.8e-03 and Lambda=1.0e-04
features generated: 0.2045
data transformed: 2.4479
crossval done: 0.9897
Gamma=2.8e-03 and Lambda=1.0e-03
features generated: 0.2047
data transformed: 2.4615
crossval done: 0.9981
Gamma=3.5e-03 and Lambda=1.0e-12
features generated: 0.2048
data transformed: 2.4675
crossval done: 0.9978
Gamma=3.5e-03 and Lambda=1.0e-11
features generated: 0.2047
data transformed: 2.4659
crossval done: 0.9943
Gamma=3.5e-03 and Lambda=1.0e-10
features generated: 0.2045
data transformed: 2.4662
crossval done: 0.9916
Gamma=3.5e-03 and Lambda=1.0e-09
features generated: 0.2046
data transformed: 2.4652
crossval done: 0.9903
Gamma=3.5e-03 and Lambda=1.0e-08
features generated: 0.2046
data transformed: 2.4682
crossval done: 1.0014
Gamma=3.5e-03 and Lambda=1.0e-07
features generated: 0.2044
data transformed: 2.4592
crossval done: 0.9792
Gamma=3.5e-03 and Lambda=1.0e-06
features generated: 0.2045
data transformed: 2.4602
crossval done: 0.9824
Gamma=3.5e-03 and Lambda=1.0e-05
features generated: 0.2045
data transformed: 2.4668
crossval done: 0.9890
Gamma=3.5e-03 and Lambda=1.0e-04
features generated: 0.2045
data transformed: 2.4592
crossval done: 0.9911
Gamma=3.5e-03 and Lambda=1.0e-03
features generated: 0.2046
data transformed: 2.4646
crossval done: 0.9952
Gamma=4.4e-03 and Lambda=1.0e-12
features generated: 0.2044
data transformed: 2.4680
crossval done: 0.9741
Gamma=4.4e-03 and Lambda=1.0e-11
features generated: 0.2043
data transformed: 2.4782
crossval done: 1.0021
Gamma=4.4e-03 and Lambda=1.0e-10
features generated: 0.2044
data transformed: 2.4729
crossval done: 0.9830
Gamma=4.4e-03 and Lambda=1.0e-09
features generated: 0.2045
data transformed: 2.4739
crossval done: 0.9664
Gamma=4.4e-03 and Lambda=1.0e-08
features generated: 0.2043
data transformed: 2.4668
crossval done: 0.9630
Gamma=4.4e-03 and Lambda=1.0e-07
features generated: 0.2044
data transformed: 2.4669
crossval done: 0.9648
Gamma=4.4e-03 and Lambda=1.0e-06
features generated: 0.2043
data transformed: 2.4714
crossval done: 0.9649
Gamma=4.4e-03 and Lambda=1.0e-05
features generated: 0.2043
data transformed: 2.4689
crossval done: 0.9759
Gamma=4.4e-03 and Lambda=1.0e-04
features generated: 0.2044
data transformed: 2.4722
crossval done: 0.9700
Gamma=4.4e-03 and Lambda=1.0e-03
features generated: 0.2045
data transformed: 2.4673
crossval done: 0.9741
best model trained: 1.0287
test done: 2.4519
Best Gamma = 1.4e-03
Best Lambda = 1.0e-04
Classification Accuracy = 0.783
Gamma    Lambda    score
5.6e-04  1.0e-12    0.7082
5.6e-04  1.0e-11    0.7190
5.6e-04  1.0e-10    0.7161
5.6e-04  1.0e-09    0.7449
5.6e-04  1.0e-08    0.6706
5.6e-04  1.0e-07    0.7218
5.6e-04  1.0e-06    0.7577
5.6e-04  1.0e-05    0.7817
5.6e-04  1.0e-04    0.7827
5.6e-04  1.0e-03    0.7977
7.0e-04  1.0e-12    0.7646
7.0e-04  1.0e-11    0.7593
7.0e-04  1.0e-10    0.7655
7.0e-04  1.0e-09    0.7381
7.0e-04  1.0e-08    0.7640
7.0e-04  1.0e-07    0.7896
7.0e-04  1.0e-06    0.7439
7.0e-04  1.0e-05    0.7400
7.0e-04  1.0e-04    0.7907
7.0e-04  1.0e-03    0.8037
8.8e-04  1.0e-12    0.7895
8.8e-04  1.0e-11    0.7513
8.8e-04  1.0e-10    0.7747
8.8e-04  1.0e-09    0.7989
8.8e-04  1.0e-08    0.8157
8.8e-04  1.0e-07    0.8038
8.8e-04  1.0e-06    0.7896
8.8e-04  1.0e-05    0.7878
8.8e-04  1.0e-04    0.8136
8.8e-04  1.0e-03    0.8057
1.1e-03  1.0e-12    0.7973
1.1e-03  1.0e-11    0.7938
1.1e-03  1.0e-10    0.7668
1.1e-03  1.0e-09    0.7566
1.1e-03  1.0e-08    0.8193
1.1e-03  1.0e-07    0.7925
1.1e-03  1.0e-06    0.8120
1.1e-03  1.0e-05    0.7718
1.1e-03  1.0e-04    0.8269
1.1e-03  1.0e-03    0.8187
1.4e-03  1.0e-12    0.7859
1.4e-03  1.0e-11    0.8049
1.4e-03  1.0e-10    0.7777
1.4e-03  1.0e-09    0.8117
1.4e-03  1.0e-08    0.8267
1.4e-03  1.0e-07    0.7817
1.4e-03  1.0e-06    0.7406
1.4e-03  1.0e-05    0.8086
1.4e-03  1.0e-04    0.8437
1.4e-03  1.0e-03    0.8317
1.8e-03  1.0e-12    0.8066
1.8e-03  1.0e-11    0.8116
1.8e-03  1.0e-10    0.8216
1.8e-03  1.0e-09    0.8256
1.8e-03  1.0e-08    0.8209
1.8e-03  1.0e-07    0.8125
1.8e-03  1.0e-06    0.8102
1.8e-03  1.0e-05    0.7674
1.8e-03  1.0e-04    0.8368
1.8e-03  1.0e-03    0.8238
2.2e-03  1.0e-12    0.7966
2.2e-03  1.0e-11    0.8159
2.2e-03  1.0e-10    0.8147
2.2e-03  1.0e-09    0.7884
2.2e-03  1.0e-08    0.8176
2.2e-03  1.0e-07    0.8253
2.2e-03  1.0e-06    0.8276
2.2e-03  1.0e-05    0.8146
2.2e-03  1.0e-04    0.7988
2.2e-03  1.0e-03    0.8357
2.8e-03  1.0e-12    0.8246
2.8e-03  1.0e-11    0.8237
2.8e-03  1.0e-10    0.8407
2.8e-03  1.0e-09    0.8276
2.8e-03  1.0e-08    0.8289
2.8e-03  1.0e-07    0.8318
2.8e-03  1.0e-06    0.8225
2.8e-03  1.0e-05    0.8257
2.8e-03  1.0e-04    0.8167
2.8e-03  1.0e-03    0.8299
3.5e-03  1.0e-12    0.8385
3.5e-03  1.0e-11    0.8186
3.5e-03  1.0e-10    0.8369
3.5e-03  1.0e-09    0.7832
3.5e-03  1.0e-08    0.8188
3.5e-03  1.0e-07    0.8257
3.5e-03  1.0e-06    0.8126
3.5e-03  1.0e-05    0.8227
3.5e-03  1.0e-04    0.7980
3.5e-03  1.0e-03    0.8328
4.4e-03  1.0e-12    0.8178
4.4e-03  1.0e-11    0.8367
4.4e-03  1.0e-10    0.8169
4.4e-03  1.0e-09    0.8131
4.4e-03  1.0e-08    0.8318
4.4e-03  1.0e-07    0.8317
4.4e-03  1.0e-06    0.7895
4.4e-03  1.0e-05    0.8287
4.4e-03  1.0e-04    0.8208
4.4e-03  1.0e-03    0.8189
