data read in complete: 5.6144
Gamma=1.0e-03 and Lambda=1.0e-12
features generated: 0.0054
data transformed: 1.7963
training done: 0.5500
testing done: 0.8354
Gamma=1.0e-03 and Lambda=1.0e-11
features generated: 0.0052
data transformed: 1.8100
training done: 0.6282
testing done: 0.8218
Gamma=1.0e-03 and Lambda=1.0e-10
features generated: 0.0052
data transformed: 1.7846
training done: 0.5897
testing done: 0.8243
Gamma=1.0e-03 and Lambda=1.0e-09
features generated: 0.0053
data transformed: 1.7952
training done: 0.4894
testing done: 0.8164
Gamma=1.0e-03 and Lambda=1.0e-08
features generated: 0.0052
data transformed: 1.7621
training done: 0.6011
testing done: 0.8216
Gamma=1.0e-03 and Lambda=1.0e-07
features generated: 0.0053
data transformed: 1.7521
training done: 1.4515
testing done: 0.8143
Gamma=1.0e-03 and Lambda=1.0e-06
features generated: 0.0053
data transformed: 1.7669
training done: 2.0446
testing done: 0.8554
Gamma=1.0e-03 and Lambda=1.0e-05
features generated: 0.0053
data transformed: 1.7576
training done: 1.3562
testing done: 0.8451
Gamma=1.0e-03 and Lambda=1.0e-04
features generated: 0.0053
data transformed: 1.7441
training done: 0.6233
testing done: 0.8037
Gamma=1.0e-03 and Lambda=1.0e-03
features generated: 0.0052
data transformed: 1.7104
training done: 0.2790
testing done: 0.7588
Best Gamma = 1.0e-03
Best Lambda = 1.0e-05
Classification Accuracy = 0.7641102568910557
Gamma    Lambda    score
1.0e-03  1.0e-12    0.7849
1.0e-03  1.0e-11    0.7628
1.0e-03  1.0e-10    0.8243
1.0e-03  1.0e-09    0.7574
1.0e-03  1.0e-08    0.8063
1.0e-03  1.0e-07    0.7778
1.0e-03  1.0e-06    0.8282
1.0e-03  1.0e-05    0.8496
1.0e-03  1.0e-04    0.8350
1.0e-03  1.0e-03    0.7641
