data read in complete: 14.7823
Gamma=5.6e-04 and Lambda=1.0e-12
features generated: 1.1122
data transformed: 0.8410
crossval done: 0.2636
Gamma=5.6e-04 and Lambda=1.0e-11
features generated: 0.0203
data transformed: 0.6001
crossval done: 0.2728
Gamma=5.6e-04 and Lambda=1.0e-10
features generated: 0.0202
data transformed: 0.5925
crossval done: 0.2666
Gamma=5.6e-04 and Lambda=1.0e-09
features generated: 0.0202
data transformed: 0.5912
crossval done: 0.2717
Gamma=5.6e-04 and Lambda=1.0e-08
features generated: 0.0202
data transformed: 0.5893
crossval done: 0.2727
Gamma=5.6e-04 and Lambda=1.0e-07
features generated: 0.0202
data transformed: 0.5657
crossval done: 0.2709
Gamma=5.6e-04 and Lambda=1.0e-06
features generated: 0.0202
data transformed: 0.5764
crossval done: 0.2680
Gamma=5.6e-04 and Lambda=1.0e-05
features generated: 0.0203
data transformed: 0.5658
crossval done: 0.2719
Gamma=5.6e-04 and Lambda=1.0e-04
features generated: 0.0202
data transformed: 0.5930
crossval done: 0.2730
Gamma=5.6e-04 and Lambda=1.0e-03
features generated: 0.0202
data transformed: 0.5840
crossval done: 0.2706
Gamma=7.0e-04 and Lambda=1.0e-12
features generated: 0.0203
data transformed: 0.5763
crossval done: 0.2694
Gamma=7.0e-04 and Lambda=1.0e-11
features generated: 0.0202
data transformed: 0.5960
crossval done: 0.2713
Gamma=7.0e-04 and Lambda=1.0e-10
features generated: 0.0202
data transformed: 0.5927
crossval done: 0.2709
Gamma=7.0e-04 and Lambda=1.0e-09
features generated: 0.0202
data transformed: 0.5902
crossval done: 0.2687
Gamma=7.0e-04 and Lambda=1.0e-08
features generated: 0.0203
data transformed: 0.5934
crossval done: 0.2698
Gamma=7.0e-04 and Lambda=1.0e-07
features generated: 0.0202
data transformed: 0.5887
crossval done: 0.2703
Gamma=7.0e-04 and Lambda=1.0e-06
features generated: 0.0202
data transformed: 0.5960
crossval done: 0.2709
Gamma=7.0e-04 and Lambda=1.0e-05
features generated: 0.0202
data transformed: 0.5934
crossval done: 0.2727
Gamma=7.0e-04 and Lambda=1.0e-04
features generated: 0.0203
data transformed: 0.5943
crossval done: 0.2717
Gamma=7.0e-04 and Lambda=1.0e-03
features generated: 0.0202
data transformed: 0.5879
crossval done: 0.2674
Gamma=8.8e-04 and Lambda=1.0e-12
features generated: 0.0202
data transformed: 0.6185
crossval done: 0.2945
Gamma=8.8e-04 and Lambda=1.0e-11
features generated: 0.0203
data transformed: 0.6161
crossval done: 0.2991
Gamma=8.8e-04 and Lambda=1.0e-10
features generated: 0.0205
data transformed: 0.6253
crossval done: 0.3027
Gamma=8.8e-04 and Lambda=1.0e-09
features generated: 0.0204
data transformed: 0.6145
crossval done: 0.2999
Gamma=8.8e-04 and Lambda=1.0e-08
features generated: 0.0203
data transformed: 0.6148
crossval done: 0.2936
Gamma=8.8e-04 and Lambda=1.0e-07
features generated: 0.0203
data transformed: 0.6130
crossval done: 0.2995
Gamma=8.8e-04 and Lambda=1.0e-06
features generated: 0.0203
data transformed: 0.6148
crossval done: 0.3013
Gamma=8.8e-04 and Lambda=1.0e-05
features generated: 0.0203
data transformed: 0.6155
crossval done: 0.3002
Gamma=8.8e-04 and Lambda=1.0e-04
features generated: 0.0203
data transformed: 0.6123
crossval done: 0.2875
Gamma=8.8e-04 and Lambda=1.0e-03
features generated: 0.0203
data transformed: 0.6230
crossval done: 0.3000
Gamma=1.1e-03 and Lambda=1.0e-12
features generated: 0.0203
data transformed: 0.6294
crossval done: 0.2937
Gamma=1.1e-03 and Lambda=1.0e-11
features generated: 0.0203
data transformed: 0.6319
crossval done: 0.3002
Gamma=1.1e-03 and Lambda=1.0e-10
features generated: 0.0203
data transformed: 0.6297
crossval done: 0.3019
Gamma=1.1e-03 and Lambda=1.0e-09
features generated: 0.0203
data transformed: 0.6298
crossval done: 0.2914
Gamma=1.1e-03 and Lambda=1.0e-08
features generated: 0.0203
data transformed: 0.6305
crossval done: 0.2942
Gamma=1.1e-03 and Lambda=1.0e-07
features generated: 0.0203
data transformed: 0.6297
crossval done: 0.2883
Gamma=1.1e-03 and Lambda=1.0e-06
features generated: 0.0203
data transformed: 0.6261
crossval done: 0.3050
Gamma=1.1e-03 and Lambda=1.0e-05
features generated: 0.0203
data transformed: 0.6365
crossval done: 0.2895
Gamma=1.1e-03 and Lambda=1.0e-04
features generated: 0.0202
data transformed: 0.6343
crossval done: 0.2978
Gamma=1.1e-03 and Lambda=1.0e-03
features generated: 0.0204
data transformed: 0.6308
crossval done: 0.2885
Gamma=1.4e-03 and Lambda=1.0e-12
features generated: 0.0203
data transformed: 0.6465
crossval done: 0.2607
Gamma=1.4e-03 and Lambda=1.0e-11
features generated: 0.0203
data transformed: 0.6466
crossval done: 0.2967
Gamma=1.4e-03 and Lambda=1.0e-10
features generated: 0.0203
data transformed: 0.6463
crossval done: 0.2950
Gamma=1.4e-03 and Lambda=1.0e-09
features generated: 0.0202
data transformed: 0.6439
crossval done: 0.2974
Gamma=1.4e-03 and Lambda=1.0e-08
features generated: 0.0202
data transformed: 0.6457
crossval done: 0.2973
Gamma=1.4e-03 and Lambda=1.0e-07
features generated: 0.0204
data transformed: 0.6482
crossval done: 0.2884
Gamma=1.4e-03 and Lambda=1.0e-06
features generated: 0.0203
data transformed: 0.6473
crossval done: 0.2921
Gamma=1.4e-03 and Lambda=1.0e-05
features generated: 0.0203
data transformed: 0.6448
crossval done: 0.2876
Gamma=1.4e-03 and Lambda=1.0e-04
features generated: 0.0202
data transformed: 0.6512
crossval done: 0.2685
Gamma=1.4e-03 and Lambda=1.0e-03
features generated: 0.0202
data transformed: 0.6402
crossval done: 0.3145
Gamma=1.8e-03 and Lambda=1.0e-12
features generated: 0.0211
data transformed: 0.6894
crossval done: 0.3073
Gamma=1.8e-03 and Lambda=1.0e-11
features generated: 0.0204
data transformed: 0.6771
crossval done: 0.2982
Gamma=1.8e-03 and Lambda=1.0e-10
features generated: 0.0211
data transformed: 0.6860
crossval done: 0.3153
Gamma=1.8e-03 and Lambda=1.0e-09
features generated: 0.0210
data transformed: 0.6813
crossval done: 0.3161
Gamma=1.8e-03 and Lambda=1.0e-08
features generated: 0.0203
data transformed: 0.6656
crossval done: 0.2983
Gamma=1.8e-03 and Lambda=1.0e-07
features generated: 0.0203
data transformed: 0.6672
crossval done: 0.2971
Gamma=1.8e-03 and Lambda=1.0e-06
features generated: 0.0203
data transformed: 0.6667
crossval done: 0.2993
Gamma=1.8e-03 and Lambda=1.0e-05
features generated: 0.0203
data transformed: 0.6684
crossval done: 0.2954
Gamma=1.8e-03 and Lambda=1.0e-04
features generated: 0.0203
data transformed: 0.6665
crossval done: 0.2938
Gamma=1.8e-03 and Lambda=1.0e-03
features generated: 0.0203
data transformed: 0.6724
crossval done: 0.2978
Gamma=2.2e-03 and Lambda=1.0e-12
features generated: 0.0203
data transformed: 0.6881
crossval done: 0.2908
Gamma=2.2e-03 and Lambda=1.0e-11
features generated: 0.0203
data transformed: 0.6892
crossval done: 0.3071
Gamma=2.2e-03 and Lambda=1.0e-10
features generated: 0.0203
data transformed: 0.6895
crossval done: 0.3140
Gamma=2.2e-03 and Lambda=1.0e-09
features generated: 0.0203
data transformed: 0.6872
crossval done: 0.3073
Gamma=2.2e-03 and Lambda=1.0e-08
features generated: 0.0203
data transformed: 0.6869
crossval done: 0.3031
Gamma=2.2e-03 and Lambda=1.0e-07
features generated: 0.0203
data transformed: 0.6879
crossval done: 0.3083
Gamma=2.2e-03 and Lambda=1.0e-06
features generated: 0.0204
data transformed: 0.6947
crossval done: 0.3027
Gamma=2.2e-03 and Lambda=1.0e-05
features generated: 0.0203
data transformed: 0.6965
crossval done: 0.3002
Gamma=2.2e-03 and Lambda=1.0e-04
features generated: 0.0204
data transformed: 0.6869
crossval done: 0.2949
Gamma=2.2e-03 and Lambda=1.0e-03
features generated: 0.0203
data transformed: 0.6881
crossval done: 0.2976
Gamma=2.8e-03 and Lambda=1.0e-12
features generated: 0.0203
data transformed: 0.7105
crossval done: 0.2927
Gamma=2.8e-03 and Lambda=1.0e-11
features generated: 0.0203
data transformed: 0.7061
crossval done: 0.2975
Gamma=2.8e-03 and Lambda=1.0e-10
features generated: 0.0203
data transformed: 0.7061
crossval done: 0.2963
Gamma=2.8e-03 and Lambda=1.0e-09
features generated: 0.0203
data transformed: 0.7084
crossval done: 0.2982
Gamma=2.8e-03 and Lambda=1.0e-08
features generated: 0.0203
data transformed: 0.7054
crossval done: 0.2828
Gamma=2.8e-03 and Lambda=1.0e-07
features generated: 0.0204
data transformed: 0.7084
crossval done: 0.2924
Gamma=2.8e-03 and Lambda=1.0e-06
features generated: 0.0203
data transformed: 0.7050
crossval done: 0.2953
Gamma=2.8e-03 and Lambda=1.0e-05
features generated: 0.0203
data transformed: 0.7033
crossval done: 0.2960
Gamma=2.8e-03 and Lambda=1.0e-04
features generated: 0.0202
data transformed: 0.7049
crossval done: 0.2909
Gamma=2.8e-03 and Lambda=1.0e-03
features generated: 0.0204
data transformed: 0.7060
crossval done: 0.2994
Gamma=3.5e-03 and Lambda=1.0e-12
features generated: 0.0203
data transformed: 0.7255
crossval done: 0.3026
Gamma=3.5e-03 and Lambda=1.0e-11
features generated: 0.0202
data transformed: 0.7270
crossval done: 0.2940
Gamma=3.5e-03 and Lambda=1.0e-10
features generated: 0.0202
data transformed: 0.7239
crossval done: 0.2951
Gamma=3.5e-03 and Lambda=1.0e-09
features generated: 0.0203
data transformed: 0.7241
crossval done: 0.2984
Gamma=3.5e-03 and Lambda=1.0e-08
features generated: 0.0203
data transformed: 0.7227
crossval done: 0.2975
Gamma=3.5e-03 and Lambda=1.0e-07
features generated: 0.0203
data transformed: 0.7230
crossval done: 0.2923
Gamma=3.5e-03 and Lambda=1.0e-06
features generated: 0.0203
data transformed: 0.7240
crossval done: 0.2898
Gamma=3.5e-03 and Lambda=1.0e-05
features generated: 0.0203
data transformed: 0.7247
crossval done: 0.2794
Gamma=3.5e-03 and Lambda=1.0e-04
features generated: 0.0203
data transformed: 0.7249
crossval done: 0.3013
Gamma=3.5e-03 and Lambda=1.0e-03
features generated: 0.0204
data transformed: 0.7254
crossval done: 0.2896
Gamma=4.4e-03 and Lambda=1.0e-12
features generated: 0.0203
data transformed: 0.7516
crossval done: 0.2857
Gamma=4.4e-03 and Lambda=1.0e-11
features generated: 0.0204
data transformed: 0.7668
crossval done: 0.3096
Gamma=4.4e-03 and Lambda=1.0e-10
features generated: 0.0209
data transformed: 0.7583
crossval done: 0.3058
Gamma=4.4e-03 and Lambda=1.0e-09
features generated: 0.0203
data transformed: 0.7241
crossval done: 0.2963
Gamma=4.4e-03 and Lambda=1.0e-08
features generated: 0.0203
data transformed: 0.7420
crossval done: 0.3009
Gamma=4.4e-03 and Lambda=1.0e-07
features generated: 0.0203
data transformed: 0.7390
crossval done: 0.2996
Gamma=4.4e-03 and Lambda=1.0e-06
features generated: 0.0203
data transformed: 0.7438
crossval done: 0.2688
Gamma=4.4e-03 and Lambda=1.0e-05
features generated: 0.0204
data transformed: 0.7437
crossval done: 0.2919
Gamma=4.4e-03 and Lambda=1.0e-04
features generated: 0.0204
data transformed: 0.7238
crossval done: 0.2876
Gamma=4.4e-03 and Lambda=1.0e-03
features generated: 0.0202
data transformed: 0.7390
crossval done: 0.3020
best model trained: 18.8472
test done: 0.0473
Best Gamma = 2.2e-03
Best Lambda = 1.0e-03
Classification Accuracy = 0.8643
Gamma    Lambda    score
5.6e-04  1.0e-12    0.7175
5.6e-04  1.0e-11    0.6847
5.6e-04  1.0e-10    0.7323
5.6e-04  1.0e-09    0.7538
5.6e-04  1.0e-08    0.7152
5.6e-04  1.0e-07    0.7092
5.6e-04  1.0e-06    0.7205
5.6e-04  1.0e-05    0.7886
5.6e-04  1.0e-04    0.7706
5.6e-04  1.0e-03    0.7868
7.0e-04  1.0e-12    0.6980
7.0e-04  1.0e-11    0.7255
7.0e-04  1.0e-10    0.7590
7.0e-04  1.0e-09    0.7196
7.0e-04  1.0e-08    0.7097
7.0e-04  1.0e-07    0.7490
7.0e-04  1.0e-06    0.7352
7.0e-04  1.0e-05    0.7434
7.0e-04  1.0e-04    0.7784
7.0e-04  1.0e-03    0.7938
8.8e-04  1.0e-12    0.7586
8.8e-04  1.0e-11    0.7847
8.8e-04  1.0e-10    0.7542
8.8e-04  1.0e-09    0.7588
8.8e-04  1.0e-08    0.7586
8.8e-04  1.0e-07    0.7138
8.8e-04  1.0e-06    0.7517
8.8e-04  1.0e-05    0.7424
8.8e-04  1.0e-04    0.8056
8.8e-04  1.0e-03    0.7987
1.1e-03  1.0e-12    0.7541
1.1e-03  1.0e-11    0.7738
1.1e-03  1.0e-10    0.7559
1.1e-03  1.0e-09    0.7897
1.1e-03  1.0e-08    0.7401
1.1e-03  1.0e-07    0.7909
1.1e-03  1.0e-06    0.8078
1.1e-03  1.0e-05    0.8129
1.1e-03  1.0e-04    0.7880
1.1e-03  1.0e-03    0.8075
1.4e-03  1.0e-12    0.7792
1.4e-03  1.0e-11    0.7930
1.4e-03  1.0e-10    0.7412
1.4e-03  1.0e-09    0.8037
1.4e-03  1.0e-08    0.8076
1.4e-03  1.0e-07    0.7851
1.4e-03  1.0e-06    0.8057
1.4e-03  1.0e-05    0.8171
1.4e-03  1.0e-04    0.8056
1.4e-03  1.0e-03    0.7948
1.8e-03  1.0e-12    0.7854
1.8e-03  1.0e-11    0.7822
1.8e-03  1.0e-10    0.8149
1.8e-03  1.0e-09    0.7739
1.8e-03  1.0e-08    0.7977
1.8e-03  1.0e-07    0.7780
1.8e-03  1.0e-06    0.7898
1.8e-03  1.0e-05    0.7664
1.8e-03  1.0e-04    0.8187
1.8e-03  1.0e-03    0.7995
2.2e-03  1.0e-12    0.7750
2.2e-03  1.0e-11    0.7638
2.2e-03  1.0e-10    0.7967
2.2e-03  1.0e-09    0.7796
2.2e-03  1.0e-08    0.8105
2.2e-03  1.0e-07    0.7898
2.2e-03  1.0e-06    0.7887
2.2e-03  1.0e-05    0.7783
2.2e-03  1.0e-04    0.8026
2.2e-03  1.0e-03    0.8248
2.8e-03  1.0e-12    0.7817
2.8e-03  1.0e-11    0.7789
2.8e-03  1.0e-10    0.8108
2.8e-03  1.0e-09    0.8049
2.8e-03  1.0e-08    0.7914
2.8e-03  1.0e-07    0.8009
2.8e-03  1.0e-06    0.7976
2.8e-03  1.0e-05    0.7725
2.8e-03  1.0e-04    0.7955
2.8e-03  1.0e-03    0.8138
3.5e-03  1.0e-12    0.7762
3.5e-03  1.0e-11    0.8028
3.5e-03  1.0e-10    0.7957
3.5e-03  1.0e-09    0.7937
3.5e-03  1.0e-08    0.7707
3.5e-03  1.0e-07    0.7658
3.5e-03  1.0e-06    0.7838
3.5e-03  1.0e-05    0.7660
3.5e-03  1.0e-04    0.7736
3.5e-03  1.0e-03    0.8048
4.4e-03  1.0e-12    0.7437
4.4e-03  1.0e-11    0.7697
4.4e-03  1.0e-10    0.7646
4.4e-03  1.0e-09    0.7559
4.4e-03  1.0e-08    0.7657
4.4e-03  1.0e-07    0.7637
4.4e-03  1.0e-06    0.7568
4.4e-03  1.0e-05    0.7409
4.4e-03  1.0e-04    0.7816
4.4e-03  1.0e-03    0.7901
