data read in complete: 3.9491
Gamma=1.0e-03 and Lambda=1.0e-12
features generated: 0.0046
data transformed: 1.4796
training done: 0.2870
testing done: 0.5885
Gamma=1.0e-03 and Lambda=1.0e-11
features generated: 0.0043
data transformed: 1.4479
training done: 0.2925
testing done: 0.5433
Gamma=1.0e-03 and Lambda=1.0e-10
features generated: 0.0042
data transformed: 1.4038
training done: 0.3045
testing done: 0.5518
Gamma=1.0e-03 and Lambda=1.0e-09
features generated: 0.0043
data transformed: 1.4033
training done: 0.2764
testing done: 0.5593
Gamma=1.0e-03 and Lambda=1.0e-08
features generated: 0.0044
data transformed: 1.3990
training done: 0.3651
testing done: 0.5494
Gamma=1.0e-03 and Lambda=1.0e-07
features generated: 0.0043
data transformed: 1.4116
training done: 0.6911
testing done: 0.5477
Gamma=1.0e-03 and Lambda=1.0e-06
features generated: 0.0044
data transformed: 1.4007
training done: 1.0512
testing done: 0.5452
Gamma=1.0e-03 and Lambda=1.0e-05
features generated: 0.0043
data transformed: 1.4055
training done: 0.7302
testing done: 0.5443
Gamma=1.0e-03 and Lambda=1.0e-04
features generated: 0.0042
data transformed: 1.3662
training done: 0.4289
testing done: 0.5161
Gamma=1.0e-03 and Lambda=1.0e-03
features generated: 0.0042
data transformed: 1.4407
training done: 0.2245
testing done: 0.5113
Best Gamma = 1.0e-03
Best Lambda = 1.0e-09
Classification Accuracy = 0.7495908346972177
Gamma    Lambda    score
1.0e-03  1.0e-12    0.7990
1.0e-03  1.0e-11    0.7976
1.0e-03  1.0e-10    0.7870
1.0e-03  1.0e-09    0.8082
1.0e-03  1.0e-08    0.6609
1.0e-03  1.0e-07    0.8080
1.0e-03  1.0e-06    0.7984
1.0e-03  1.0e-05    0.7987
1.0e-03  1.0e-04    0.7998
1.0e-03  1.0e-03    0.7496
