data read in complete: 12.3845
Gamma=1.0e-03 and Lambda=1.0e-12
features generated: 0.0086
data transformed: 3.9112
training done: 1.7724
testing done: 1.4513
Gamma=1.0e-03 and Lambda=1.0e-11
features generated: 0.0078
data transformed: 3.7854
training done: 1.6619
testing done: 1.3302
Gamma=1.0e-03 and Lambda=1.0e-10
features generated: 0.0078
data transformed: 3.8815
training done: 1.4407
testing done: 1.3257
Gamma=1.0e-03 and Lambda=1.0e-09
features generated: 0.0080
data transformed: 3.7683
training done: 1.6528
testing done: 1.2830
Gamma=1.0e-03 and Lambda=1.0e-08
features generated: 0.0079
data transformed: 3.8255
training done: 3.2034
testing done: 1.3163
Gamma=1.0e-03 and Lambda=1.0e-07
features generated: 0.0081
data transformed: 3.8110
training done: 7.8361
testing done: 1.3287
Gamma=1.0e-03 and Lambda=1.0e-06
features generated: 0.0080
data transformed: 3.7147
training done: 5.9908
testing done: 1.2952
Gamma=1.0e-03 and Lambda=1.0e-05
features generated: 0.0078
data transformed: 3.7868
training done: 3.0829
testing done: 1.3065
Gamma=1.0e-03 and Lambda=1.0e-04
features generated: 0.0081
data transformed: 3.7327
training done: 1.5479
testing done: 1.2043
Gamma=1.0e-03 and Lambda=1.0e-03
features generated: 0.0077
data transformed: 3.5484
training done: 0.9438
testing done: 1.2171
Best Gamma = 1.0e-03
Best Lambda = 1.0e-05
Classification Accuracy = 0.8482
Gamma    Lambda    score
1.0e-03  1.0e-12    0.8811
1.0e-03  1.0e-11    0.8362
1.0e-03  1.0e-10    0.8907
1.0e-03  1.0e-09    0.8754
1.0e-03  1.0e-08    0.8912
1.0e-03  1.0e-07    0.8964
1.0e-03  1.0e-06    0.8892
1.0e-03  1.0e-05    0.9002
1.0e-03  1.0e-04    0.8945
1.0e-03  1.0e-03    0.8482
