data read in complete: 21.8942
Gamma=1.0e-03 and Lambda=1.0e-12
features generated: 0.0153
data transformed: 7.5355
training done: 5.0875
testing done: 3.0588
Gamma=1.0e-03 and Lambda=1.0e-11
features generated: 0.0225
data transformed: 11.5085
training done: 5.9881
testing done: 2.9926
Gamma=1.0e-03 and Lambda=1.0e-10
features generated: 0.0259
data transformed: 10.4925
training done: 6.9860
testing done: 2.8358
Gamma=1.0e-03 and Lambda=1.0e-09
features generated: 0.0238
data transformed: 10.9950
training done: 6.5048
testing done: 2.7248
Gamma=1.0e-03 and Lambda=1.0e-08
features generated: 0.0215
data transformed: 10.3823
training done: 29.7578
testing done: 2.9253
Gamma=1.0e-03 and Lambda=1.0e-07
features generated: 0.0212
data transformed: 10.4203
training done: 39.6190
testing done: 2.6224
Gamma=1.0e-03 and Lambda=1.0e-06
features generated: 0.0197
data transformed: 10.2999
training done: 20.3960
testing done: 2.7299
Gamma=1.0e-03 and Lambda=1.0e-05
features generated: 0.0196
data transformed: 10.0545
training done: 10.2902
testing done: 2.6123
Gamma=1.0e-03 and Lambda=1.0e-04
features generated: 0.0215
data transformed: 10.4852
training done: 5.2377
testing done: 2.8933
Gamma=1.0e-03 and Lambda=1.0e-03
features generated: 0.0271
data transformed: 10.2977
training done: 4.2283
testing done: 2.8404
Best Gamma = 1.0e-03
Best Lambda = 1.0e-05
Classification Accuracy = 0.8506
Gamma    Lambda    score
1.0e-03  1.0e-12    0.9054
1.0e-03  1.0e-11    0.8683
1.0e-03  1.0e-10    0.8849
1.0e-03  1.0e-09    0.8634
1.0e-03  1.0e-08    0.9044
1.0e-03  1.0e-07    0.8983
1.0e-03  1.0e-06    0.9121
1.0e-03  1.0e-05    0.9190
1.0e-03  1.0e-04    0.9041
1.0e-03  1.0e-03    0.8506
