data read in complete: 0.3965
Gamma=1.0e-03 and Lambda=1.0e-12
features generated: 0.0015
data transformed: 0.0075
training done: 0.0166
testing done: 0.0029
Gamma=1.0e-03 and Lambda=1.0e-11
features generated: 0.0013
data transformed: 0.0075
training done: 0.0123
testing done: 0.0028
Gamma=1.0e-03 and Lambda=1.0e-10
features generated: 0.0013
data transformed: 0.0074
training done: 0.0115
testing done: 0.0028
Gamma=1.0e-03 and Lambda=1.0e-09
features generated: 0.0013
data transformed: 0.0075
training done: 0.0126
testing done: 0.0028
Gamma=1.0e-03 and Lambda=1.0e-08
features generated: 0.0013
data transformed: 0.0074
training done: 0.0117
testing done: 0.0028
Gamma=1.0e-03 and Lambda=1.0e-07
features generated: 0.0013
data transformed: 0.0074
training done: 0.0121
testing done: 0.0028
Gamma=1.0e-03 and Lambda=1.0e-06
features generated: 0.0013
data transformed: 0.0074
training done: 0.0130
testing done: 0.0028
Gamma=1.0e-03 and Lambda=1.0e-05
features generated: 0.0013
data transformed: 0.0074
training done: 0.0160
testing done: 0.0028
Gamma=1.0e-03 and Lambda=1.0e-04
features generated: 0.0013
data transformed: 0.0073
training done: 0.0189
testing done: 0.0028
Gamma=1.0e-03 and Lambda=1.0e-03
features generated: 0.0013
data transformed: 0.0074
training done: 0.0155
testing done: 0.0028
Best Gamma = 1.0e-03
Best Lambda = 1.0e-06
Classification Accuracy = 0.5855855855855856
Gamma    Lambda    score
1.0e-03  1.0e-12    0.3664
1.0e-03  1.0e-11    0.5255
1.0e-03  1.0e-10    0.5315
1.0e-03  1.0e-09    0.4024
1.0e-03  1.0e-08    0.4474
1.0e-03  1.0e-07    0.3814
1.0e-03  1.0e-06    0.6096
1.0e-03  1.0e-05    0.5556
1.0e-03  1.0e-04    0.5075
1.0e-03  1.0e-03    0.5856
