data read in complete: 13.8051
Gamma=1.0e-03 and Lambda=1.0e-12
features generated: 0.0086
data transformed: 4.4173
training done: 1.8605
testing done: 1.5222
Gamma=1.0e-03 and Lambda=1.0e-11
features generated: 0.0085
data transformed: 4.3401
training done: 2.0657
testing done: 1.3506
Gamma=1.0e-03 and Lambda=1.0e-10
features generated: 0.0087
data transformed: 4.3247
training done: 1.7448
testing done: 1.3260
Gamma=1.0e-03 and Lambda=1.0e-09
features generated: 0.0084
data transformed: 4.4158
training done: 2.1873
testing done: 1.3188
Gamma=1.0e-03 and Lambda=1.0e-08
features generated: 0.0085
data transformed: 4.3532
training done: 4.5366
testing done: 1.3505
Gamma=1.0e-03 and Lambda=1.0e-07
features generated: 0.0085
data transformed: 4.2371
training done: 9.9899
testing done: 1.4805
Gamma=1.0e-03 and Lambda=1.0e-06
features generated: 0.0085
data transformed: 4.4554
training done: 7.1337
testing done: 1.3469
Gamma=1.0e-03 and Lambda=1.0e-05
features generated: 0.0085
data transformed: 4.3445
training done: 3.8293
testing done: 1.3183
Gamma=1.0e-03 and Lambda=1.0e-04
features generated: 0.0084
data transformed: 4.3119
training done: 1.7435
testing done: 1.2897
Gamma=1.0e-03 and Lambda=1.0e-03
features generated: 0.0083
data transformed: 4.1499
training done: 1.1027
testing done: 1.2310
Best Gamma = 1.0e-03
Best Lambda = 1.0e-05
Classification Accuracy = 0.8492
Gamma    Lambda    score
1.0e-03  1.0e-12    0.8843
1.0e-03  1.0e-11    0.8861
1.0e-03  1.0e-10    0.8903
1.0e-03  1.0e-09    0.8788
1.0e-03  1.0e-08    0.9004
1.0e-03  1.0e-07    0.8954
1.0e-03  1.0e-06    0.9028
1.0e-03  1.0e-05    0.9111
1.0e-03  1.0e-04    0.9001
1.0e-03  1.0e-03    0.8492
