data read in complete: 2.1500
Gamma=1.0e-03 and Lambda=1.0e-12
features generated: 0.0034
data transformed: 0.0972
training done: 0.0963
testing done: 0.0301
Gamma=1.0e-03 and Lambda=1.0e-11
features generated: 0.0032
data transformed: 0.0966
training done: 0.0862
testing done: 0.0294
Gamma=1.0e-03 and Lambda=1.0e-10
features generated: 0.0032
data transformed: 0.0869
training done: 0.0810
testing done: 0.0292
Gamma=1.0e-03 and Lambda=1.0e-09
features generated: 0.0032
data transformed: 0.0880
training done: 0.0808
testing done: 0.0289
Gamma=1.0e-03 and Lambda=1.0e-08
features generated: 0.0031
data transformed: 0.0859
training done: 0.0854
testing done: 0.0290
Gamma=1.0e-03 and Lambda=1.0e-07
features generated: 0.0031
data transformed: 0.0872
training done: 0.1175
testing done: 0.0283
Gamma=1.0e-03 and Lambda=1.0e-06
features generated: 0.0031
data transformed: 0.0856
training done: 0.1955
testing done: 0.0287
Gamma=1.0e-03 and Lambda=1.0e-05
features generated: 0.0032
data transformed: 0.0843
training done: 0.1832
testing done: 0.0284
Gamma=1.0e-03 and Lambda=1.0e-04
features generated: 0.0032
data transformed: 0.0846
training done: 0.1236
testing done: 0.0284
Gamma=1.0e-03 and Lambda=1.0e-03
features generated: 0.0032
data transformed: 0.0860
training done: 0.0870
testing done: 0.0293
Best Gamma = 1.0e-03
Best Lambda = 1.0e-04
Classification Accuracy = 0.7555
Gamma    Lambda    score
1.0e-03  1.0e-12    0.6535
1.0e-03  1.0e-11    0.7445
1.0e-03  1.0e-10    0.7365
1.0e-03  1.0e-09    0.7345
1.0e-03  1.0e-08    0.7005
1.0e-03  1.0e-07    0.7110
1.0e-03  1.0e-06    0.7645
1.0e-03  1.0e-05    0.7650
1.0e-03  1.0e-04    0.7825
1.0e-03  1.0e-03    0.7555
