data read in complete: 21.2403
Gamma=1.0e-03 and Lambda=1.0e-12
features generated: 0.0020
data transformed: 0.4600
training done: 0.4474
testing done: 0.0712
Gamma=1.0e-03 and Lambda=1.0e-11
features generated: 0.0007
data transformed: 0.3623
training done: 0.4918
testing done: 0.0725
Gamma=1.0e-03 and Lambda=1.0e-10
features generated: 0.0007
data transformed: 0.3513
training done: 0.4806
testing done: 0.0717
Gamma=1.0e-03 and Lambda=1.0e-09
features generated: 0.0006
data transformed: 0.3424
training done: 1.2435
testing done: 0.0714
Gamma=1.0e-03 and Lambda=1.0e-08
features generated: 0.0007
data transformed: 0.3899
training done: 7.5181
testing done: 0.0725
Gamma=1.0e-03 and Lambda=1.0e-07
features generated: 0.0006
data transformed: 0.3494
training done: 10.0106
testing done: 0.0847
Gamma=1.0e-03 and Lambda=1.0e-06
features generated: 0.0009
data transformed: 0.4586
training done: 7.5982
testing done: 0.0965
Gamma=1.0e-03 and Lambda=1.0e-05
features generated: 0.0009
data transformed: 0.4798
training done: 3.3101
testing done: 0.0892
Gamma=1.0e-03 and Lambda=1.0e-04
features generated: 0.0009
data transformed: 0.4619
training done: 1.3794
testing done: 0.0908
Gamma=1.0e-03 and Lambda=1.0e-03
features generated: 0.0009
data transformed: 0.4574
training done: 0.6311
testing done: 0.0868
Best Gamma = 1.0e-03
Best Lambda = 1.0e-05
Classification Accuracy = 0.4496
Gamma    Lambda    score
1.0e-03  1.0e-12    0.2978
1.0e-03  1.0e-11    0.4062
1.0e-03  1.0e-10    0.3647
1.0e-03  1.0e-09    0.3452
1.0e-03  1.0e-08    0.3476
1.0e-03  1.0e-07    0.4302
1.0e-03  1.0e-06    0.4319
1.0e-03  1.0e-05    0.4729
1.0e-03  1.0e-04    0.4488
1.0e-03  1.0e-03    0.4496
