data read in complete: 11.1138
Gamma=1.0e-03 and Lambda=1.0e-12
features generated: 0.0074
data transformed: 3.4436
training done: 1.3482
testing done: 1.3752
Gamma=1.0e-03 and Lambda=1.0e-11
features generated: 0.0073
data transformed: 3.4180
training done: 1.2652
testing done: 1.3188
Gamma=1.0e-03 and Lambda=1.0e-10
features generated: 0.0074
data transformed: 3.3745
training done: 1.4744
testing done: 1.3024
Gamma=1.0e-03 and Lambda=1.0e-09
features generated: 0.0074
data transformed: 3.4142
training done: 1.5094
testing done: 1.3251
Gamma=1.0e-03 and Lambda=1.0e-08
features generated: 0.0074
data transformed: 3.3944
training done: 2.1856
testing done: 1.2979
Gamma=1.0e-03 and Lambda=1.0e-07
features generated: 0.0074
data transformed: 3.3720
training done: 4.8354
testing done: 1.3236
Gamma=1.0e-03 and Lambda=1.0e-06
features generated: 0.0074
data transformed: 3.3654
training done: 4.8889
testing done: 1.2965
Gamma=1.0e-03 and Lambda=1.0e-05
features generated: 0.0073
data transformed: 3.4055
training done: 2.6920
testing done: 1.2994
Gamma=1.0e-03 and Lambda=1.0e-04
features generated: 0.0075
data transformed: 3.3727
training done: 1.3139
testing done: 1.2482
Gamma=1.0e-03 and Lambda=1.0e-03
features generated: 0.0070
data transformed: 3.2107
training done: 0.7545
testing done: 1.1847
Best Gamma = 1.0e-03
Best Lambda = 1.0e-05
Classification Accuracy = 0.8426
Gamma    Lambda    score
1.0e-03  1.0e-12    0.8376
1.0e-03  1.0e-11    0.8896
1.0e-03  1.0e-10    0.8821
1.0e-03  1.0e-09    0.8566
1.0e-03  1.0e-08    0.8453
1.0e-03  1.0e-07    0.8645
1.0e-03  1.0e-06    0.8857
1.0e-03  1.0e-05    0.8927
1.0e-03  1.0e-04    0.8906
1.0e-03  1.0e-03    0.8426
