data read in complete: 4.0633
Gamma=1.0e-03 and Lambda=1.0e-12
features generated: 0.0007
data transformed: 0.0580
training done: 0.0757
testing done: 0.0268
Gamma=1.0e-03 and Lambda=1.0e-11
features generated: 0.0015
data transformed: 0.0570
training done: 0.0872
testing done: 0.0288
Gamma=1.0e-03 and Lambda=1.0e-10
features generated: 0.0006
data transformed: 0.0568
training done: 0.0721
testing done: 0.0248
Gamma=1.0e-03 and Lambda=1.0e-09
features generated: 0.0006
data transformed: 0.0546
training done: 0.0967
testing done: 0.0291
Gamma=1.0e-03 and Lambda=1.0e-08
features generated: 0.0011
data transformed: 0.0564
training done: 0.0833
testing done: 0.0234
Gamma=1.0e-03 and Lambda=1.0e-07
features generated: 0.0007
data transformed: 0.0542
training done: 0.2900
testing done: 0.0330
Gamma=1.0e-03 and Lambda=1.0e-06
features generated: 0.0010
data transformed: 0.0537
training done: 0.4449
testing done: 0.0269
Gamma=1.0e-03 and Lambda=1.0e-05
features generated: 0.0014
data transformed: 0.0569
training done: 0.4262
testing done: 0.0343
Gamma=1.0e-03 and Lambda=1.0e-04
features generated: 0.0010
data transformed: 0.0542
training done: 0.2372
testing done: 0.0284
Gamma=1.0e-03 and Lambda=1.0e-03
features generated: 0.0008
data transformed: 0.0576
training done: 0.1175
testing done: 0.0250
Best Gamma = 1.0e-03
Best Lambda = 1.0e-03
Classification Accuracy = 0.41494149414941495
Gamma    Lambda    score
1.0e-03  1.0e-12    0.3567
1.0e-03  1.0e-11    0.2130
1.0e-03  1.0e-10    0.1734
1.0e-03  1.0e-09    0.3096
1.0e-03  1.0e-08    0.2694
1.0e-03  1.0e-07    0.1737
1.0e-03  1.0e-06    0.3423
1.0e-03  1.0e-05    0.3651
1.0e-03  1.0e-04    0.3870
1.0e-03  1.0e-03    0.4149
