data read in complete: 2.8494
Gamma=1.0e-03 and Lambda=1.0e-12
features generated: 0.0006
data transformed: 0.0298
training done: 0.0395
testing done: 0.0192
Gamma=1.0e-03 and Lambda=1.0e-11
features generated: 0.0005
data transformed: 0.0310
training done: 0.0461
testing done: 0.0179
Gamma=1.0e-03 and Lambda=1.0e-10
features generated: 0.0005
data transformed: 0.0297
training done: 0.0391
testing done: 0.0183
Gamma=1.0e-03 and Lambda=1.0e-09
features generated: 0.0005
data transformed: 0.0299
training done: 0.0386
testing done: 0.0188
Gamma=1.0e-03 and Lambda=1.0e-08
features generated: 0.0006
data transformed: 0.0306
training done: 0.0447
testing done: 0.0129
Gamma=1.0e-03 and Lambda=1.0e-07
features generated: 0.0011
data transformed: 0.0314
training done: 0.1028
testing done: 0.0091
Gamma=1.0e-03 and Lambda=1.0e-06
features generated: 0.0005
data transformed: 0.0309
training done: 0.1897
testing done: 0.0175
Gamma=1.0e-03 and Lambda=1.0e-05
features generated: 0.0005
data transformed: 0.0295
training done: 0.1722
testing done: 0.0172
Gamma=1.0e-03 and Lambda=1.0e-04
features generated: 0.0005
data transformed: 0.0291
training done: 0.1225
testing done: 0.0176
Gamma=1.0e-03 and Lambda=1.0e-03
features generated: 0.0005
data transformed: 0.0289
training done: 0.0748
testing done: 0.0210
Best Gamma = 1.0e-03
Best Lambda = 1.0e-04
Classification Accuracy = 0.2845659163987138
Gamma    Lambda    score
1.0e-03  1.0e-12    0.3092
1.0e-03  1.0e-11    0.2744
1.0e-03  1.0e-10    0.3457
1.0e-03  1.0e-09    0.1736
1.0e-03  1.0e-08    0.3023
1.0e-03  1.0e-07    0.3473
1.0e-03  1.0e-06    0.3419
1.0e-03  1.0e-05    0.3173
1.0e-03  1.0e-04    0.3617
1.0e-03  1.0e-03    0.2846
