data read in complete: 14.9639
Gamma=1.0e-03 and Lambda=1.0e-12
features generated: 0.0094
data transformed: 4.9529
training done: 2.4013
testing done: 1.4833
Gamma=1.0e-03 and Lambda=1.0e-11
features generated: 0.0090
data transformed: 4.9525
training done: 2.2326
testing done: 1.3685
Gamma=1.0e-03 and Lambda=1.0e-10
features generated: 0.0090
data transformed: 4.9473
training done: 2.6539
testing done: 1.4325
Gamma=1.0e-03 and Lambda=1.0e-09
features generated: 0.0090
data transformed: 5.0601
training done: 2.8934
testing done: 1.3704
Gamma=1.0e-03 and Lambda=1.0e-08
features generated: 0.0090
data transformed: 4.9488
training done: 8.4063
testing done: 1.5542
Gamma=1.0e-03 and Lambda=1.0e-07
features generated: 0.0088
data transformed: 4.9537
training done: 12.4248
testing done: 1.5660
Gamma=1.0e-03 and Lambda=1.0e-06
features generated: 0.0092
data transformed: 5.0130
training done: 8.4941
testing done: 1.3623
Gamma=1.0e-03 and Lambda=1.0e-05
features generated: 0.0090
data transformed: 4.9348
training done: 4.1137
testing done: 1.3961
Gamma=1.0e-03 and Lambda=1.0e-04
features generated: 0.0090
data transformed: 4.8425
training done: 1.9580
testing done: 1.3039
Gamma=1.0e-03 and Lambda=1.0e-03
features generated: 0.0087
data transformed: 4.6970
training done: 1.3014
testing done: 1.2925
Best Gamma = 1.0e-03
Best Lambda = 1.0e-05
Classification Accuracy = 0.8515
Gamma    Lambda    score
1.0e-03  1.0e-12    0.8663
1.0e-03  1.0e-11    0.9020
1.0e-03  1.0e-10    0.8891
1.0e-03  1.0e-09    0.8829
1.0e-03  1.0e-08    0.8893
1.0e-03  1.0e-07    0.9060
1.0e-03  1.0e-06    0.8984
1.0e-03  1.0e-05    0.9065
1.0e-03  1.0e-04    0.8942
1.0e-03  1.0e-03    0.8515
