data read in complete: 16.3979
Gamma=1.0e-03 and Lambda=1.0e-12
features generated: 0.0093
data transformed: 5.5529
training done: 2.8773
testing done: 1.5897
Gamma=1.0e-03 and Lambda=1.0e-11
features generated: 0.0095
data transformed: 5.6294
training done: 2.4816
testing done: 1.3907
Gamma=1.0e-03 and Lambda=1.0e-10
features generated: 0.0095
data transformed: 5.5622
training done: 2.7398
testing done: 1.4098
Gamma=1.0e-03 and Lambda=1.0e-09
features generated: 0.0093
data transformed: 5.5373
training done: 3.4429
testing done: 1.3900
Gamma=1.0e-03 and Lambda=1.0e-08
features generated: 0.0094
data transformed: 5.5476
training done: 9.9031
testing done: 1.5931
Gamma=1.0e-03 and Lambda=1.0e-07
features generated: 0.0097
data transformed: 5.5634
training done: 14.0789
testing done: 1.6165
Gamma=1.0e-03 and Lambda=1.0e-06
features generated: 0.0094
data transformed: 5.6518
training done: 9.2062
testing done: 1.4333
Gamma=1.0e-03 and Lambda=1.0e-05
features generated: 0.0100
data transformed: 5.7225
training done: 4.6087
testing done: 1.3811
Gamma=1.0e-03 and Lambda=1.0e-04
features generated: 0.0093
data transformed: 5.3741
training done: 2.2115
testing done: 1.3356
Gamma=1.0e-03 and Lambda=1.0e-03
features generated: 0.0091
data transformed: 5.3137
training done: 1.6138
testing done: 1.3582
Best Gamma = 1.0e-03
Best Lambda = 1.0e-05
Classification Accuracy = 0.8528
Gamma    Lambda    score
1.0e-03  1.0e-12    0.9064
1.0e-03  1.0e-11    0.8873
1.0e-03  1.0e-10    0.8953
1.0e-03  1.0e-09    0.8496
1.0e-03  1.0e-08    0.8782
1.0e-03  1.0e-07    0.8952
1.0e-03  1.0e-06    0.9072
1.0e-03  1.0e-05    0.9124
1.0e-03  1.0e-04    0.8950
1.0e-03  1.0e-03    0.8528
