data read in complete: 7.4625
Gamma=1.0e-03 and Lambda=1.0e-12
features generated: 0.0060
data transformed: 2.2901
training done: 0.7617
testing done: 1.1344
Gamma=1.0e-03 and Lambda=1.0e-11
features generated: 0.0060
data transformed: 2.2801
training done: 0.7747
testing done: 0.9576
Gamma=1.0e-03 and Lambda=1.0e-10
features generated: 0.0060
data transformed: 2.2448
training done: 0.7743
testing done: 0.9846
Gamma=1.0e-03 and Lambda=1.0e-09
features generated: 0.0060
data transformed: 2.2501
training done: 0.9268
testing done: 0.9780
Gamma=1.0e-03 and Lambda=1.0e-08
features generated: 0.0061
data transformed: 2.2398
training done: 0.9651
testing done: 0.9672
Gamma=1.0e-03 and Lambda=1.0e-07
features generated: 0.0062
data transformed: 2.2032
training done: 3.2104
testing done: 0.9510
Gamma=1.0e-03 and Lambda=1.0e-06
features generated: 0.0061
data transformed: 2.2453
training done: 2.5762
testing done: 0.9704
Gamma=1.0e-03 and Lambda=1.0e-05
features generated: 0.0060
data transformed: 2.2726
training done: 1.9547
testing done: 0.9705
Gamma=1.0e-03 and Lambda=1.0e-04
features generated: 0.0060
data transformed: 2.2207
training done: 0.8713
testing done: 0.9405
Gamma=1.0e-03 and Lambda=1.0e-03
features generated: 0.0059
data transformed: 2.1702
training done: 0.4931
testing done: 0.9183
Best Gamma = 1.0e-03
Best Lambda = 1.0e-05
Classification Accuracy = 0.7987142857142857
Gamma    Lambda    score
1.0e-03  1.0e-12    0.8309
1.0e-03  1.0e-11    0.8381
1.0e-03  1.0e-10    0.8461
1.0e-03  1.0e-09    0.8224
1.0e-03  1.0e-08    0.8327
1.0e-03  1.0e-07    0.8249
1.0e-03  1.0e-06    0.8277
1.0e-03  1.0e-05    0.8653
1.0e-03  1.0e-04    0.8609
1.0e-03  1.0e-03    0.7987
