data read in complete: 9.3181
Gamma=1.0e-03 and Lambda=1.0e-12
features generated: 0.0069
data transformed: 2.9252
training done: 1.0896
testing done: 1.4047
Gamma=1.0e-03 and Lambda=1.0e-11
features generated: 0.0068
data transformed: 2.8907
training done: 1.0598
testing done: 1.1863
Gamma=1.0e-03 and Lambda=1.0e-10
features generated: 0.0069
data transformed: 2.8592
training done: 1.2713
testing done: 1.2274
Gamma=1.0e-03 and Lambda=1.0e-09
features generated: 0.0069
data transformed: 2.8656
training done: 1.1365
testing done: 1.1871
Gamma=1.0e-03 and Lambda=1.0e-08
features generated: 0.0069
data transformed: 2.8966
training done: 1.9225
testing done: 1.1695
Gamma=1.0e-03 and Lambda=1.0e-07
features generated: 0.0067
data transformed: 2.8535
training done: 4.7131
testing done: 1.1805
Gamma=1.0e-03 and Lambda=1.0e-06
features generated: 0.0067
data transformed: 2.8707
training done: 4.3918
testing done: 1.1740
Gamma=1.0e-03 and Lambda=1.0e-05
features generated: 0.0068
data transformed: 2.8708
training done: 2.4928
testing done: 1.1833
Gamma=1.0e-03 and Lambda=1.0e-04
features generated: 0.0068
data transformed: 2.8642
training done: 1.0772
testing done: 1.1106
Gamma=1.0e-03 and Lambda=1.0e-03
features generated: 0.0065
data transformed: 2.7594
training done: 0.6103
testing done: 1.1289
Best Gamma = 1.0e-03
Best Lambda = 1.0e-05
Classification Accuracy = 0.8392568659127625
Gamma    Lambda    score
1.0e-03  1.0e-12    0.7990
1.0e-03  1.0e-11    0.8511
1.0e-03  1.0e-10    0.8566
1.0e-03  1.0e-09    0.8643
1.0e-03  1.0e-08    0.8546
1.0e-03  1.0e-07    0.8709
1.0e-03  1.0e-06    0.8850
1.0e-03  1.0e-05    0.8915
1.0e-03  1.0e-04    0.8810
1.0e-03  1.0e-03    0.8393
